/home/pradyumna/Documents/sem7/HLS/project/OMP_HLS/solution1/.autopilot/db/src_omp.pp.0.cpp:8936:7: warning: Added loop label VITIS_LOOP_1213_1:   [xilinx-label-all-loops]
      for (i = 0; i < __N - 1; ++i) {
      ^~~
      VITIS_LOOP_1213_1: 
/home/pradyumna/Documents/sem7/HLS/project/OMP_HLS/solution1/.autopilot/db/src_omp.pp.0.cpp:8936:7: note: FIX-IT applied suggested code changes
/home/pradyumna/Documents/sem7/HLS/project/OMP_HLS/solution1/.autopilot/db/src_omp.pp.0.cpp:9910:5: warning: Added loop label VITIS_LOOP_676_1:   [xilinx-label-all-loops]
    for (unsigned i = low; i != high; ++i) {
    ^~~
    VITIS_LOOP_676_1: 
/home/pradyumna/Documents/sem7/HLS/project/OMP_HLS/solution1/.autopilot/db/src_omp.pp.0.cpp:9910:5: note: FIX-IT applied suggested code changes
/home/pradyumna/Documents/sem7/HLS/project/OMP_HLS/solution1/.autopilot/db/src_omp.pp.0.cpp:9924:5: warning: Added loop label VITIS_LOOP_690_1:   [xilinx-label-all-loops]
    for (unsigned i = low; i != high; ++i) {
    ^~~
    VITIS_LOOP_690_1: 
/home/pradyumna/Documents/sem7/HLS/project/OMP_HLS/solution1/.autopilot/db/src_omp.pp.0.cpp:9924:5: note: FIX-IT applied suggested code changes
/home/pradyumna/Documents/sem7/HLS/project/OMP_HLS/solution1/.autopilot/db/src_omp.pp.0.cpp:9938:5: warning: Added loop label VITIS_LOOP_704_1:   [xilinx-label-all-loops]
    for (unsigned i = low; i != high; ++i) {
    ^~~
    VITIS_LOOP_704_1: 
/home/pradyumna/Documents/sem7/HLS/project/OMP_HLS/solution1/.autopilot/db/src_omp.pp.0.cpp:9938:5: note: FIX-IT applied suggested code changes
/home/pradyumna/Documents/sem7/HLS/project/OMP_HLS/solution1/.autopilot/db/src_omp.pp.0.cpp:11537:7: warning: Added loop label VITIS_LOOP_1247_1:   [xilinx-label-all-loops]
      for (i = 0; i < __N - 1; ++i) {
      ^~~
      VITIS_LOOP_1247_1: 
/home/pradyumna/Documents/sem7/HLS/project/OMP_HLS/solution1/.autopilot/db/src_omp.pp.0.cpp:11537:7: note: FIX-IT applied suggested code changes
/home/pradyumna/Documents/sem7/HLS/project/OMP_HLS/solution1/.autopilot/db/src_omp.pp.0.cpp:15673:72: error: Invalid Directive: for current device, ROM_1P + LUTRAM is invalid combination for BIND_STORAGE's option 'type + impl' [clang-diagnostic-error]
#pragma HLS BIND_STORAGE variable=fourth_order_double::sin_cos_K0 type=ROM_1P impl=LUTRAM
                                                                       ^
/home/pradyumna/Documents/sem7/HLS/project/OMP_HLS/solution1/.autopilot/db/src_omp.pp.0.cpp:15674:72: error: Invalid Directive: for current device, ROM_1P + LUTRAM is invalid combination for BIND_STORAGE's option 'type + impl' [clang-diagnostic-error]
#pragma HLS BIND_STORAGE variable=fourth_order_double::sin_cos_K1 type=ROM_1P impl=LUTRAM
                                                                       ^
/home/pradyumna/Documents/sem7/HLS/project/OMP_HLS/solution1/.autopilot/db/src_omp.pp.0.cpp:15675:72: error: Invalid Directive: for current device, ROM_1P + LUTRAM is invalid combination for BIND_STORAGE's option 'type + impl' [clang-diagnostic-error]
#pragma HLS BIND_STORAGE variable=fourth_order_double::sin_cos_K2 type=ROM_1P impl=LUTRAM
                                                                       ^
/home/pradyumna/Documents/sem7/HLS/project/OMP_HLS/solution1/.autopilot/db/src_omp.pp.0.cpp:15676:72: error: Invalid Directive: for current device, ROM_1P + LUTRAM is invalid combination for BIND_STORAGE's option 'type + impl' [clang-diagnostic-error]
#pragma HLS BIND_STORAGE variable=fourth_order_double::sin_cos_K3 type=ROM_1P impl=LUTRAM
                                                                       ^
/home/pradyumna/Documents/sem7/HLS/project/OMP_HLS/solution1/.autopilot/db/src_omp.pp.0.cpp:15677:72: error: Invalid Directive: for current device, ROM_1P + LUTRAM is invalid combination for BIND_STORAGE's option 'type + impl' [clang-diagnostic-error]
#pragma HLS BIND_STORAGE variable=fourth_order_double::sin_cos_K4 type=ROM_1P impl=LUTRAM
                                                                       ^
/home/pradyumna/Documents/sem7/HLS/project/OMP_HLS/solution1/.autopilot/db/src_omp.pp.0.cpp:15707:68: error: Invalid Directive: for current device, ROM_1P + LUTRAM is invalid combination for BIND_STORAGE's option 'type + impl' [clang-diagnostic-error]
#pragma HLS BIND_STORAGE variable=fourth_order_double::cos_K0 type=ROM_1P impl=LUTRAM
                                                                   ^
/home/pradyumna/Documents/sem7/HLS/project/OMP_HLS/solution1/.autopilot/db/src_omp.pp.0.cpp:15708:68: error: Invalid Directive: for current device, ROM_1P + LUTRAM is invalid combination for BIND_STORAGE's option 'type + impl' [clang-diagnostic-error]
#pragma HLS BIND_STORAGE variable=fourth_order_double::cos_K1 type=ROM_1P impl=LUTRAM
                                                                   ^
/home/pradyumna/Documents/sem7/HLS/project/OMP_HLS/solution1/.autopilot/db/src_omp.pp.0.cpp:15709:68: error: Invalid Directive: for current device, ROM_1P + LUTRAM is invalid combination for BIND_STORAGE's option 'type + impl' [clang-diagnostic-error]
#pragma HLS BIND_STORAGE variable=fourth_order_double::cos_K2 type=ROM_1P impl=LUTRAM
                                                                   ^
/home/pradyumna/Documents/sem7/HLS/project/OMP_HLS/solution1/.autopilot/db/src_omp.pp.0.cpp:15710:68: error: Invalid Directive: for current device, ROM_1P + LUTRAM is invalid combination for BIND_STORAGE's option 'type + impl' [clang-diagnostic-error]
#pragma HLS BIND_STORAGE variable=fourth_order_double::cos_K3 type=ROM_1P impl=LUTRAM
                                                                   ^
/home/pradyumna/Documents/sem7/HLS/project/OMP_HLS/solution1/.autopilot/db/src_omp.pp.0.cpp:15711:68: error: Invalid Directive: for current device, ROM_1P + LUTRAM is invalid combination for BIND_STORAGE's option 'type + impl' [clang-diagnostic-error]
#pragma HLS BIND_STORAGE variable=fourth_order_double::cos_K4 type=ROM_1P impl=LUTRAM
                                                                   ^
/home/pradyumna/Documents/sem7/HLS/project/OMP_HLS/solution1/.autopilot/db/src_omp.pp.0.cpp:15712:68: error: Invalid Directive: for current device, ROM_1P + LUTRAM is invalid combination for BIND_STORAGE's option 'type + impl' [clang-diagnostic-error]
#pragma HLS BIND_STORAGE variable=fourth_order_double::sin_K0 type=ROM_1P impl=LUTRAM
                                                                   ^
/home/pradyumna/Documents/sem7/HLS/project/OMP_HLS/solution1/.autopilot/db/src_omp.pp.0.cpp:15713:68: error: Invalid Directive: for current device, ROM_1P + LUTRAM is invalid combination for BIND_STORAGE's option 'type + impl' [clang-diagnostic-error]
#pragma HLS BIND_STORAGE variable=fourth_order_double::sin_K1 type=ROM_1P impl=LUTRAM
                                                                   ^
/home/pradyumna/Documents/sem7/HLS/project/OMP_HLS/solution1/.autopilot/db/src_omp.pp.0.cpp:15714:68: error: Invalid Directive: for current device, ROM_1P + LUTRAM is invalid combination for BIND_STORAGE's option 'type + impl' [clang-diagnostic-error]
#pragma HLS BIND_STORAGE variable=fourth_order_double::sin_K2 type=ROM_1P impl=LUTRAM
                                                                   ^
/home/pradyumna/Documents/sem7/HLS/project/OMP_HLS/solution1/.autopilot/db/src_omp.pp.0.cpp:15715:68: error: Invalid Directive: for current device, ROM_1P + LUTRAM is invalid combination for BIND_STORAGE's option 'type + impl' [clang-diagnostic-error]
#pragma HLS BIND_STORAGE variable=fourth_order_double::sin_K3 type=ROM_1P impl=LUTRAM
                                                                   ^
/home/pradyumna/Documents/sem7/HLS/project/OMP_HLS/solution1/.autopilot/db/src_omp.pp.0.cpp:15716:68: error: Invalid Directive: for current device, ROM_1P + LUTRAM is invalid combination for BIND_STORAGE's option 'type + impl' [clang-diagnostic-error]
#pragma HLS BIND_STORAGE variable=fourth_order_double::sin_K4 type=ROM_1P impl=LUTRAM
                                                                   ^
/home/pradyumna/Documents/sem7/HLS/project/OMP_HLS/solution1/.autopilot/db/src_omp.pp.0.cpp:15766:71: error: Invalid Directive: for current device, ROM_1P + LUTRAM is invalid combination for BIND_STORAGE's option 'type + impl' [clang-diagnostic-error]
#pragma HLS BIND_STORAGE variable=second_order_float::sin_cos_K0 type=ROM_1P impl=LUTRAM
                                                                      ^
/home/pradyumna/Documents/sem7/HLS/project/OMP_HLS/solution1/.autopilot/db/src_omp.pp.0.cpp:15767:71: error: Invalid Directive: for current device, ROM_1P + LUTRAM is invalid combination for BIND_STORAGE's option 'type + impl' [clang-diagnostic-error]
#pragma HLS BIND_STORAGE variable=second_order_float::sin_cos_K1 type=ROM_1P impl=LUTRAM
                                                                      ^
/home/pradyumna/Documents/sem7/HLS/project/OMP_HLS/solution1/.autopilot/db/src_omp.pp.0.cpp:15768:71: error: Invalid Directive: for current device, ROM_1P + LUTRAM is invalid combination for BIND_STORAGE's option 'type + impl' [clang-diagnostic-error]
#pragma HLS BIND_STORAGE variable=second_order_float::sin_cos_K2 type=ROM_1P impl=LUTRAM
                                                                      ^
/home/pradyumna/Documents/sem7/HLS/project/OMP_HLS/solution1/.autopilot/db/src_omp.pp.0.cpp:15795:67: error: Invalid Directive: for current device, ROM_1P + LUTRAM is invalid combination for BIND_STORAGE's option 'type + impl' [clang-diagnostic-error]
#pragma HLS BIND_STORAGE variable=second_order_float::cos_K0 type=ROM_1P impl=LUTRAM
                                                                  ^
/home/pradyumna/Documents/sem7/HLS/project/OMP_HLS/solution1/.autopilot/db/src_omp.pp.0.cpp:15796:67: error: Invalid Directive: for current device, ROM_1P + LUTRAM is invalid combination for BIND_STORAGE's option 'type + impl' [clang-diagnostic-error]
#pragma HLS BIND_STORAGE variable=second_order_float::cos_K1 type=ROM_1P impl=LUTRAM
                                                                  ^
/home/pradyumna/Documents/sem7/HLS/project/OMP_HLS/solution1/.autopilot/db/src_omp.pp.0.cpp:15797:67: error: Invalid Directive: for current device, ROM_1P + LUTRAM is invalid combination for BIND_STORAGE's option 'type + impl' [clang-diagnostic-error]
#pragma HLS BIND_STORAGE variable=second_order_float::cos_K2 type=ROM_1P impl=LUTRAM
                                                                  ^
/home/pradyumna/Documents/sem7/HLS/project/OMP_HLS/solution1/.autopilot/db/src_omp.pp.0.cpp:15798:67: error: Invalid Directive: for current device, ROM_1P + LUTRAM is invalid combination for BIND_STORAGE's option 'type + impl' [clang-diagnostic-error]
#pragma HLS BIND_STORAGE variable=second_order_float::sin_K0 type=ROM_1P impl=LUTRAM
                                                                  ^
/home/pradyumna/Documents/sem7/HLS/project/OMP_HLS/solution1/.autopilot/db/src_omp.pp.0.cpp:15799:67: error: Invalid Directive: for current device, ROM_1P + LUTRAM is invalid combination for BIND_STORAGE's option 'type + impl' [clang-diagnostic-error]
#pragma HLS BIND_STORAGE variable=second_order_float::sin_K1 type=ROM_1P impl=LUTRAM
                                                                  ^
/home/pradyumna/Documents/sem7/HLS/project/OMP_HLS/solution1/.autopilot/db/src_omp.pp.0.cpp:15800:67: error: Invalid Directive: for current device, ROM_1P + LUTRAM is invalid combination for BIND_STORAGE's option 'type + impl' [clang-diagnostic-error]
#pragma HLS BIND_STORAGE variable=second_order_float::sin_K2 type=ROM_1P impl=LUTRAM
                                                                  ^
/home/pradyumna/Documents/sem7/HLS/project/OMP_HLS/solution1/.autopilot/db/src_omp.pp.0.cpp:15836:73: error: Invalid Directive: for current device, ROM_1P + LUTRAM is invalid combination for BIND_STORAGE's option 'type + impl' [clang-diagnostic-error]
#pragma HLS BIND_STORAGE variable=first_order_fixed_16::sin_cos_K0 type=ROM_1P impl=LUTRAM
                                                                        ^
/home/pradyumna/Documents/sem7/HLS/project/OMP_HLS/solution1/.autopilot/db/src_omp.pp.0.cpp:15837:73: error: Invalid Directive: for current device, ROM_1P + LUTRAM is invalid combination for BIND_STORAGE's option 'type + impl' [clang-diagnostic-error]
#pragma HLS BIND_STORAGE variable=first_order_fixed_16::sin_cos_K1 type=ROM_1P impl=LUTRAM
                                                                        ^
/home/pradyumna/Documents/sem7/HLS/project/OMP_HLS/solution1/.autopilot/db/src_omp.pp.0.cpp:16111:5: warning: Added loop label VITIS_LOOP_87_1:   [xilinx-label-all-loops]
    for (int n=0; n<Nmax; n++){
    ^~~
    VITIS_LOOP_87_1: 
/home/pradyumna/Documents/sem7/HLS/project/OMP_HLS/solution1/.autopilot/db/src_omp.pp.0.cpp:16111:5: note: FIX-IT applied suggested code changes
/home/pradyumna/Documents/sem7/HLS/project/OMP_HLS/solution1/.autopilot/db/src_omp.pp.0.cpp:16157:5: warning: Added loop label VITIS_LOOP_143_1:   [xilinx-label-all-loops]
    for (int n=0; n<Nmax; n++){
    ^~~
    VITIS_LOOP_143_1: 
/home/pradyumna/Documents/sem7/HLS/project/OMP_HLS/solution1/.autopilot/db/src_omp.pp.0.cpp:16157:5: note: FIX-IT applied suggested code changes
/home/pradyumna/Documents/sem7/HLS/project/OMP_HLS/solution1/.autopilot/db/src_omp.pp.0.cpp:16320:9: warning: Added loop label VITIS_LOOP_315_1:   [xilinx-label-all-loops]
        for(int i=0;i<W-1;i++){
        ^~~
        VITIS_LOOP_315_1: 
/home/pradyumna/Documents/sem7/HLS/project/OMP_HLS/solution1/.autopilot/db/src_omp.pp.0.cpp:16320:9: note: FIX-IT applied suggested code changes
/home/pradyumna/Documents/sem7/HLS/project/OMP_HLS/solution1/.autopilot/db/src_omp.pp.0.cpp:16472:9: warning: Added loop label VITIS_LOOP_475_1:   [xilinx-label-all-loops]
        for(int i=0;i<W-1;i++){
        ^~~
        VITIS_LOOP_475_1: 
/home/pradyumna/Documents/sem7/HLS/project/OMP_HLS/solution1/.autopilot/db/src_omp.pp.0.cpp:16472:9: note: FIX-IT applied suggested code changes
/home/pradyumna/Documents/sem7/HLS/project/OMP_HLS/solution1/.autopilot/db/src_omp.pp.0.cpp:16652:5: warning: Added loop label VITIS_LOOP_655_1:   [xilinx-label-all-loops]
    for(int i=0;i<W+1;i++){
    ^~~
    VITIS_LOOP_655_1: 
/home/pradyumna/Documents/sem7/HLS/project/OMP_HLS/solution1/.autopilot/db/src_omp.pp.0.cpp:16652:5: note: FIX-IT applied suggested code changes
/home/pradyumna/Documents/sem7/HLS/project/OMP_HLS/solution1/.autopilot/db/src_omp.pp.0.cpp:16656:5: warning: Added loop label VITIS_LOOP_659_2:   [xilinx-label-all-loops]
    for(int i=0;i<W+1;i++){
    ^~~
    VITIS_LOOP_659_2: 
/home/pradyumna/Documents/sem7/HLS/project/OMP_HLS/solution1/.autopilot/db/src_omp.pp.0.cpp:16656:5: note: FIX-IT applied suggested code changes
/home/pradyumna/Documents/sem7/HLS/project/OMP_HLS/solution1/.autopilot/db/src_omp.pp.0.cpp:16766:5: warning: Added loop label VITIS_LOOP_769_1:   [xilinx-label-all-loops]
    for (int n=0; n<Nmax; n++){
    ^~~
    VITIS_LOOP_769_1: 
/home/pradyumna/Documents/sem7/HLS/project/OMP_HLS/solution1/.autopilot/db/src_omp.pp.0.cpp:16766:5: note: FIX-IT applied suggested code changes
/home/pradyumna/Documents/sem7/HLS/project/OMP_HLS/solution1/.autopilot/db/src_omp.pp.0.cpp:16856:7: warning: Added loop label VITIS_LOOP_866_1:   [xilinx-label-all-loops]
      for(int i=0;i<W-1;i++){
      ^~~
      VITIS_LOOP_866_1: 
/home/pradyumna/Documents/sem7/HLS/project/OMP_HLS/solution1/.autopilot/db/src_omp.pp.0.cpp:16856:7: note: FIX-IT applied suggested code changes
/home/pradyumna/Documents/sem7/HLS/project/OMP_HLS/solution1/.autopilot/db/src_omp.pp.0.cpp:16875:7: warning: Added loop label VITIS_LOOP_885_2:   [xilinx-label-all-loops]
      for(int i=0;i<W-1;i++){
      ^~~
      VITIS_LOOP_885_2: 
/home/pradyumna/Documents/sem7/HLS/project/OMP_HLS/solution1/.autopilot/db/src_omp.pp.0.cpp:16875:7: note: FIX-IT applied suggested code changes
/home/pradyumna/Documents/sem7/HLS/project/OMP_HLS/solution1/.autopilot/db/src_omp.pp.0.cpp:17165:5: warning: Added loop label VITIS_LOOP_1199_1:   [xilinx-label-all-loops]
    for(int i=0; i<Nmax; i++) {
    ^~~
    VITIS_LOOP_1199_1: 
/home/pradyumna/Documents/sem7/HLS/project/OMP_HLS/solution1/.autopilot/db/src_omp.pp.0.cpp:17165:5: note: FIX-IT applied suggested code changes
/home/pradyumna/Documents/sem7/HLS/project/OMP_HLS/solution1/.autopilot/db/src_omp.pp.0.cpp:17248:5: warning: Added loop label VITIS_LOOP_1282_1:   [xilinx-label-all-loops]
    for(int i=0; i<Nmax; i++) {
    ^~~
    VITIS_LOOP_1282_1: 
/home/pradyumna/Documents/sem7/HLS/project/OMP_HLS/solution1/.autopilot/db/src_omp.pp.0.cpp:17248:5: note: FIX-IT applied suggested code changes
/home/pradyumna/Documents/sem7/HLS/project/OMP_HLS/solution1/.autopilot/db/src_omp.pp.0.cpp:17654:13: warning: Added loop label VITIS_LOOP_94_1:   [xilinx-label-all-loops]
            for (int j = 3; j >= I_+1; j--) {
            ^~~
            VITIS_LOOP_94_1: 
/home/pradyumna/Documents/sem7/HLS/project/OMP_HLS/solution1/.autopilot/db/src_omp.pp.0.cpp:17654:13: note: FIX-IT applied suggested code changes
/home/pradyumna/Documents/sem7/HLS/project/OMP_HLS/solution1/.autopilot/db/src_omp.pp.0.cpp:17660:17: warning: Added loop label VITIS_LOOP_100_2:   [xilinx-label-all-loops]
                for (int j = 3; j >= I_+1; j--){
                ^~~
                VITIS_LOOP_100_2: 
/home/pradyumna/Documents/sem7/HLS/project/OMP_HLS/solution1/.autopilot/db/src_omp.pp.0.cpp:17660:17: note: FIX-IT applied suggested code changes
/home/pradyumna/Documents/sem7/HLS/project/OMP_HLS/solution1/.autopilot/db/src_omp.pp.0.cpp:17664:17: warning: Added loop label VITIS_LOOP_104_3:   [xilinx-label-all-loops]
                for (int j = I_; j >= 0; j--){
                ^~~
                VITIS_LOOP_104_3: 
/home/pradyumna/Documents/sem7/HLS/project/OMP_HLS/solution1/.autopilot/db/src_omp.pp.0.cpp:17664:17: note: FIX-IT applied suggested code changes
/home/pradyumna/Documents/sem7/HLS/project/OMP_HLS/solution1/.autopilot/db/src_omp.pp.0.cpp:17712:13: warning: Added loop label VITIS_LOOP_171_4:   [xilinx-label-all-loops]
            for (int j = 9; j >= I_+4; j--) {
            ^~~
            VITIS_LOOP_171_4: 
/home/pradyumna/Documents/sem7/HLS/project/OMP_HLS/solution1/.autopilot/db/src_omp.pp.0.cpp:17712:13: note: FIX-IT applied suggested code changes
/home/pradyumna/Documents/sem7/HLS/project/OMP_HLS/solution1/.autopilot/db/src_omp.pp.0.cpp:17718:17: warning: Added loop label VITIS_LOOP_177_5:   [xilinx-label-all-loops]
                for (int j = 9; j >= I_+4; j--){
                ^~~
                VITIS_LOOP_177_5: 
/home/pradyumna/Documents/sem7/HLS/project/OMP_HLS/solution1/.autopilot/db/src_omp.pp.0.cpp:17718:17: note: FIX-IT applied suggested code changes
/home/pradyumna/Documents/sem7/HLS/project/OMP_HLS/solution1/.autopilot/db/src_omp.pp.0.cpp:17722:17: warning: Added loop label VITIS_LOOP_181_6:   [xilinx-label-all-loops]
                for (int j = I_+3; j >= 0; j--){
                ^~~
                VITIS_LOOP_181_6: 
/home/pradyumna/Documents/sem7/HLS/project/OMP_HLS/solution1/.autopilot/db/src_omp.pp.0.cpp:17722:17: note: FIX-IT applied suggested code changes
/home/pradyumna/Documents/sem7/HLS/project/OMP_HLS/solution1/.autopilot/db/src_omp.pp.0.cpp:17737:9: warning: Added loop label VITIS_LOOP_196_7:   [xilinx-label-all-loops]
        for (int j = 14; j < 22; j++){
        ^~~
        VITIS_LOOP_196_7: 
/home/pradyumna/Documents/sem7/HLS/project/OMP_HLS/solution1/.autopilot/db/src_omp.pp.0.cpp:17737:9: note: FIX-IT applied suggested code changes
/home/pradyumna/Documents/sem7/HLS/project/OMP_HLS/solution1/.autopilot/db/src_omp.pp.0.cpp:17745:17: warning: Added loop label VITIS_LOOP_204_8:   [xilinx-label-all-loops]
                for (int j = 0; j < 22; j++){
                ^~~
                VITIS_LOOP_204_8: 
/home/pradyumna/Documents/sem7/HLS/project/OMP_HLS/solution1/.autopilot/db/src_omp.pp.0.cpp:17745:17: note: FIX-IT applied suggested code changes
/home/pradyumna/Documents/sem7/HLS/project/OMP_HLS/solution1/.autopilot/db/src_omp.pp.0.cpp:17810:13: warning: Added loop label VITIS_LOOP_269_9:   [xilinx-label-all-loops]
            for (int j = 21; j >= I_+10; j--) {
            ^~~
            VITIS_LOOP_269_9: 
/home/pradyumna/Documents/sem7/HLS/project/OMP_HLS/solution1/.autopilot/db/src_omp.pp.0.cpp:17810:13: note: FIX-IT applied suggested code changes
/home/pradyumna/Documents/sem7/HLS/project/OMP_HLS/solution1/.autopilot/db/src_omp.pp.0.cpp:17816:17: warning: Added loop label VITIS_LOOP_275_10:   [xilinx-label-all-loops]
                for (int j = 21; j >= I_+10; j--) {
                ^~~
                VITIS_LOOP_275_10: 
/home/pradyumna/Documents/sem7/HLS/project/OMP_HLS/solution1/.autopilot/db/src_omp.pp.0.cpp:17816:17: note: FIX-IT applied suggested code changes
/home/pradyumna/Documents/sem7/HLS/project/OMP_HLS/solution1/.autopilot/db/src_omp.pp.0.cpp:17820:17: warning: Added loop label VITIS_LOOP_279_11:   [xilinx-label-all-loops]
                for (int j = I_+9; j >= 0; j--) {
                ^~~
                VITIS_LOOP_279_11: 
/home/pradyumna/Documents/sem7/HLS/project/OMP_HLS/solution1/.autopilot/db/src_omp.pp.0.cpp:17820:17: note: FIX-IT applied suggested code changes
/home/pradyumna/Documents/sem7/HLS/project/OMP_HLS/solution1/.autopilot/db/src_omp.pp.0.cpp:17835:9: warning: Added loop label VITIS_LOOP_294_12:   [xilinx-label-all-loops]
        for (int j = 27; j < 46; j++){
        ^~~
        VITIS_LOOP_294_12: 
/home/pradyumna/Documents/sem7/HLS/project/OMP_HLS/solution1/.autopilot/db/src_omp.pp.0.cpp:17835:9: note: FIX-IT applied suggested code changes
/home/pradyumna/Documents/sem7/HLS/project/OMP_HLS/solution1/.autopilot/db/src_omp.pp.0.cpp:17843:17: warning: Added loop label VITIS_LOOP_302_13:   [xilinx-label-all-loops]
                for (int j = 0; j < 46; j++) {
                ^~~
                VITIS_LOOP_302_13: 
/home/pradyumna/Documents/sem7/HLS/project/OMP_HLS/solution1/.autopilot/db/src_omp.pp.0.cpp:17843:17: note: FIX-IT applied suggested code changes
/home/pradyumna/Documents/sem7/HLS/project/OMP_HLS/solution1/.autopilot/db/src_omp.pp.0.cpp:18072:13: warning: Added loop label VITIS_LOOP_531_14:   [xilinx-label-all-loops]
            for (int j = 45; j >= I_+22; j--) {
            ^~~
            VITIS_LOOP_531_14: 
/home/pradyumna/Documents/sem7/HLS/project/OMP_HLS/solution1/.autopilot/db/src_omp.pp.0.cpp:18072:13: note: FIX-IT applied suggested code changes
/home/pradyumna/Documents/sem7/HLS/project/OMP_HLS/solution1/.autopilot/db/src_omp.pp.0.cpp:18078:17: warning: Added loop label VITIS_LOOP_537_15:   [xilinx-label-all-loops]
                for (int j = 45; j >= I_+22; j--){
                ^~~
                VITIS_LOOP_537_15: 
/home/pradyumna/Documents/sem7/HLS/project/OMP_HLS/solution1/.autopilot/db/src_omp.pp.0.cpp:18078:17: note: FIX-IT applied suggested code changes
/home/pradyumna/Documents/sem7/HLS/project/OMP_HLS/solution1/.autopilot/db/src_omp.pp.0.cpp:18082:17: warning: Added loop label VITIS_LOOP_541_16:   [xilinx-label-all-loops]
                for (int j = I_+21; j >= 0; j--) {
                ^~~
                VITIS_LOOP_541_16: 
/home/pradyumna/Documents/sem7/HLS/project/OMP_HLS/solution1/.autopilot/db/src_omp.pp.0.cpp:18082:17: note: FIX-IT applied suggested code changes
/home/pradyumna/Documents/sem7/HLS/project/OMP_HLS/solution1/.autopilot/db/src_omp.pp.0.cpp:18092:9: warning: Added loop label VITIS_LOOP_551_17:   [xilinx-label-all-loops]
        for (int j = 32-F_; j < 32+I_; j++){
        ^~~
        VITIS_LOOP_551_17: 
/home/pradyumna/Documents/sem7/HLS/project/OMP_HLS/solution1/.autopilot/db/src_omp.pp.0.cpp:18092:9: note: FIX-IT applied suggested code changes
/home/pradyumna/Documents/sem7/HLS/project/OMP_HLS/solution1/.autopilot/db/src_omp.pp.0.cpp:18096:9: warning: Added loop label VITIS_LOOP_555_18:   [xilinx-label-all-loops]
        for (int j = 32+I_; j <= 64; j++){
        ^~~
        VITIS_LOOP_555_18: 
/home/pradyumna/Documents/sem7/HLS/project/OMP_HLS/solution1/.autopilot/db/src_omp.pp.0.cpp:18096:9: note: FIX-IT applied suggested code changes
/home/pradyumna/Documents/sem7/HLS/project/OMP_HLS/solution1/.autopilot/db/src_omp.pp.0.cpp:18106:9: warning: Added loop label VITIS_LOOP_565_19:   [xilinx-label-all-loops]
        for (int j = 37; j < 64; j++) {
        ^~~
        VITIS_LOOP_565_19: 
/home/pradyumna/Documents/sem7/HLS/project/OMP_HLS/solution1/.autopilot/db/src_omp.pp.0.cpp:18106:9: note: FIX-IT applied suggested code changes
/home/pradyumna/Documents/sem7/HLS/project/OMP_HLS/solution1/.autopilot/db/src_omp.pp.0.cpp:18114:17: warning: Added loop label VITIS_LOOP_573_20:   [xilinx-label-all-loops]
                for (int j = 0; j < 64; j++){
                ^~~
                VITIS_LOOP_573_20: 
/home/pradyumna/Documents/sem7/HLS/project/OMP_HLS/solution1/.autopilot/db/src_omp.pp.0.cpp:18114:17: note: FIX-IT applied suggested code changes
/home/pradyumna/Documents/sem7/HLS/project/OMP_HLS/solution1/.autopilot/db/src_omp.pp.0.cpp:18475:13: warning: Added loop label VITIS_LOOP_934_21:   [xilinx-label-all-loops]
            for (int j = 63; j >= I_+31; j--) {
            ^~~
            VITIS_LOOP_934_21: 
/home/pradyumna/Documents/sem7/HLS/project/OMP_HLS/solution1/.autopilot/db/src_omp.pp.0.cpp:18475:13: note: FIX-IT applied suggested code changes
/home/pradyumna/Documents/sem7/HLS/project/OMP_HLS/solution1/.autopilot/db/src_omp.pp.0.cpp:18481:17: warning: Added loop label VITIS_LOOP_940_22:   [xilinx-label-all-loops]
                for (int j = 63; j >= I_+31; j--) {
                ^~~
                VITIS_LOOP_940_22: 
/home/pradyumna/Documents/sem7/HLS/project/OMP_HLS/solution1/.autopilot/db/src_omp.pp.0.cpp:18481:17: note: FIX-IT applied suggested code changes
/home/pradyumna/Documents/sem7/HLS/project/OMP_HLS/solution1/.autopilot/db/src_omp.pp.0.cpp:18485:17: warning: Added loop label VITIS_LOOP_944_23:   [xilinx-label-all-loops]
                for (int j = I_+30; j >= 0; j--) {
                ^~~
                VITIS_LOOP_944_23: 
/home/pradyumna/Documents/sem7/HLS/project/OMP_HLS/solution1/.autopilot/db/src_omp.pp.0.cpp:18485:17: note: FIX-IT applied suggested code changes
/home/pradyumna/Documents/sem7/HLS/project/OMP_HLS/solution1/.autopilot/db/src_omp.pp.0.cpp:18601:13: warning: Added loop label VITIS_LOOP_1060_1:   [xilinx-label-all-loops]
            for (int j = 4; j >= I_+1; j--) {
            ^~~
            VITIS_LOOP_1060_1: 
/home/pradyumna/Documents/sem7/HLS/project/OMP_HLS/solution1/.autopilot/db/src_omp.pp.0.cpp:18601:13: note: FIX-IT applied suggested code changes
/home/pradyumna/Documents/sem7/HLS/project/OMP_HLS/solution1/.autopilot/db/src_omp.pp.0.cpp:18607:17: warning: Added loop label VITIS_LOOP_1066_2:   [xilinx-label-all-loops]
                for (int j = 4; j >= I_+1; j--) {
                ^~~
                VITIS_LOOP_1066_2: 
/home/pradyumna/Documents/sem7/HLS/project/OMP_HLS/solution1/.autopilot/db/src_omp.pp.0.cpp:18607:17: note: FIX-IT applied suggested code changes
/home/pradyumna/Documents/sem7/HLS/project/OMP_HLS/solution1/.autopilot/db/src_omp.pp.0.cpp:18611:17: warning: Added loop label VITIS_LOOP_1070_3:   [xilinx-label-all-loops]
                for (int j = I_; j >= 0; j--) {
                ^~~
                VITIS_LOOP_1070_3: 
/home/pradyumna/Documents/sem7/HLS/project/OMP_HLS/solution1/.autopilot/db/src_omp.pp.0.cpp:18611:17: note: FIX-IT applied suggested code changes
/home/pradyumna/Documents/sem7/HLS/project/OMP_HLS/solution1/.autopilot/db/src_omp.pp.0.cpp:18698:13: warning: Added loop label VITIS_LOOP_1157_4:   [xilinx-label-all-loops]
            for (int j = 10; j >= I_+4; j--) {
            ^~~
            VITIS_LOOP_1157_4: 
/home/pradyumna/Documents/sem7/HLS/project/OMP_HLS/solution1/.autopilot/db/src_omp.pp.0.cpp:18698:13: note: FIX-IT applied suggested code changes
/home/pradyumna/Documents/sem7/HLS/project/OMP_HLS/solution1/.autopilot/db/src_omp.pp.0.cpp:18704:17: warning: Added loop label VITIS_LOOP_1163_5:   [xilinx-label-all-loops]
                for (int j = 10; j >= I_+4; j--) {
                ^~~
                VITIS_LOOP_1163_5: 
/home/pradyumna/Documents/sem7/HLS/project/OMP_HLS/solution1/.autopilot/db/src_omp.pp.0.cpp:18704:17: note: FIX-IT applied suggested code changes
/home/pradyumna/Documents/sem7/HLS/project/OMP_HLS/solution1/.autopilot/db/src_omp.pp.0.cpp:18708:17: warning: Added loop label VITIS_LOOP_1167_6:   [xilinx-label-all-loops]
                for (int j = I_+3; j >= 0; j--) {
                ^~~
                VITIS_LOOP_1167_6: 
/home/pradyumna/Documents/sem7/HLS/project/OMP_HLS/solution1/.autopilot/db/src_omp.pp.0.cpp:18708:17: note: FIX-IT applied suggested code changes
/home/pradyumna/Documents/sem7/HLS/project/OMP_HLS/solution1/.autopilot/db/src_omp.pp.0.cpp:18727:9: warning: Added loop label VITIS_LOOP_1186_7:   [xilinx-label-all-loops]
        for (int j = wf+3; j < w-1; j++) {
        ^~~
        VITIS_LOOP_1186_7: 
/home/pradyumna/Documents/sem7/HLS/project/OMP_HLS/solution1/.autopilot/db/src_omp.pp.0.cpp:18727:9: note: FIX-IT applied suggested code changes
/home/pradyumna/Documents/sem7/HLS/project/OMP_HLS/solution1/.autopilot/db/src_omp.pp.0.cpp:18734:17: warning: Added loop label VITIS_LOOP_1193_8:   [xilinx-label-all-loops]
                for (int j = 0; j < 22; j++) {
                ^~~
                VITIS_LOOP_1193_8: 
/home/pradyumna/Documents/sem7/HLS/project/OMP_HLS/solution1/.autopilot/db/src_omp.pp.0.cpp:18734:17: note: FIX-IT applied suggested code changes
/home/pradyumna/Documents/sem7/HLS/project/OMP_HLS/solution1/.autopilot/db/src_omp.pp.0.cpp:18850:13: warning: Added loop label VITIS_LOOP_1309_9:   [xilinx-label-all-loops]
            for (int j = 22; j >= I_+10; j--) {
            ^~~
            VITIS_LOOP_1309_9: 
/home/pradyumna/Documents/sem7/HLS/project/OMP_HLS/solution1/.autopilot/db/src_omp.pp.0.cpp:18850:13: note: FIX-IT applied suggested code changes
/home/pradyumna/Documents/sem7/HLS/project/OMP_HLS/solution1/.autopilot/db/src_omp.pp.0.cpp:18856:17: warning: Added loop label VITIS_LOOP_1315_10:   [xilinx-label-all-loops]
                for (int j = 22; j >= I_+10; j--){
                ^~~
                VITIS_LOOP_1315_10: 
/home/pradyumna/Documents/sem7/HLS/project/OMP_HLS/solution1/.autopilot/db/src_omp.pp.0.cpp:18856:17: note: FIX-IT applied suggested code changes
/home/pradyumna/Documents/sem7/HLS/project/OMP_HLS/solution1/.autopilot/db/src_omp.pp.0.cpp:18860:17: warning: Added loop label VITIS_LOOP_1319_11:   [xilinx-label-all-loops]
                for (int j = I_+9; j >= 0; j--) {
                ^~~
                VITIS_LOOP_1319_11: 
/home/pradyumna/Documents/sem7/HLS/project/OMP_HLS/solution1/.autopilot/db/src_omp.pp.0.cpp:18860:17: note: FIX-IT applied suggested code changes
/home/pradyumna/Documents/sem7/HLS/project/OMP_HLS/solution1/.autopilot/db/src_omp.pp.0.cpp:18880:9: warning: Added loop label VITIS_LOOP_1339_12:   [xilinx-label-all-loops]
        for (int j = wf+4; j < w-1; j++){
        ^~~
        VITIS_LOOP_1339_12: 
/home/pradyumna/Documents/sem7/HLS/project/OMP_HLS/solution1/.autopilot/db/src_omp.pp.0.cpp:18880:9: note: FIX-IT applied suggested code changes
/home/pradyumna/Documents/sem7/HLS/project/OMP_HLS/solution1/.autopilot/db/src_omp.pp.0.cpp:18887:17: warning: Added loop label VITIS_LOOP_1346_13:   [xilinx-label-all-loops]
                for (int j = 0; j < 46; j++) {
                ^~~
                VITIS_LOOP_1346_13: 
/home/pradyumna/Documents/sem7/HLS/project/OMP_HLS/solution1/.autopilot/db/src_omp.pp.0.cpp:18887:17: note: FIX-IT applied suggested code changes
/home/pradyumna/Documents/sem7/HLS/project/OMP_HLS/solution1/.autopilot/db/src_omp.pp.0.cpp:19149:13: warning: Added loop label VITIS_LOOP_1608_14:   [xilinx-label-all-loops]
            for (int j = 46; j >= I_+22; j--) {
            ^~~
            VITIS_LOOP_1608_14: 
/home/pradyumna/Documents/sem7/HLS/project/OMP_HLS/solution1/.autopilot/db/src_omp.pp.0.cpp:19149:13: note: FIX-IT applied suggested code changes
/home/pradyumna/Documents/sem7/HLS/project/OMP_HLS/solution1/.autopilot/db/src_omp.pp.0.cpp:19155:17: warning: Added loop label VITIS_LOOP_1614_15:   [xilinx-label-all-loops]
                for (int j = 46; j >= I_+22; j--) {
                ^~~
                VITIS_LOOP_1614_15: 
/home/pradyumna/Documents/sem7/HLS/project/OMP_HLS/solution1/.autopilot/db/src_omp.pp.0.cpp:19155:17: note: FIX-IT applied suggested code changes
/home/pradyumna/Documents/sem7/HLS/project/OMP_HLS/solution1/.autopilot/db/src_omp.pp.0.cpp:19159:17: warning: Added loop label VITIS_LOOP_1618_16:   [xilinx-label-all-loops]
                for (int j = I_+21; j >= 0; j--) {
                ^~~
                VITIS_LOOP_1618_16: 
/home/pradyumna/Documents/sem7/HLS/project/OMP_HLS/solution1/.autopilot/db/src_omp.pp.0.cpp:19159:17: note: FIX-IT applied suggested code changes
/home/pradyumna/Documents/sem7/HLS/project/OMP_HLS/solution1/.autopilot/db/src_omp.pp.0.cpp:19183:9: warning: Added loop label VITIS_LOOP_1642_17:   [xilinx-label-all-loops]
        for (int j = wf+5; j < w-1; j++){
        ^~~
        VITIS_LOOP_1642_17: 
/home/pradyumna/Documents/sem7/HLS/project/OMP_HLS/solution1/.autopilot/db/src_omp.pp.0.cpp:19183:9: note: FIX-IT applied suggested code changes
/home/pradyumna/Documents/sem7/HLS/project/OMP_HLS/solution1/.autopilot/db/src_omp.pp.0.cpp:19190:17: warning: Added loop label VITIS_LOOP_1649_18:   [xilinx-label-all-loops]
                for (int j = 0; j < 64; j++) {
                ^~~
                VITIS_LOOP_1649_18: 
/home/pradyumna/Documents/sem7/HLS/project/OMP_HLS/solution1/.autopilot/db/src_omp.pp.0.cpp:19190:17: note: FIX-IT applied suggested code changes
/home/pradyumna/Documents/sem7/HLS/project/OMP_HLS/solution1/.autopilot/db/src_omp.pp.0.cpp:19620:13: warning: Added loop label VITIS_LOOP_2079_19:   [xilinx-label-all-loops]
            for (int j = 64; j >= I_+31; j--) {
            ^~~
            VITIS_LOOP_2079_19: 
/home/pradyumna/Documents/sem7/HLS/project/OMP_HLS/solution1/.autopilot/db/src_omp.pp.0.cpp:19620:13: note: FIX-IT applied suggested code changes
/home/pradyumna/Documents/sem7/HLS/project/OMP_HLS/solution1/.autopilot/db/src_omp.pp.0.cpp:19626:17: warning: Added loop label VITIS_LOOP_2085_20:   [xilinx-label-all-loops]
                for (int j = 64; j >= I_+31; j--) {
                ^~~
                VITIS_LOOP_2085_20: 
/home/pradyumna/Documents/sem7/HLS/project/OMP_HLS/solution1/.autopilot/db/src_omp.pp.0.cpp:19626:17: note: FIX-IT applied suggested code changes
/home/pradyumna/Documents/sem7/HLS/project/OMP_HLS/solution1/.autopilot/db/src_omp.pp.0.cpp:19630:17: warning: Added loop label VITIS_LOOP_2089_21:   [xilinx-label-all-loops]
                for (int j = I_+30; j >= 0; j--) {
                ^~~
                VITIS_LOOP_2089_21: 
/home/pradyumna/Documents/sem7/HLS/project/OMP_HLS/solution1/.autopilot/db/src_omp.pp.0.cpp:19630:17: note: FIX-IT applied suggested code changes
/home/pradyumna/Documents/sem7/HLS/project/OMP_HLS/solution1/.autopilot/db/src_omp.pp.0.cpp:19760:13: warning: Added loop label VITIS_LOOP_2219_1:   [xilinx-label-all-loops]
            for(int j=3; j>=I+1; j--) {
            ^~~
            VITIS_LOOP_2219_1: 
/home/pradyumna/Documents/sem7/HLS/project/OMP_HLS/solution1/.autopilot/db/src_omp.pp.0.cpp:19760:13: note: FIX-IT applied suggested code changes
/home/pradyumna/Documents/sem7/HLS/project/OMP_HLS/solution1/.autopilot/db/src_omp.pp.0.cpp:19767:17: warning: Added loop label VITIS_LOOP_2226_2:   [xilinx-label-all-loops]
                for(int j=3; j>=I+1; j--) {
                ^~~
                VITIS_LOOP_2226_2: 
/home/pradyumna/Documents/sem7/HLS/project/OMP_HLS/solution1/.autopilot/db/src_omp.pp.0.cpp:19767:17: note: FIX-IT applied suggested code changes
/home/pradyumna/Documents/sem7/HLS/project/OMP_HLS/solution1/.autopilot/db/src_omp.pp.0.cpp:19771:17: warning: Added loop label VITIS_LOOP_2230_3:   [xilinx-label-all-loops]
                for(int j=I; j>=0; j--) {
                ^~~
                VITIS_LOOP_2230_3: 
/home/pradyumna/Documents/sem7/HLS/project/OMP_HLS/solution1/.autopilot/db/src_omp.pp.0.cpp:19771:17: note: FIX-IT applied suggested code changes
/home/pradyumna/Documents/sem7/HLS/project/OMP_HLS/solution1/.autopilot/db/src_omp.pp.0.cpp:19818:13: warning: Added loop label VITIS_LOOP_2277_4:   [xilinx-label-all-loops]
            for(int j=7; j>=3+I; j--) {
            ^~~
            VITIS_LOOP_2277_4: 
/home/pradyumna/Documents/sem7/HLS/project/OMP_HLS/solution1/.autopilot/db/src_omp.pp.0.cpp:19818:13: note: FIX-IT applied suggested code changes
/home/pradyumna/Documents/sem7/HLS/project/OMP_HLS/solution1/.autopilot/db/src_omp.pp.0.cpp:19825:17: warning: Added loop label VITIS_LOOP_2284_5:   [xilinx-label-all-loops]
                for(int j=7; j>=3+I; j--) {
                ^~~
                VITIS_LOOP_2284_5: 
/home/pradyumna/Documents/sem7/HLS/project/OMP_HLS/solution1/.autopilot/db/src_omp.pp.0.cpp:19825:17: note: FIX-IT applied suggested code changes
/home/pradyumna/Documents/sem7/HLS/project/OMP_HLS/solution1/.autopilot/db/src_omp.pp.0.cpp:19829:17: warning: Added loop label VITIS_LOOP_2288_6:   [xilinx-label-all-loops]
                for(int j=I+2; j>=0; j--) {
                ^~~
                VITIS_LOOP_2288_6: 
/home/pradyumna/Documents/sem7/HLS/project/OMP_HLS/solution1/.autopilot/db/src_omp.pp.0.cpp:19829:17: note: FIX-IT applied suggested code changes
/home/pradyumna/Documents/sem7/HLS/project/OMP_HLS/solution1/.autopilot/db/src_omp.pp.0.cpp:19847:9: warning: Added loop label VITIS_LOOP_2306_7:   [xilinx-label-all-loops]
        for(int j=11; j<16; j++) {
        ^~~
        VITIS_LOOP_2306_7: 
/home/pradyumna/Documents/sem7/HLS/project/OMP_HLS/solution1/.autopilot/db/src_omp.pp.0.cpp:19847:9: note: FIX-IT applied suggested code changes
/home/pradyumna/Documents/sem7/HLS/project/OMP_HLS/solution1/.autopilot/db/src_omp.pp.0.cpp:19902:13: warning: Added loop label VITIS_LOOP_2361_8:   [xilinx-label-all-loops]
            for(int j=15; j>=7+I; j--) {
            ^~~
            VITIS_LOOP_2361_8: 
/home/pradyumna/Documents/sem7/HLS/project/OMP_HLS/solution1/.autopilot/db/src_omp.pp.0.cpp:19902:13: note: FIX-IT applied suggested code changes
/home/pradyumna/Documents/sem7/HLS/project/OMP_HLS/solution1/.autopilot/db/src_omp.pp.0.cpp:19909:17: warning: Added loop label VITIS_LOOP_2368_9:   [xilinx-label-all-loops]
                for(int j=15; j>=7+I; j--) {
                ^~~
                VITIS_LOOP_2368_9: 
/home/pradyumna/Documents/sem7/HLS/project/OMP_HLS/solution1/.autopilot/db/src_omp.pp.0.cpp:19909:17: note: FIX-IT applied suggested code changes
/home/pradyumna/Documents/sem7/HLS/project/OMP_HLS/solution1/.autopilot/db/src_omp.pp.0.cpp:19913:17: warning: Added loop label VITIS_LOOP_2372_10:   [xilinx-label-all-loops]
                for(int j=6+I; j>=0; j--) {
                ^~~
                VITIS_LOOP_2372_10: 
/home/pradyumna/Documents/sem7/HLS/project/OMP_HLS/solution1/.autopilot/db/src_omp.pp.0.cpp:19913:17: note: FIX-IT applied suggested code changes
/home/pradyumna/Documents/sem7/HLS/project/OMP_HLS/solution1/.autopilot/db/src_omp.pp.0.cpp:19931:9: warning: Added loop label VITIS_LOOP_2390_11:   [xilinx-label-all-loops]
        for(int j=20; j<32; j++) {
        ^~~
        VITIS_LOOP_2390_11: 
/home/pradyumna/Documents/sem7/HLS/project/OMP_HLS/solution1/.autopilot/db/src_omp.pp.0.cpp:19931:9: note: FIX-IT applied suggested code changes
/home/pradyumna/Documents/sem7/HLS/project/OMP_HLS/solution1/.autopilot/db/src_omp.pp.0.cpp:20020:13: warning: Added loop label VITIS_LOOP_2479_12:   [xilinx-label-all-loops]
            for(int j=31; j>=I+15; j--) {
            ^~~
            VITIS_LOOP_2479_12: 
/home/pradyumna/Documents/sem7/HLS/project/OMP_HLS/solution1/.autopilot/db/src_omp.pp.0.cpp:20020:13: note: FIX-IT applied suggested code changes
/home/pradyumna/Documents/sem7/HLS/project/OMP_HLS/solution1/.autopilot/db/src_omp.pp.0.cpp:20027:17: warning: Added loop label VITIS_LOOP_2486_13:   [xilinx-label-all-loops]
                for(int j=31; j>=I+15; j--) {
                ^~~
                VITIS_LOOP_2486_13: 
/home/pradyumna/Documents/sem7/HLS/project/OMP_HLS/solution1/.autopilot/db/src_omp.pp.0.cpp:20027:17: note: FIX-IT applied suggested code changes
/home/pradyumna/Documents/sem7/HLS/project/OMP_HLS/solution1/.autopilot/db/src_omp.pp.0.cpp:20031:17: warning: Added loop label VITIS_LOOP_2490_14:   [xilinx-label-all-loops]
                for(int j=I+14; j>=0; j--) {
                ^~~
                VITIS_LOOP_2490_14: 
/home/pradyumna/Documents/sem7/HLS/project/OMP_HLS/solution1/.autopilot/db/src_omp.pp.0.cpp:20031:17: note: FIX-IT applied suggested code changes
/home/pradyumna/Documents/sem7/HLS/project/OMP_HLS/solution1/.autopilot/db/src_omp.pp.0.cpp:20041:9: warning: Added loop label VITIS_LOOP_2500_15:   [xilinx-label-all-loops]
        for(int j=32-F; j<32+I; j++) {
        ^~~
        VITIS_LOOP_2500_15: 
/home/pradyumna/Documents/sem7/HLS/project/OMP_HLS/solution1/.autopilot/db/src_omp.pp.0.cpp:20041:9: note: FIX-IT applied suggested code changes
/home/pradyumna/Documents/sem7/HLS/project/OMP_HLS/solution1/.autopilot/db/src_omp.pp.0.cpp:20045:9: warning: Added loop label VITIS_LOOP_2504_16:   [xilinx-label-all-loops]
        for(int j=32+I; j<=64; j++) {
        ^~~
        VITIS_LOOP_2504_16: 
/home/pradyumna/Documents/sem7/HLS/project/OMP_HLS/solution1/.autopilot/db/src_omp.pp.0.cpp:20045:9: note: FIX-IT applied suggested code changes
/home/pradyumna/Documents/sem7/HLS/project/OMP_HLS/solution1/.autopilot/db/src_omp.pp.0.cpp:20056:9: warning: Added loop label VITIS_LOOP_2515_17:   [xilinx-label-all-loops]
        for(int j=37; j<64; j++) {
        ^~~
        VITIS_LOOP_2515_17: 
/home/pradyumna/Documents/sem7/HLS/project/OMP_HLS/solution1/.autopilot/db/src_omp.pp.0.cpp:20056:9: note: FIX-IT applied suggested code changes
/home/pradyumna/Documents/sem7/HLS/project/OMP_HLS/solution1/.autopilot/db/src_omp.pp.0.cpp:20064:17: warning: Added loop label VITIS_LOOP_2523_18:   [xilinx-label-all-loops]
                for(int j=0; j<64; j++) {
                ^~~
                VITIS_LOOP_2523_18: 
/home/pradyumna/Documents/sem7/HLS/project/OMP_HLS/solution1/.autopilot/db/src_omp.pp.0.cpp:20064:17: note: FIX-IT applied suggested code changes
/home/pradyumna/Documents/sem7/HLS/project/OMP_HLS/solution1/.autopilot/db/src_omp.pp.0.cpp:20389:13: warning: Added loop label VITIS_LOOP_2848_19:   [xilinx-label-all-loops]
            for(int j=63; j>=I+31; j--) {
            ^~~
            VITIS_LOOP_2848_19: 
/home/pradyumna/Documents/sem7/HLS/project/OMP_HLS/solution1/.autopilot/db/src_omp.pp.0.cpp:20389:13: note: FIX-IT applied suggested code changes
/home/pradyumna/Documents/sem7/HLS/project/OMP_HLS/solution1/.autopilot/db/src_omp.pp.0.cpp:20396:17: warning: Added loop label VITIS_LOOP_2855_20:   [xilinx-label-all-loops]
                for(int j=63; j>=I+31; j--) {
                ^~~
                VITIS_LOOP_2855_20: 
/home/pradyumna/Documents/sem7/HLS/project/OMP_HLS/solution1/.autopilot/db/src_omp.pp.0.cpp:20396:17: note: FIX-IT applied suggested code changes
/home/pradyumna/Documents/sem7/HLS/project/OMP_HLS/solution1/.autopilot/db/src_omp.pp.0.cpp:20400:17: warning: Added loop label VITIS_LOOP_2859_21:   [xilinx-label-all-loops]
                for(int j=I+30; j>=0; j--) {
                ^~~
                VITIS_LOOP_2859_21: 
/home/pradyumna/Documents/sem7/HLS/project/OMP_HLS/solution1/.autopilot/db/src_omp.pp.0.cpp:20400:17: note: FIX-IT applied suggested code changes
/home/pradyumna/Documents/sem7/HLS/project/OMP_HLS/solution1/.autopilot/db/src_omp.pp.0.cpp:20488:4: warning: Added loop label VITIS_LOOP_2947_1:   [xilinx-label-all-loops]
   for(int j = 5; j>=I_+2; j--) {
   ^~~
   VITIS_LOOP_2947_1: 
/home/pradyumna/Documents/sem7/HLS/project/OMP_HLS/solution1/.autopilot/db/src_omp.pp.0.cpp:20488:4: note: FIX-IT applied suggested code changes
/home/pradyumna/Documents/sem7/HLS/project/OMP_HLS/solution1/.autopilot/db/src_omp.pp.0.cpp:20495:5: warning: Added loop label VITIS_LOOP_2954_2:   [xilinx-label-all-loops]
    for(int j = 5; j>=I_+2; j--) {
    ^~~
    VITIS_LOOP_2954_2: 
/home/pradyumna/Documents/sem7/HLS/project/OMP_HLS/solution1/.autopilot/db/src_omp.pp.0.cpp:20495:5: note: FIX-IT applied suggested code changes
/home/pradyumna/Documents/sem7/HLS/project/OMP_HLS/solution1/.autopilot/db/src_omp.pp.0.cpp:20499:5: warning: Added loop label VITIS_LOOP_2958_3:   [xilinx-label-all-loops]
    for(int j = I_+1; j>=0; j--) {
    ^~~
    VITIS_LOOP_2958_3: 
/home/pradyumna/Documents/sem7/HLS/project/OMP_HLS/solution1/.autopilot/db/src_omp.pp.0.cpp:20499:5: note: FIX-IT applied suggested code changes
/home/pradyumna/Documents/sem7/HLS/project/OMP_HLS/solution1/.autopilot/db/src_omp.pp.0.cpp:20514:3: warning: Added loop label VITIS_LOOP_2973_4:   [xilinx-label-all-loops]
  for(int j = 11; j >=7; j--) {
  ^~~
  VITIS_LOOP_2973_4: 
/home/pradyumna/Documents/sem7/HLS/project/OMP_HLS/solution1/.autopilot/db/src_omp.pp.0.cpp:20514:3: note: FIX-IT applied suggested code changes
/home/pradyumna/Documents/sem7/HLS/project/OMP_HLS/solution1/.autopilot/db/src_omp.pp.0.cpp:20546:4: warning: Added loop label VITIS_LOOP_3005_5:   [xilinx-label-all-loops]
   for(int j = 11; j >= I_+5; j--) {
   ^~~
   VITIS_LOOP_3005_5: 
/home/pradyumna/Documents/sem7/HLS/project/OMP_HLS/solution1/.autopilot/db/src_omp.pp.0.cpp:20546:4: note: FIX-IT applied suggested code changes
/home/pradyumna/Documents/sem7/HLS/project/OMP_HLS/solution1/.autopilot/db/src_omp.pp.0.cpp:20553:5: warning: Added loop label VITIS_LOOP_3012_6:   [xilinx-label-all-loops]
    for(int j = 11; j>= I_+5; j--) {
    ^~~
    VITIS_LOOP_3012_6: 
/home/pradyumna/Documents/sem7/HLS/project/OMP_HLS/solution1/.autopilot/db/src_omp.pp.0.cpp:20553:5: note: FIX-IT applied suggested code changes
/home/pradyumna/Documents/sem7/HLS/project/OMP_HLS/solution1/.autopilot/db/src_omp.pp.0.cpp:20557:5: warning: Added loop label VITIS_LOOP_3016_7:   [xilinx-label-all-loops]
    for(int j = I_+4; j>=0; j--) {
    ^~~
    VITIS_LOOP_3016_7: 
/home/pradyumna/Documents/sem7/HLS/project/OMP_HLS/solution1/.autopilot/db/src_omp.pp.0.cpp:20557:5: note: FIX-IT applied suggested code changes
/home/pradyumna/Documents/sem7/HLS/project/OMP_HLS/solution1/.autopilot/db/src_omp.pp.0.cpp:20572:3: warning: Added loop label VITIS_LOOP_3031_8:   [xilinx-label-all-loops]
  for(int j = 25; j>=15; j--) {
  ^~~
  VITIS_LOOP_3031_8: 
/home/pradyumna/Documents/sem7/HLS/project/OMP_HLS/solution1/.autopilot/db/src_omp.pp.0.cpp:20572:3: note: FIX-IT applied suggested code changes
/home/pradyumna/Documents/sem7/HLS/project/OMP_HLS/solution1/.autopilot/db/src_omp.pp.0.cpp:20622:4: warning: Added loop label VITIS_LOOP_3081_9:   [xilinx-label-all-loops]
   for(int j = 25; j>= I_+12; j--) {
   ^~~
   VITIS_LOOP_3081_9: 
/home/pradyumna/Documents/sem7/HLS/project/OMP_HLS/solution1/.autopilot/db/src_omp.pp.0.cpp:20622:4: note: FIX-IT applied suggested code changes
/home/pradyumna/Documents/sem7/HLS/project/OMP_HLS/solution1/.autopilot/db/src_omp.pp.0.cpp:20629:5: warning: Added loop label VITIS_LOOP_3088_10:   [xilinx-label-all-loops]
    for(int j = 25; j>=I_+12; j--) {
    ^~~
    VITIS_LOOP_3088_10: 
/home/pradyumna/Documents/sem7/HLS/project/OMP_HLS/solution1/.autopilot/db/src_omp.pp.0.cpp:20629:5: note: FIX-IT applied suggested code changes
/home/pradyumna/Documents/sem7/HLS/project/OMP_HLS/solution1/.autopilot/db/src_omp.pp.0.cpp:20633:5: warning: Added loop label VITIS_LOOP_3092_11:   [xilinx-label-all-loops]
    for(int j = I_+11; j>=0; j--) {
    ^~~
    VITIS_LOOP_3092_11: 
/home/pradyumna/Documents/sem7/HLS/project/OMP_HLS/solution1/.autopilot/db/src_omp.pp.0.cpp:20633:5: note: FIX-IT applied suggested code changes
/home/pradyumna/Documents/sem7/HLS/project/OMP_HLS/solution1/.autopilot/db/src_omp.pp.0.cpp:20648:3: warning: Added loop label VITIS_LOOP_3107_12:   [xilinx-label-all-loops]
  for(int j = 51; j >= 29; j--) {
  ^~~
  VITIS_LOOP_3107_12: 
/home/pradyumna/Documents/sem7/HLS/project/OMP_HLS/solution1/.autopilot/db/src_omp.pp.0.cpp:20648:3: note: FIX-IT applied suggested code changes
/home/pradyumna/Documents/sem7/HLS/project/OMP_HLS/solution1/.autopilot/db/src_omp.pp.0.cpp:20785:4: warning: Added loop label VITIS_LOOP_3244_13:   [xilinx-label-all-loops]
   for(int j = 51; j >= 25 + I_; j--) {
   ^~~
   VITIS_LOOP_3244_13: 
/home/pradyumna/Documents/sem7/HLS/project/OMP_HLS/solution1/.autopilot/db/src_omp.pp.0.cpp:20785:4: note: FIX-IT applied suggested code changes
/home/pradyumna/Documents/sem7/HLS/project/OMP_HLS/solution1/.autopilot/db/src_omp.pp.0.cpp:20792:5: warning: Added loop label VITIS_LOOP_3251_14:   [xilinx-label-all-loops]
    for(int j = 51; j>=25 + I_; j--) {
    ^~~
    VITIS_LOOP_3251_14: 
/home/pradyumna/Documents/sem7/HLS/project/OMP_HLS/solution1/.autopilot/db/src_omp.pp.0.cpp:20792:5: note: FIX-IT applied suggested code changes
/home/pradyumna/Documents/sem7/HLS/project/OMP_HLS/solution1/.autopilot/db/src_omp.pp.0.cpp:20796:5: warning: Added loop label VITIS_LOOP_3255_15:   [xilinx-label-all-loops]
    for(int j = 24 + I_; j >= 0; j--) {
    ^~~
    VITIS_LOOP_3255_15: 
/home/pradyumna/Documents/sem7/HLS/project/OMP_HLS/solution1/.autopilot/db/src_omp.pp.0.cpp:20796:5: note: FIX-IT applied suggested code changes
/home/pradyumna/Documents/sem7/HLS/project/OMP_HLS/solution1/.autopilot/db/src_omp.pp.0.cpp:20811:3: warning: Added loop label VITIS_LOOP_3270_16:   [xilinx-label-all-loops]
  for(int j = 63; j >= 36; j--) {
  ^~~
  VITIS_LOOP_3270_16: 
/home/pradyumna/Documents/sem7/HLS/project/OMP_HLS/solution1/.autopilot/db/src_omp.pp.0.cpp:20811:3: note: FIX-IT applied suggested code changes
/home/pradyumna/Documents/sem7/HLS/project/OMP_HLS/solution1/.autopilot/db/src_omp.pp.0.cpp:20971:4: warning: Added loop label VITIS_LOOP_3430_17:   [xilinx-label-all-loops]
   for(int j = 63; j >= 31 + I_; j--) {
   ^~~
   VITIS_LOOP_3430_17: 
/home/pradyumna/Documents/sem7/HLS/project/OMP_HLS/solution1/.autopilot/db/src_omp.pp.0.cpp:20971:4: note: FIX-IT applied suggested code changes
/home/pradyumna/Documents/sem7/HLS/project/OMP_HLS/solution1/.autopilot/db/src_omp.pp.0.cpp:20978:5: warning: Added loop label VITIS_LOOP_3437_18:   [xilinx-label-all-loops]
    for(int j = 63; j >= 31 + I_; j--) {
    ^~~
    VITIS_LOOP_3437_18: 
/home/pradyumna/Documents/sem7/HLS/project/OMP_HLS/solution1/.autopilot/db/src_omp.pp.0.cpp:20978:5: note: FIX-IT applied suggested code changes
/home/pradyumna/Documents/sem7/HLS/project/OMP_HLS/solution1/.autopilot/db/src_omp.pp.0.cpp:20982:5: warning: Added loop label VITIS_LOOP_3441_19:   [xilinx-label-all-loops]
    for(int j = 30 + I_; j >= 0; j--) {
    ^~~
    VITIS_LOOP_3441_19: 
/home/pradyumna/Documents/sem7/HLS/project/OMP_HLS/solution1/.autopilot/db/src_omp.pp.0.cpp:20982:5: note: FIX-IT applied suggested code changes
/home/pradyumna/Documents/sem7/HLS/project/OMP_HLS/solution1/.autopilot/db/src_omp.pp.0.cpp:21697:13: warning: Added loop label VITIS_LOOP_729_1:   [xilinx-label-all-loops]
            for (b_exp = I_-1; b_exp >= -F_; b_exp--) {
            ^~~
            VITIS_LOOP_729_1: 
/home/pradyumna/Documents/sem7/HLS/project/OMP_HLS/solution1/.autopilot/db/src_omp.pp.0.cpp:21697:13: note: FIX-IT applied suggested code changes
/home/pradyumna/Documents/sem7/HLS/project/OMP_HLS/solution1/.autopilot/db/src_omp.pp.0.cpp:21915:13: warning: Added loop label VITIS_LOOP_947_1:   [xilinx-label-all-loops]
            for (b_exp = I_-1; b_exp >= -F_; b_exp--) {
            ^~~
            VITIS_LOOP_947_1: 
/home/pradyumna/Documents/sem7/HLS/project/OMP_HLS/solution1/.autopilot/db/src_omp.pp.0.cpp:21915:13: note: FIX-IT applied suggested code changes
/home/pradyumna/Documents/sem7/HLS/project/OMP_HLS/solution1/.autopilot/db/src_omp.pp.0.cpp:22332:13: warning: Added loop label VITIS_LOOP_1371_1:   [xilinx-label-all-loops]
            for (b_exp = I_-1; b_exp >= -F_; b_exp--) {
            ^~~
            VITIS_LOOP_1371_1: 
/home/pradyumna/Documents/sem7/HLS/project/OMP_HLS/solution1/.autopilot/db/src_omp.pp.0.cpp:22332:13: note: FIX-IT applied suggested code changes
/home/pradyumna/Documents/sem7/HLS/project/OMP_HLS/solution1/.autopilot/db/src_omp.pp.0.cpp:22646:9: warning: Added loop label VITIS_LOOP_266_1:   [xilinx-label-all-loops]
        for ( int pos = msbr-1; pos >= 0; pos-- ) {
        ^~~
        VITIS_LOOP_266_1: 
/home/pradyumna/Documents/sem7/HLS/project/OMP_HLS/solution1/.autopilot/db/src_omp.pp.0.cpp:22646:9: note: FIX-IT applied suggested code changes
/home/pradyumna/Documents/sem7/HLS/project/OMP_HLS/solution1/.autopilot/db/src_omp.pp.0.cpp:22674:9: warning: Added loop label VITIS_LOOP_294_2:   [xilinx-label-all-loops]
        for ( int pos = -1; pos >= -F_-1; pos-- ) {
        ^~~
        VITIS_LOOP_294_2: 
/home/pradyumna/Documents/sem7/HLS/project/OMP_HLS/solution1/.autopilot/db/src_omp.pp.0.cpp:22674:9: note: FIX-IT applied suggested code changes
/home/pradyumna/Documents/sem7/HLS/project/OMP_HLS/solution1/.autopilot/db/src_omp.pp.0.cpp:23369:13: warning: Added loop label VITIS_LOOP_74_1:   [xilinx-label-all-loops]
            for (int j = 0; j < W_-1; j++){
            ^~~
            VITIS_LOOP_74_1: 
/home/pradyumna/Documents/sem7/HLS/project/OMP_HLS/solution1/.autopilot/db/src_omp.pp.0.cpp:23369:13: note: FIX-IT applied suggested code changes
/home/pradyumna/Documents/sem7/HLS/project/OMP_HLS/solution1/.autopilot/db/src_omp.pp.0.cpp:23422:5: warning: Added loop label VITIS_LOOP_135_2:   [xilinx-label-all-loops]
    for (int j = F_l+F_+I_m-1; j < F_l+W_+5; j++){
    ^~~
    VITIS_LOOP_135_2: 
/home/pradyumna/Documents/sem7/HLS/project/OMP_HLS/solution1/.autopilot/db/src_omp.pp.0.cpp:23422:5: note: FIX-IT applied suggested code changes
/home/pradyumna/Documents/sem7/HLS/project/OMP_HLS/solution1/.autopilot/db/src_omp.pp.0.cpp:23436:13: warning: Added loop label VITIS_LOOP_149_3:   [xilinx-label-all-loops]
            for (int j = WO_m-1; j >= W_-1; j--) {
            ^~~
            VITIS_LOOP_149_3: 
/home/pradyumna/Documents/sem7/HLS/project/OMP_HLS/solution1/.autopilot/db/src_omp.pp.0.cpp:23436:13: note: FIX-IT applied suggested code changes
/home/pradyumna/Documents/sem7/HLS/project/OMP_HLS/solution1/.autopilot/db/src_omp.pp.0.cpp:23466:13: warning: Added loop label VITIS_LOOP_179_4:   [xilinx-label-all-loops]
            for (int j = W_-2; j >= 0; j--){
            ^~~
            VITIS_LOOP_179_4: 
/home/pradyumna/Documents/sem7/HLS/project/OMP_HLS/solution1/.autopilot/db/src_omp.pp.0.cpp:23466:13: note: FIX-IT applied suggested code changes
/home/pradyumna/Documents/sem7/HLS/project/OMP_HLS/solution1/.autopilot/db/src_omp.pp.0.cpp:23551:12: warning: Added loop label VITIS_LOOP_307_1:   [xilinx-label-all-loops]
           for(int i = wf_log+we_log-2; i > WI_e - 2; --i) {
           ^~~
           VITIS_LOOP_307_1: 
/home/pradyumna/Documents/sem7/HLS/project/OMP_HLS/solution1/.autopilot/db/src_omp.pp.0.cpp:23551:12: note: FIX-IT applied suggested code changes
/home/pradyumna/Documents/sem7/HLS/project/OMP_HLS/solution1/.autopilot/db/src_omp.pp.0.cpp:23571:16: warning: Added loop label VITIS_LOOP_327_2:   [xilinx-label-all-loops]
               for (int j = WO_e-1; j >= W_-1; j--) {
               ^~~
               VITIS_LOOP_327_2: 
/home/pradyumna/Documents/sem7/HLS/project/OMP_HLS/solution1/.autopilot/db/src_omp.pp.0.cpp:23571:16: note: FIX-IT applied suggested code changes
/home/pradyumna/Documents/sem7/HLS/project/OMP_HLS/solution1/.autopilot/db/src_omp.pp.0.cpp:23585:20: warning: Added loop label VITIS_LOOP_341_3:   [xilinx-label-all-loops]
                   for(int i = 0; i < W_-1; ++i) {
                   ^~~
                   VITIS_LOOP_341_3: 
/home/pradyumna/Documents/sem7/HLS/project/OMP_HLS/solution1/.autopilot/db/src_omp.pp.0.cpp:23585:20: note: FIX-IT applied suggested code changes
/home/pradyumna/Documents/sem7/HLS/project/OMP_HLS/solution1/.autopilot/db/src_omp.pp.0.cpp:23678:12: warning: Added loop label VITIS_LOOP_459_1:   [xilinx-label-all-loops]
           for (int j =WO_d-1; j >= W_-1; j--) {
           ^~~
           VITIS_LOOP_459_1: 
/home/pradyumna/Documents/sem7/HLS/project/OMP_HLS/solution1/.autopilot/db/src_omp.pp.0.cpp:23678:12: note: FIX-IT applied suggested code changes
/home/pradyumna/Documents/sem7/HLS/project/OMP_HLS/solution1/.autopilot/db/src_omp.pp.0.cpp:23692:15: warning: Added loop label VITIS_LOOP_473_2:   [xilinx-label-all-loops]
              for(int i = 0; i < W_-1; ++i) {
              ^~~
              VITIS_LOOP_473_2: 
/home/pradyumna/Documents/sem7/HLS/project/OMP_HLS/solution1/.autopilot/db/src_omp.pp.0.cpp:23692:15: note: FIX-IT applied suggested code changes
/home/pradyumna/Documents/sem7/HLS/project/OMP_HLS/solution1/.autopilot/db/src_omp.pp.0.cpp:23805:13: warning: Added loop label VITIS_LOOP_59_1:   [xilinx-label-all-loops]
            for (int i = 0; i < W_-1; i++){
            ^~~
            VITIS_LOOP_59_1: 
/home/pradyumna/Documents/sem7/HLS/project/OMP_HLS/solution1/.autopilot/db/src_omp.pp.0.cpp:23805:13: note: FIX-IT applied suggested code changes
/home/pradyumna/Documents/sem7/HLS/project/OMP_HLS/solution1/.autopilot/db/src_omp.pp.0.cpp:23929:13: warning: Added loop label VITIS_LOOP_209_1:   [xilinx-label-all-loops]
            for (int i = 0; i < W_-1; i++){
            ^~~
            VITIS_LOOP_209_1: 
/home/pradyumna/Documents/sem7/HLS/project/OMP_HLS/solution1/.autopilot/db/src_omp.pp.0.cpp:23929:13: note: FIX-IT applied suggested code changes
/home/pradyumna/Documents/sem7/HLS/project/OMP_HLS/solution1/.autopilot/db/src_omp.pp.0.cpp:23984:13: warning: Added loop label VITIS_LOOP_274_1:   [xilinx-label-all-loops]
            for (int i = 0; i < W_-1; i++){
            ^~~
            VITIS_LOOP_274_1: 
/home/pradyumna/Documents/sem7/HLS/project/OMP_HLS/solution1/.autopilot/db/src_omp.pp.0.cpp:23984:13: note: FIX-IT applied suggested code changes
/home/pradyumna/Documents/sem7/HLS/project/OMP_HLS/solution1/.autopilot/db/src_omp.pp.0.cpp:24489:2: warning: Added loop label VITIS_LOOP_42_1:   [xilinx-label-all-loops]
 for (int i=0; i<W_;i++)
 ^~~
 VITIS_LOOP_42_1: 
/home/pradyumna/Documents/sem7/HLS/project/OMP_HLS/solution1/.autopilot/db/src_omp.pp.0.cpp:24489:2: note: FIX-IT applied suggested code changes
/home/pradyumna/Documents/sem7/HLS/project/OMP_HLS/solution1/.autopilot/db/src_omp.pp.0.cpp:24500:2: warning: Added loop label VITIS_LOOP_53_1:   [xilinx-label-all-loops]
 for (int i=0; i<W_;i++)
 ^~~
 VITIS_LOOP_53_1: 
/home/pradyumna/Documents/sem7/HLS/project/OMP_HLS/solution1/.autopilot/db/src_omp.pp.0.cpp:24500:2: note: FIX-IT applied suggested code changes
/home/pradyumna/Documents/sem7/HLS/project/OMP_HLS/solution1/.autopilot/db/src_omp.pp.0.cpp:24511:2: warning: Added loop label VITIS_LOOP_64_1:   [xilinx-label-all-loops]
 for (int i=0; i<I_;i++)
 ^~~
 VITIS_LOOP_64_1: 
/home/pradyumna/Documents/sem7/HLS/project/OMP_HLS/solution1/.autopilot/db/src_omp.pp.0.cpp:24511:2: note: FIX-IT applied suggested code changes
/home/pradyumna/Documents/sem7/HLS/project/OMP_HLS/solution1/.autopilot/db/src_omp.pp.0.cpp:24522:2: warning: Added loop label VITIS_LOOP_75_1:   [xilinx-label-all-loops]
 for (int i=0; i<I_;i++)
 ^~~
 VITIS_LOOP_75_1: 
/home/pradyumna/Documents/sem7/HLS/project/OMP_HLS/solution1/.autopilot/db/src_omp.pp.0.cpp:24522:2: note: FIX-IT applied suggested code changes
/home/pradyumna/Documents/sem7/HLS/project/OMP_HLS/solution1/.autopilot/db/src_omp.pp.0.cpp:24533:2: warning: Added loop label VITIS_LOOP_86_1:   [xilinx-label-all-loops]
 for (int i=0; i<W_;i++)
 ^~~
 VITIS_LOOP_86_1: 
/home/pradyumna/Documents/sem7/HLS/project/OMP_HLS/solution1/.autopilot/db/src_omp.pp.0.cpp:24533:2: note: FIX-IT applied suggested code changes
/home/pradyumna/Documents/sem7/HLS/project/OMP_HLS/solution1/.autopilot/db/src_omp.pp.0.cpp:24544:2: warning: Added loop label VITIS_LOOP_97_1:   [xilinx-label-all-loops]
 for (int i=0; i<W_;i++)
 ^~~
 VITIS_LOOP_97_1: 
/home/pradyumna/Documents/sem7/HLS/project/OMP_HLS/solution1/.autopilot/db/src_omp.pp.0.cpp:24544:2: note: FIX-IT applied suggested code changes
/home/pradyumna/Documents/sem7/HLS/project/OMP_HLS/solution1/.autopilot/db/src_omp.pp.0.cpp:24555:2: warning: Added loop label VITIS_LOOP_108_1:   [xilinx-label-all-loops]
 for (int i=0; i<I_;i++)
 ^~~
 VITIS_LOOP_108_1: 
/home/pradyumna/Documents/sem7/HLS/project/OMP_HLS/solution1/.autopilot/db/src_omp.pp.0.cpp:24555:2: note: FIX-IT applied suggested code changes
/home/pradyumna/Documents/sem7/HLS/project/OMP_HLS/solution1/.autopilot/db/src_omp.pp.0.cpp:24566:2: warning: Added loop label VITIS_LOOP_119_1:   [xilinx-label-all-loops]
 for (int i=0; i<I_;i++)
 ^~~
 VITIS_LOOP_119_1: 
/home/pradyumna/Documents/sem7/HLS/project/OMP_HLS/solution1/.autopilot/db/src_omp.pp.0.cpp:24566:2: note: FIX-IT applied suggested code changes
/home/pradyumna/Documents/sem7/HLS/project/OMP_HLS/solution1/.autopilot/db/src_omp.pp.0.cpp:26867:12: warning: Added loop label VITIS_LOOP_23_1:   [xilinx-label-all-loops]
           for(int i = 0; i < W_-1; ++i) {
           ^~~
           VITIS_LOOP_23_1: 
/home/pradyumna/Documents/sem7/HLS/project/OMP_HLS/solution1/.autopilot/db/src_omp.pp.0.cpp:26867:12: note: FIX-IT applied suggested code changes
/home/pradyumna/Documents/sem7/HLS/project/OMP_HLS/solution1/.autopilot/db/src_omp.pp.0.cpp:26931:7: warning: Added loop label VITIS_LOOP_66_1:   [xilinx-label-all-loops]
      for(int pos = msbr - 1 ; pos >= -F-1; pos--) {
      ^~~
      VITIS_LOOP_66_1: 
/home/pradyumna/Documents/sem7/HLS/project/OMP_HLS/solution1/.autopilot/db/src_omp.pp.0.cpp:26931:7: note: FIX-IT applied suggested code changes
/home/pradyumna/Documents/sem7/HLS/project/OMP_HLS/solution1/.autopilot/db/src_omp.pp.0.cpp:27048:9: warning: Added loop label VITIS_LOOP_75_1:   [xilinx-label-all-loops]
        for(int pos = msbr - 1; pos >= 0; pos--) {
        ^~~
        VITIS_LOOP_75_1: 
/home/pradyumna/Documents/sem7/HLS/project/OMP_HLS/solution1/.autopilot/db/src_omp.pp.0.cpp:27048:9: note: FIX-IT applied suggested code changes
/home/pradyumna/Documents/sem7/HLS/project/OMP_HLS/solution1/.autopilot/db/src_omp.pp.0.cpp:27073:5: warning: Added loop label VITIS_LOOP_107_2:   [xilinx-label-all-loops]
    for(int pos = -1; pos >= -F-1; pos--) {
    ^~~
    VITIS_LOOP_107_2: 
/home/pradyumna/Documents/sem7/HLS/project/OMP_HLS/solution1/.autopilot/db/src_omp.pp.0.cpp:27073:5: note: FIX-IT applied suggested code changes
/home/pradyumna/Documents/sem7/HLS/project/OMP_HLS/solution1/.autopilot/db/src_omp.pp.0.cpp:27143:8: warning: Added loop label VITIS_LOOP_195_3:   [xilinx-label-all-loops]
       for(int i = 0; i < W - 1; ++i) {
       ^~~
       VITIS_LOOP_195_3: 
/home/pradyumna/Documents/sem7/HLS/project/OMP_HLS/solution1/.autopilot/db/src_omp.pp.0.cpp:27143:8: note: FIX-IT applied suggested code changes
/home/pradyumna/Documents/sem7/HLS/project/OMP_HLS/solution1/.autopilot/db/src_omp.pp.0.cpp:29889:2: warning: Added loop label VITIS_LOOP_112_1:   [xilinx-label-all-loops]
 for(int j=0; j<8; j++) {
 ^~~
 VITIS_LOOP_112_1: 
/home/pradyumna/Documents/sem7/HLS/project/OMP_HLS/solution1/.autopilot/db/src_omp.pp.0.cpp:29889:2: note: FIX-IT applied suggested code changes
/home/pradyumna/Documents/sem7/HLS/project/OMP_HLS/solution1/.autopilot/db/src_omp.pp.0.cpp:29902:9: warning: Added loop label VITIS_LOOP_125_2:   [xilinx-label-all-loops]
        for (int k = 0; k < 8; k++) {
        ^~~
        VITIS_LOOP_125_2: 
/home/pradyumna/Documents/sem7/HLS/project/OMP_HLS/solution1/.autopilot/db/src_omp.pp.0.cpp:29902:9: note: FIX-IT applied suggested code changes
/home/pradyumna/Documents/sem7/HLS/project/OMP_HLS/solution1/.autopilot/db/src_omp.pp.0.cpp:29908:9: warning: Added loop label VITIS_LOOP_131_3:   [xilinx-label-all-loops]
        for (int i = 0; i < 8; i++) {
        ^~~
        VITIS_LOOP_131_3: 
/home/pradyumna/Documents/sem7/HLS/project/OMP_HLS/solution1/.autopilot/db/src_omp.pp.0.cpp:29908:9: note: FIX-IT applied suggested code changes
/home/pradyumna/Documents/sem7/HLS/project/OMP_HLS/solution1/.autopilot/db/src_omp.pp.0.cpp:29912:17: warning: Added loop label VITIS_LOOP_135_4:   [xilinx-label-all-loops]
                for (int k = 0; k < 8; k++) {
                ^~~
                VITIS_LOOP_135_4: 
/home/pradyumna/Documents/sem7/HLS/project/OMP_HLS/solution1/.autopilot/db/src_omp.pp.0.cpp:29912:17: note: FIX-IT applied suggested code changes
/home/pradyumna/Documents/sem7/HLS/project/OMP_HLS/solution1/.autopilot/db/src_omp.pp.0.cpp:29926:9: warning: Added loop label VITIS_LOOP_149_5:   [xilinx-label-all-loops]
        for (int j = 0; j < i; j++) {
        ^~~
        VITIS_LOOP_149_5: 
/home/pradyumna/Documents/sem7/HLS/project/OMP_HLS/solution1/.autopilot/db/src_omp.pp.0.cpp:29926:9: note: FIX-IT applied suggested code changes
/home/pradyumna/Documents/sem7/HLS/project/OMP_HLS/solution1/.autopilot/db/src_omp.pp.0.cpp:29929:13: warning: Added loop label VITIS_LOOP_152_6:   [xilinx-label-all-loops]
            for (int k = j; k < i; k++) {
            ^~~
            VITIS_LOOP_152_6: 
/home/pradyumna/Documents/sem7/HLS/project/OMP_HLS/solution1/.autopilot/db/src_omp.pp.0.cpp:29929:13: note: FIX-IT applied suggested code changes
/home/pradyumna/Documents/sem7/HLS/project/OMP_HLS/solution1/.autopilot/db/src_omp.pp.0.cpp:29941:2: warning: Added loop label VITIS_LOOP_164_7:   [xilinx-label-all-loops]
 for(int j=0; j<8; j++) {
 ^~~
 VITIS_LOOP_164_7: 
/home/pradyumna/Documents/sem7/HLS/project/OMP_HLS/solution1/.autopilot/db/src_omp.pp.0.cpp:29941:2: note: FIX-IT applied suggested code changes
/home/pradyumna/Documents/sem7/HLS/project/OMP_HLS/solution1/.autopilot/db/src_omp.pp.0.cpp:29948:2: warning: Added loop label VITIS_LOOP_171_8:   [xilinx-label-all-loops]
 for (int j = 0; j < 8; j++) {
 ^~~
 VITIS_LOOP_171_8: 
/home/pradyumna/Documents/sem7/HLS/project/OMP_HLS/solution1/.autopilot/db/src_omp.pp.0.cpp:29948:2: note: FIX-IT applied suggested code changes
/home/pradyumna/Documents/sem7/HLS/project/OMP_HLS/solution1/.autopilot/db/src_omp.pp.0.cpp:29950:13: warning: Added loop label VITIS_LOOP_173_9:   [xilinx-label-all-loops]
            for (int k = 0; k < 8; k++) {
            ^~~
            VITIS_LOOP_173_9: 
/home/pradyumna/Documents/sem7/HLS/project/OMP_HLS/solution1/.autopilot/db/src_omp.pp.0.cpp:29950:13: note: FIX-IT applied suggested code changes
/home/pradyumna/Documents/sem7/HLS/project/OMP_HLS/solution1/.autopilot/db/src_omp.pp.0.cpp:30035:9: warning: Added loop label VITIS_LOOP_254_1:   [xilinx-label-all-loops]
        for(int j=0; j<8; j++) {
        ^~~
        VITIS_LOOP_254_1: 
/home/pradyumna/Documents/sem7/HLS/project/OMP_HLS/solution1/.autopilot/db/src_omp.pp.0.cpp:30035:9: note: FIX-IT applied suggested code changes
/home/pradyumna/Documents/sem7/HLS/project/OMP_HLS/solution1/.autopilot/db/src_omp.pp.0.cpp:30042:2: warning: Added loop label VITIS_LOOP_261_2:   [xilinx-label-all-loops]
 for(int m=0; m<48; m++) {
 ^~~
 VITIS_LOOP_261_2: 
/home/pradyumna/Documents/sem7/HLS/project/OMP_HLS/solution1/.autopilot/db/src_omp.pp.0.cpp:30042:2: note: FIX-IT applied suggested code changes
/home/pradyumna/Documents/sem7/HLS/project/OMP_HLS/solution1/.autopilot/db/src_omp.pp.0.cpp:30058:2: warning: Added loop label VITIS_LOOP_277_3:   [xilinx-label-all-loops]
 for(int m=0; m<48; m++) {
 ^~~
 VITIS_LOOP_277_3: 
/home/pradyumna/Documents/sem7/HLS/project/OMP_HLS/solution1/.autopilot/db/src_omp.pp.0.cpp:30058:2: note: FIX-IT applied suggested code changes
/home/pradyumna/Documents/sem7/HLS/project/OMP_HLS/solution1/.autopilot/db/src_omp.pp.0.cpp:30064:9: warning: Added loop label VITIS_LOOP_283_4:   [xilinx-label-all-loops]
        for(int m=0; m<48; m++) y_local[m] = y[m];
        ^~~
        VITIS_LOOP_283_4: 
/home/pradyumna/Documents/sem7/HLS/project/OMP_HLS/solution1/.autopilot/db/src_omp.pp.0.cpp:30064:9: note: FIX-IT applied suggested code changes
/home/pradyumna/Documents/sem7/HLS/project/OMP_HLS/solution1/.autopilot/db/src_omp.pp.0.cpp:30078:9: warning: Added loop label VITIS_LOOP_297_5:   [xilinx-label-all-loops]
        for(int j=0; j<8; j++) {
        ^~~
        VITIS_LOOP_297_5: 
/home/pradyumna/Documents/sem7/HLS/project/OMP_HLS/solution1/.autopilot/db/src_omp.pp.0.cpp:30078:9: note: FIX-IT applied suggested code changes
