Vivado Simulator v2023.1
Copyright 1986-2022 Xilinx, Inc. All Rights Reserved.
Copyright 2022-2023 Advanced Micro Devices, Inc. All Rights Reserved.
Running: /home/pradyumna/xilinx/Vivado/2023.1/bin/unwrapped/lnx64.o/xelab xil_defaultlib.apatb_omp_reconstruction_top glbl -Oenable_linking_all_libraries -prj omp_reconstruction.prj -L smartconnect_v1_0 -L axi_protocol_checker_v1_1_12 -L axi_protocol_checker_v1_1_13 -L axis_protocol_checker_v1_1_11 -L axis_protocol_checker_v1_1_12 -L xil_defaultlib -L unisims_ver -L xpm -L floating_point_v7_1_15 -L floating_point_v7_0_20 --lib ieee_proposed=./ieee_proposed -s omp_reconstruction -debug all 
Multi-threading is on. Using 10 slave threads.
WARNING: [XSIM 43-3431] One or more environment variables have been detected which affect the operation of the C compiler. These are typically not set in standard installations and are not tested by Xilinx, however they may be appropriate for your system, so the flow will attempt to continue.  If errors occur, try running xelab with the "-mt off -v 1" switches to see more information from the C compiler. The following environment variables have been detected:
INFO: [VRFC 10-2263] Analyzing SystemVerilog file "/home/pradyumna/Documents/sem7/HLS/project/OMP_HLS/solution1/sim/verilog/ip/xil_defaultlib/omp_reconstruction_fdiv_32ns_32ns_32_6_no_dsp_1_ip.v" into library xil_defaultlib
INFO: [VRFC 10-311] analyzing module omp_reconstruction_fdiv_32ns_32ns_32_6_no_dsp_1_ip
INFO: [VRFC 10-2263] Analyzing SystemVerilog file "/home/pradyumna/Documents/sem7/HLS/project/OMP_HLS/solution1/sim/verilog/ip/xil_defaultlib/omp_reconstruction_fsqrt_32ns_32ns_32_5_no_dsp_1_ip.v" into library xil_defaultlib
INFO: [VRFC 10-311] analyzing module omp_reconstruction_fsqrt_32ns_32ns_32_5_no_dsp_1_ip
INFO: [VRFC 10-2263] Analyzing SystemVerilog file "/home/pradyumna/Documents/sem7/HLS/project/OMP_HLS/solution1/sim/verilog/ip/xil_defaultlib/omp_reconstruction_fmul_32ns_32ns_32_2_max_dsp_1_ip.v" into library xil_defaultlib
INFO: [VRFC 10-311] analyzing module omp_reconstruction_fmul_32ns_32ns_32_2_max_dsp_1_ip
INFO: [VRFC 10-2263] Analyzing SystemVerilog file "/home/pradyumna/Documents/sem7/HLS/project/OMP_HLS/solution1/sim/verilog/ip/xil_defaultlib/omp_reconstruction_fmul_32ns_32ns_32_2_max_dsp_0_ip.v" into library xil_defaultlib
INFO: [VRFC 10-311] analyzing module omp_reconstruction_fmul_32ns_32ns_32_2_max_dsp_0_ip
INFO: [VRFC 10-2263] Analyzing SystemVerilog file "/home/pradyumna/Documents/sem7/HLS/project/OMP_HLS/solution1/sim/verilog/ip/xil_defaultlib/omp_reconstruction_fadd_32ns_32ns_32_2_full_dsp_0_ip.v" into library xil_defaultlib
INFO: [VRFC 10-311] analyzing module omp_reconstruction_fadd_32ns_32ns_32_2_full_dsp_0_ip
INFO: [VRFC 10-2263] Analyzing SystemVerilog file "/home/pradyumna/Documents/sem7/HLS/project/OMP_HLS/solution1/sim/verilog/ip/xil_defaultlib/omp_reconstruction_fcmp_32ns_32ns_1_1_no_dsp_1_ip.v" into library xil_defaultlib
INFO: [VRFC 10-311] analyzing module omp_reconstruction_fcmp_32ns_32ns_1_1_no_dsp_1_ip
INFO: [VRFC 10-2263] Analyzing SystemVerilog file "/home/pradyumna/Documents/sem7/HLS/project/OMP_HLS/solution1/sim/verilog/ip/xil_defaultlib/omp_reconstruction_fadd_32ns_32ns_32_2_full_dsp_1_ip.v" into library xil_defaultlib
INFO: [VRFC 10-311] analyzing module omp_reconstruction_fadd_32ns_32ns_32_2_full_dsp_1_ip
INFO: [VRFC 10-2263] Analyzing SystemVerilog file "/home/pradyumna/Documents/sem7/HLS/project/OMP_HLS/solution1/sim/verilog/ip/xil_defaultlib/omp_reconstruction_faddfsub_32ns_32ns_32_2_full_dsp_1_ip.v" into library xil_defaultlib
INFO: [VRFC 10-311] analyzing module omp_reconstruction_faddfsub_32ns_32ns_32_2_full_dsp_1_ip
INFO: [VRFC 10-2263] Analyzing SystemVerilog file "/home/pradyumna/Documents/sem7/HLS/project/OMP_HLS/solution1/sim/verilog/glbl.v" into library work
INFO: [VRFC 10-311] analyzing module glbl
INFO: [VRFC 10-2263] Analyzing SystemVerilog file "/home/pradyumna/Documents/sem7/HLS/project/OMP_HLS/solution1/sim/verilog/AESL_axi_master_gmem2.v" into library xil_defaultlib
INFO: [VRFC 10-311] analyzing module AESL_axi_master_gmem2
INFO: [VRFC 10-2263] Analyzing SystemVerilog file "/home/pradyumna/Documents/sem7/HLS/project/OMP_HLS/solution1/sim/verilog/omp_reconstruction_gram_schmidt.v" into library xil_defaultlib
INFO: [VRFC 10-311] analyzing module omp_reconstruction_gram_schmidt
INFO: [VRFC 10-2263] Analyzing SystemVerilog file "/home/pradyumna/Documents/sem7/HLS/project/OMP_HLS/solution1/sim/verilog/omp_reconstruction_atom_selection_Pipeline_atom_loop.v" into library xil_defaultlib
INFO: [VRFC 10-311] analyzing module omp_reconstruction_atom_selection_Pipeline_atom_loop
INFO: [VRFC 10-2263] Analyzing SystemVerilog file "/home/pradyumna/Documents/sem7/HLS/project/OMP_HLS/solution1/sim/verilog/omp_reconstruction_fadd_32ns_32ns_32_2_full_dsp_0.v" into library xil_defaultlib
INFO: [VRFC 10-311] analyzing module omp_reconstruction_fadd_32ns_32ns_32_2_full_dsp_0
INFO: [VRFC 10-2263] Analyzing SystemVerilog file "/home/pradyumna/Documents/sem7/HLS/project/OMP_HLS/solution1/sim/verilog/omp_reconstruction.autotb.v" into library xil_defaultlib
INFO: [VRFC 10-311] analyzing module apatb_omp_reconstruction_top
INFO: [VRFC 10-2263] Analyzing SystemVerilog file "/home/pradyumna/Documents/sem7/HLS/project/OMP_HLS/solution1/sim/verilog/omp_reconstruction_control_s_axi.v" into library xil_defaultlib
INFO: [VRFC 10-311] analyzing module omp_reconstruction_control_s_axi
INFO: [VRFC 10-2263] Analyzing SystemVerilog file "/home/pradyumna/Documents/sem7/HLS/project/OMP_HLS/solution1/sim/verilog/omp_reconstruction_Selected_A_RAM_AUTO_1R1W.v" into library xil_defaultlib
INFO: [VRFC 10-311] analyzing module omp_reconstruction_Selected_A_RAM_AUTO_1R1W
INFO: [VRFC 10-2263] Analyzing SystemVerilog file "/home/pradyumna/Documents/sem7/HLS/project/OMP_HLS/solution1/sim/verilog/omp_reconstruction_fmul_32ns_32ns_32_2_max_dsp_0.v" into library xil_defaultlib
INFO: [VRFC 10-311] analyzing module omp_reconstruction_fmul_32ns_32ns_32_2_max_dsp_0
INFO: [VRFC 10-2263] Analyzing SystemVerilog file "/home/pradyumna/Documents/sem7/HLS/project/OMP_HLS/solution1/sim/verilog/omp_reconstruction_acd_inversion.v" into library xil_defaultlib
INFO: [VRFC 10-311] analyzing module omp_reconstruction_acd_inversion
INFO: [VRFC 10-2263] Analyzing SystemVerilog file "/home/pradyumna/Documents/sem7/HLS/project/OMP_HLS/solution1/sim/verilog/omp_reconstruction_acd_inversion_Pipeline_calc_Ginv_L_inv_02_ROM_AUTO_1R.v" into library xil_defaultlib
INFO: [VRFC 10-311] analyzing module omp_reconstruction_acd_inversion_Pipeline_calc_Ginv_L_inv_02_ROM_AUTO_1R
INFO: [VRFC 10-2263] Analyzing SystemVerilog file "/home/pradyumna/Documents/sem7/HLS/project/OMP_HLS/solution1/sim/verilog/omp_reconstruction_dot_product_M.v" into library xil_defaultlib
INFO: [VRFC 10-311] analyzing module omp_reconstruction_dot_product_M
INFO: [VRFC 10-2263] Analyzing SystemVerilog file "/home/pradyumna/Documents/sem7/HLS/project/OMP_HLS/solution1/sim/verilog/omp_reconstruction_fsqrt_32ns_32ns_32_5_no_dsp_1.v" into library xil_defaultlib
INFO: [VRFC 10-311] analyzing module omp_reconstruction_fsqrt_32ns_32ns_32_5_no_dsp_1
INFO: [VRFC 10-2263] Analyzing SystemVerilog file "/home/pradyumna/Documents/sem7/HLS/project/OMP_HLS/solution1/sim/verilog/omp_reconstruction_acd_inversion_L_RAM_AUTO_1R1W.v" into library xil_defaultlib
INFO: [VRFC 10-311] analyzing module omp_reconstruction_acd_inversion_L_RAM_AUTO_1R1W
INFO: [VRFC 10-2263] Analyzing SystemVerilog file "/home/pradyumna/Documents/sem7/HLS/project/OMP_HLS/solution1/sim/verilog/omp_reconstruction_omp_reconstruction_Pipeline_map_out.v" into library xil_defaultlib
INFO: [VRFC 10-311] analyzing module omp_reconstruction_omp_reconstruction_Pipeline_map_out
INFO: [VRFC 10-2263] Analyzing SystemVerilog file "/home/pradyumna/Documents/sem7/HLS/project/OMP_HLS/solution1/sim/verilog/omp_reconstruction_acd_inversion_Pipeline_init_mats.v" into library xil_defaultlib
INFO: [VRFC 10-311] analyzing module omp_reconstruction_acd_inversion_Pipeline_init_mats
INFO: [VRFC 10-2263] Analyzing SystemVerilog file "/home/pradyumna/Documents/sem7/HLS/project/OMP_HLS/solution1/sim/verilog/omp_reconstruction_flow_control_loop_pipe_sequential_init.v" into library xil_defaultlib
INFO: [VRFC 10-311] analyzing module omp_reconstruction_flow_control_loop_pipe_sequential_init
INFO: [VRFC 10-2263] Analyzing SystemVerilog file "/home/pradyumna/Documents/sem7/HLS/project/OMP_HLS/solution1/sim/verilog/AESL_axi_master_gmem0.v" into library xil_defaultlib
INFO: [VRFC 10-311] analyzing module AESL_axi_master_gmem0
INFO: [VRFC 10-2263] Analyzing SystemVerilog file "/home/pradyumna/Documents/sem7/HLS/project/OMP_HLS/solution1/sim/verilog/omp_reconstruction_mux_8_3_32_1_1.v" into library xil_defaultlib
INFO: [VRFC 10-311] analyzing module omp_reconstruction_mux_8_3_32_1_1
INFO: [VRFC 10-2263] Analyzing SystemVerilog file "/home/pradyumna/Documents/sem7/HLS/project/OMP_HLS/solution1/sim/verilog/omp_reconstruction_omp_reconstruction_Pipeline_load_A_col.v" into library xil_defaultlib
INFO: [VRFC 10-311] analyzing module omp_reconstruction_omp_reconstruction_Pipeline_load_A_col
INFO: [VRFC 10-2263] Analyzing SystemVerilog file "/home/pradyumna/Documents/sem7/HLS/project/OMP_HLS/solution1/sim/verilog/omp_reconstruction_atom_selection.v" into library xil_defaultlib
INFO: [VRFC 10-311] analyzing module omp_reconstruction_atom_selection
INFO: [VRFC 10-2263] Analyzing SystemVerilog file "/home/pradyumna/Documents/sem7/HLS/project/OMP_HLS/solution1/sim/verilog/omp_reconstruction_dot_product_M_1.v" into library xil_defaultlib
INFO: [VRFC 10-311] analyzing module omp_reconstruction_dot_product_M_1
INFO: [VRFC 10-2263] Analyzing SystemVerilog file "/home/pradyumna/Documents/sem7/HLS/project/OMP_HLS/solution1/sim/verilog/omp_reconstruction_gmem0_m_axi.v" into library xil_defaultlib
INFO: [VRFC 10-311] analyzing module omp_reconstruction_gmem0_m_axi
INFO: [VRFC 10-311] analyzing module omp_reconstruction_gmem0_m_axi_load
INFO: [VRFC 10-311] analyzing module omp_reconstruction_gmem0_m_axi_store
INFO: [VRFC 10-311] analyzing module omp_reconstruction_gmem0_m_axi_read
INFO: [VRFC 10-311] analyzing module omp_reconstruction_gmem0_m_axi_write
INFO: [VRFC 10-311] analyzing module omp_reconstruction_gmem0_m_axi_burst_converter
INFO: [VRFC 10-311] analyzing module omp_reconstruction_gmem0_m_axi_throttle
INFO: [VRFC 10-311] analyzing module omp_reconstruction_gmem0_m_axi_reg_slice
INFO: [VRFC 10-311] analyzing module omp_reconstruction_gmem0_m_axi_fifo
INFO: [VRFC 10-311] analyzing module omp_reconstruction_gmem0_m_axi_srl
INFO: [VRFC 10-311] analyzing module omp_reconstruction_gmem0_m_axi_mem
INFO: [VRFC 10-2263] Analyzing SystemVerilog file "/home/pradyumna/Documents/sem7/HLS/project/OMP_HLS/solution1/sim/verilog/omp_reconstruction_omp_reconstruction_Pipeline_mult_theta.v" into library xil_defaultlib
INFO: [VRFC 10-311] analyzing module omp_reconstruction_omp_reconstruction_Pipeline_mult_theta
INFO: [VRFC 10-2263] Analyzing SystemVerilog file "/home/pradyumna/Documents/sem7/HLS/project/OMP_HLS/solution1/sim/verilog/omp_reconstruction_fadd_32ns_32ns_32_2_full_dsp_1.v" into library xil_defaultlib
INFO: [VRFC 10-311] analyzing module omp_reconstruction_fadd_32ns_32ns_32_2_full_dsp_1
INFO: [VRFC 10-2263] Analyzing SystemVerilog file "/home/pradyumna/Documents/sem7/HLS/project/OMP_HLS/solution1/sim/verilog/omp_reconstruction_Q_RAM_AUTO_1R1W.v" into library xil_defaultlib
INFO: [VRFC 10-311] analyzing module omp_reconstruction_Q_RAM_AUTO_1R1W
INFO: [VRFC 10-2263] Analyzing SystemVerilog file "/home/pradyumna/Documents/sem7/HLS/project/OMP_HLS/solution1/sim/verilog/omp_reconstruction_fdiv_32ns_32ns_32_6_no_dsp_1.v" into library xil_defaultlib
INFO: [VRFC 10-311] analyzing module omp_reconstruction_fdiv_32ns_32ns_32_6_no_dsp_1
INFO: [VRFC 10-2263] Analyzing SystemVerilog file "/home/pradyumna/Documents/sem7/HLS/project/OMP_HLS/solution1/sim/verilog/AESL_axi_slave_control.v" into library xil_defaultlib
INFO: [VRFC 10-311] analyzing module AESL_axi_slave_control
INFO: [VRFC 10-2263] Analyzing SystemVerilog file "/home/pradyumna/Documents/sem7/HLS/project/OMP_HLS/solution1/sim/verilog/omp_reconstruction_acd_inversion_Pipeline_calc_T.v" into library xil_defaultlib
INFO: [VRFC 10-311] analyzing module omp_reconstruction_acd_inversion_Pipeline_calc_T
INFO: [VRFC 10-2263] Analyzing SystemVerilog file "/home/pradyumna/Documents/sem7/HLS/project/OMP_HLS/solution1/sim/verilog/omp_reconstruction_mux_48_6_32_1_1.v" into library xil_defaultlib
INFO: [VRFC 10-311] analyzing module omp_reconstruction_mux_48_6_32_1_1
INFO: [VRFC 10-2263] Analyzing SystemVerilog file "/home/pradyumna/Documents/sem7/HLS/project/OMP_HLS/solution1/sim/verilog/omp_reconstruction_acd_inversion_Pipeline_calc_Ginv.v" into library xil_defaultlib
INFO: [VRFC 10-311] analyzing module omp_reconstruction_acd_inversion_Pipeline_calc_Ginv
INFO: [VRFC 10-2263] Analyzing SystemVerilog file "/home/pradyumna/Documents/sem7/HLS/project/OMP_HLS/solution1/sim/verilog/omp_reconstruction_fmul_32ns_32ns_32_2_max_dsp_1.v" into library xil_defaultlib
INFO: [VRFC 10-311] analyzing module omp_reconstruction_fmul_32ns_32ns_32_2_max_dsp_1
INFO: [VRFC 10-2263] Analyzing SystemVerilog file "/home/pradyumna/Documents/sem7/HLS/project/OMP_HLS/solution1/sim/verilog/omp_reconstruction_omp_reconstruction_Pipeline_compute_b.v" into library xil_defaultlib
INFO: [VRFC 10-311] analyzing module omp_reconstruction_omp_reconstruction_Pipeline_compute_b
INFO: [VRFC 10-2263] Analyzing SystemVerilog file "/home/pradyumna/Documents/sem7/HLS/project/OMP_HLS/solution1/sim/verilog/omp_reconstruction_acd_inversion_Pipeline_inv_d_loop.v" into library xil_defaultlib
INFO: [VRFC 10-311] analyzing module omp_reconstruction_acd_inversion_Pipeline_inv_d_loop
INFO: [VRFC 10-2263] Analyzing SystemVerilog file "/home/pradyumna/Documents/sem7/HLS/project/OMP_HLS/solution1/sim/verilog/AESL_axi_master_gmem1.v" into library xil_defaultlib
INFO: [VRFC 10-311] analyzing module AESL_axi_master_gmem1
INFO: [VRFC 10-2263] Analyzing SystemVerilog file "/home/pradyumna/Documents/sem7/HLS/project/OMP_HLS/solution1/sim/verilog/omp_reconstruction.v" into library xil_defaultlib
INFO: [VRFC 10-311] analyzing module omp_reconstruction
INFO: [VRFC 10-2263] Analyzing SystemVerilog file "/home/pradyumna/Documents/sem7/HLS/project/OMP_HLS/solution1/sim/verilog/omp_reconstruction_gmem1_m_axi.v" into library xil_defaultlib
INFO: [VRFC 10-311] analyzing module omp_reconstruction_gmem1_m_axi
INFO: [VRFC 10-311] analyzing module omp_reconstruction_gmem1_m_axi_load
INFO: [VRFC 10-311] analyzing module omp_reconstruction_gmem1_m_axi_store
INFO: [VRFC 10-311] analyzing module omp_reconstruction_gmem1_m_axi_read
INFO: [VRFC 10-311] analyzing module omp_reconstruction_gmem1_m_axi_write
INFO: [VRFC 10-311] analyzing module omp_reconstruction_gmem1_m_axi_burst_converter
INFO: [VRFC 10-311] analyzing module omp_reconstruction_gmem1_m_axi_throttle
INFO: [VRFC 10-311] analyzing module omp_reconstruction_gmem1_m_axi_reg_slice
INFO: [VRFC 10-311] analyzing module omp_reconstruction_gmem1_m_axi_fifo
INFO: [VRFC 10-311] analyzing module omp_reconstruction_gmem1_m_axi_srl
INFO: [VRFC 10-311] analyzing module omp_reconstruction_gmem1_m_axi_mem
INFO: [VRFC 10-2263] Analyzing SystemVerilog file "/home/pradyumna/Documents/sem7/HLS/project/OMP_HLS/solution1/sim/verilog/omp_reconstruction_omp_reconstruction_Pipeline_compute_G_VITIS_LOOP_254_1.v" into library xil_defaultlib
INFO: [VRFC 10-311] analyzing module omp_reconstruction_omp_reconstruction_Pipeline_compute_G_VITIS_LOOP_254_1
INFO: [VRFC 10-2263] Analyzing SystemVerilog file "/home/pradyumna/Documents/sem7/HLS/project/OMP_HLS/solution1/sim/verilog/omp_reconstruction_faddfsub_32ns_32ns_32_2_full_dsp_1.v" into library xil_defaultlib
INFO: [VRFC 10-311] analyzing module omp_reconstruction_faddfsub_32ns_32ns_32_2_full_dsp_1
INFO: [VRFC 10-2263] Analyzing SystemVerilog file "/home/pradyumna/Documents/sem7/HLS/project/OMP_HLS/solution1/sim/verilog/omp_reconstruction_gmem2_m_axi.v" into library xil_defaultlib
INFO: [VRFC 10-311] analyzing module omp_reconstruction_gmem2_m_axi
INFO: [VRFC 10-311] analyzing module omp_reconstruction_gmem2_m_axi_load
INFO: [VRFC 10-311] analyzing module omp_reconstruction_gmem2_m_axi_store
INFO: [VRFC 10-311] analyzing module omp_reconstruction_gmem2_m_axi_read
INFO: [VRFC 10-311] analyzing module omp_reconstruction_gmem2_m_axi_write
INFO: [VRFC 10-311] analyzing module omp_reconstruction_gmem2_m_axi_burst_converter
INFO: [VRFC 10-311] analyzing module omp_reconstruction_gmem2_m_axi_throttle
INFO: [VRFC 10-311] analyzing module omp_reconstruction_gmem2_m_axi_reg_slice
INFO: [VRFC 10-311] analyzing module omp_reconstruction_gmem2_m_axi_fifo
INFO: [VRFC 10-311] analyzing module omp_reconstruction_gmem2_m_axi_srl
INFO: [VRFC 10-311] analyzing module omp_reconstruction_gmem2_m_axi_mem
INFO: [VRFC 10-2263] Analyzing SystemVerilog file "/home/pradyumna/Documents/sem7/HLS/project/OMP_HLS/solution1/sim/verilog/omp_reconstruction_A_local_RAM_AUTO_1R1W.v" into library xil_defaultlib
INFO: [VRFC 10-311] analyzing module omp_reconstruction_A_local_RAM_AUTO_1R1W
INFO: [VRFC 10-2263] Analyzing SystemVerilog file "/home/pradyumna/Documents/sem7/HLS/project/OMP_HLS/solution1/sim/verilog/omp_reconstruction_omp_reconstruction_Pipeline_init_x.v" into library xil_defaultlib
INFO: [VRFC 10-311] analyzing module omp_reconstruction_omp_reconstruction_Pipeline_init_x
INFO: [VRFC 10-2263] Analyzing SystemVerilog file "/home/pradyumna/Documents/sem7/HLS/project/OMP_HLS/solution1/sim/verilog/omp_reconstruction_fcmp_32ns_32ns_1_1_no_dsp_1.v" into library xil_defaultlib
INFO: [VRFC 10-311] analyzing module omp_reconstruction_fcmp_32ns_32ns_1_1_no_dsp_1
INFO: [VRFC 10-2263] Analyzing SystemVerilog file "/home/pradyumna/Documents/sem7/HLS/project/OMP_HLS/solution1/sim/verilog/dataflow_monitor.sv" into library xil_defaultlib
INFO: [VRFC 10-311] analyzing module dataflow_monitor
Starting static elaboration
Pass Through NonSizing Optimizer
Completed static elaboration
Starting simulation data flow analysis
Completed simulation data flow analysis
Time Resolution for simulation is 1ps
Compiling package std.standard
Compiling package std.textio
Compiling package ieee.std_logic_1164
Compiling package floating_point_v7_1_15.floating_point_v7_1_15_viv_comp
Compiling package ieee.numeric_std
Compiling package xbip_utils_v3_0_10.xbip_utils_v3_0_10_pkg
Compiling package axi_utils_v2_0_6.axi_utils_v2_0_6_pkg
Compiling package floating_point_v7_1_15.floating_point_v7_1_15_consts
Compiling package ieee.math_real
Compiling package floating_point_v7_1_15.floating_point_v7_1_15_exp_table...
Compiling package mult_gen_v12_0_18.mult_gen_v12_0_18_pkg
Compiling package ieee.std_logic_arith
Compiling package ieee.std_logic_signed
Compiling package floating_point_v7_1_15.floating_point_v7_1_15_pkg
Compiling package floating_point_v7_1_15.flt_utils
Compiling package unisim.vcomponents
Compiling package xbip_pipe_v3_0_6.xbip_pipe_v3_0_6_viv_comp
Compiling package ieee.vital_timing
Compiling package ieee.vital_primitives
Compiling package unisim.vpkg
Compiling package xil_defaultlib.$unit_dataflow_monitor_sv
Compiling module xil_defaultlib.omp_reconstruction_A_local_RAM_A...
Compiling module xil_defaultlib.omp_reconstruction_Q_RAM_AUTO_1R...
Compiling module xil_defaultlib.omp_reconstruction_Selected_A_RA...
Compiling module xil_defaultlib.omp_reconstruction_flow_control_...
Compiling module xil_defaultlib.omp_reconstruction_omp_reconstru...
Compiling module xil_defaultlib.omp_reconstruction_omp_reconstru...
Compiling architecture muxcy_v of entity unisim.MUXCY [muxcy_default]
Compiling architecture synth of entity xbip_pipe_v3_0_6.xbip_pipe_v3_0_6_viv [\xbip_pipe_v3_0_6_viv(c_has_ce=1...]
Compiling architecture rtl of entity floating_point_v7_1_15.delay [\delay(width=3,length=0)\]
Compiling architecture struct of entity floating_point_v7_1_15.carry_chain [\carry_chain(c_xdevicefamily="zy...]
Compiling architecture synth of entity floating_point_v7_1_15.compare_eq_im [\compare_eq_im(c_xdevicefamily="...]
Compiling architecture synth of entity xbip_pipe_v3_0_6.xbip_pipe_v3_0_6_viv [\xbip_pipe_v3_0_6_viv(c_has_ce=1...]
Compiling architecture rtl of entity floating_point_v7_1_15.delay [\delay(width=4,length=0)\]
Compiling architecture struct of entity floating_point_v7_1_15.carry_chain [\carry_chain(c_xdevicefamily="zy...]
Compiling architecture synth of entity floating_point_v7_1_15.compare_ne_im [\compare_ne_im(c_xdevicefamily="...]
Compiling architecture synth of entity xbip_pipe_v3_0_6.xbip_pipe_v3_0_6_viv [\xbip_pipe_v3_0_6_viv(c_has_ce=1...]
Compiling architecture rtl of entity floating_point_v7_1_15.delay [\delay(width=2,length=0)\]
Compiling architecture struct of entity floating_point_v7_1_15.carry_chain [\carry_chain(c_xdevicefamily="zy...]
Compiling architecture synth of entity floating_point_v7_1_15.compare_eq_im [\compare_eq_im(c_xdevicefamily="...]
Compiling architecture synth of entity xbip_pipe_v3_0_6.xbip_pipe_v3_0_6_viv [\xbip_pipe_v3_0_6_viv(c_has_ce=1...]
Compiling architecture rtl of entity floating_point_v7_1_15.delay [\delay(width=11,length=0)\]
Compiling architecture struct of entity floating_point_v7_1_15.carry_chain [\carry_chain(c_xdevicefamily="zy...]
Compiling architecture synth of entity floating_point_v7_1_15.compare_eq [\compare_eq(c_xdevicefamily="zyn...]
Compiling architecture synth of entity xbip_pipe_v3_0_6.xbip_pipe_v3_0_6_viv [\xbip_pipe_v3_0_6_viv(c_has_ce=1...]
Compiling architecture rtl of entity floating_point_v7_1_15.delay [\delay(width=16,length=0)\]
Compiling architecture struct of entity floating_point_v7_1_15.carry_chain [\carry_chain(c_xdevicefamily="zy...]
Compiling architecture synth of entity floating_point_v7_1_15.compare_gt [\compare_gt(c_xdevicefamily="zyn...]
Compiling architecture synth of entity xbip_pipe_v3_0_6.xbip_pipe_v3_0_6_viv [\xbip_pipe_v3_0_6_viv(c_has_ce=1...]
Compiling architecture rtl of entity floating_point_v7_1_15.delay [\delay(length=0)\]
Compiling architecture rtl of entity floating_point_v7_1_15.fp_cmp [\fp_cmp(c_xdevicefamily="zynqupl...]
Compiling module unisims_ver.x_lut1_mux2
Compiling module unisims_ver.LUT1
Compiling architecture synth of entity xbip_pipe_v3_0_6.xbip_pipe_v3_0_6_viv [\xbip_pipe_v3_0_6_viv(c_has_ce=1...]
Compiling architecture xilinx of entity floating_point_v7_1_15.floating_point_v7_1_15_viv [\floating_point_v7_1_15_viv(c_xd...]
Compiling architecture xilinx of entity floating_point_v7_1_15.floating_point_v7_1_15 [\floating_point_v7_1_15(c_xdevic...]
Compiling module xil_defaultlib.omp_reconstruction_fcmp_32ns_32n...
Compiling module xil_defaultlib.omp_reconstruction_fcmp_32ns_32n...
Compiling module xil_defaultlib.omp_reconstruction_atom_selectio...
Compiling module xil_defaultlib.omp_reconstruction_atom_selectio...
Compiling architecture synth of entity xbip_pipe_v3_0_6.xbip_pipe_v3_0_6_viv [\xbip_pipe_v3_0_6_viv(c_has_ce=1...]
Compiling architecture rtl of entity floating_point_v7_1_15.delay [\delay(width=25,length=0)\]
Compiling architecture synth of entity xbip_pipe_v3_0_6.xbip_pipe_v3_0_6_viv [\xbip_pipe_v3_0_6_viv(c_has_ce=1...]
Compiling architecture rtl of entity floating_point_v7_1_15.delay [\delay(width=26,length=0)\]
Compiling architecture xorcy_v of entity unisim.XORCY [xorcy_default]
Compiling architecture synth of entity xbip_pipe_v3_0_6.xbip_pipe_v3_0_6_viv [\xbip_pipe_v3_0_6_viv(c_has_ce=1...]
Compiling architecture rtl of entity floating_point_v7_1_15.delay [\delay(width=5,length=0,fast_inp...]
Compiling architecture struct of entity floating_point_v7_1_15.carry_chain [\carry_chain(c_xdevicefamily="zy...]
Compiling architecture synth of entity floating_point_v7_1_15.flt_sqrt_mant_addsub [\flt_sqrt_mant_addsub(c_xdevicef...]
Compiling architecture synth of entity xbip_pipe_v3_0_6.xbip_pipe_v3_0_6_viv [\xbip_pipe_v3_0_6_viv(c_has_ce=1...]
Compiling architecture rtl of entity floating_point_v7_1_15.delay [\delay(width=24,length=0)\]
Compiling architecture synth of entity xbip_pipe_v3_0_6.xbip_pipe_v3_0_6_viv [\xbip_pipe_v3_0_6_viv(c_has_ce=1...]
Compiling architecture rtl of entity floating_point_v7_1_15.delay [\delay(width=6,length=0,fast_inp...]
Compiling architecture struct of entity floating_point_v7_1_15.carry_chain [\carry_chain(c_xdevicefamily="zy...]
Compiling architecture synth of entity floating_point_v7_1_15.flt_sqrt_mant_addsub [\flt_sqrt_mant_addsub(c_xdevicef...]
Compiling architecture synth of entity xbip_pipe_v3_0_6.xbip_pipe_v3_0_6_viv [\xbip_pipe_v3_0_6_viv(c_has_ce=1...]
Compiling architecture rtl of entity floating_point_v7_1_15.delay [\delay(width=22,length=0)\]
Compiling architecture synth of entity xbip_pipe_v3_0_6.xbip_pipe_v3_0_6_viv [\xbip_pipe_v3_0_6_viv(c_has_ce=1...]
Compiling architecture rtl of entity floating_point_v7_1_15.delay [\delay(width=7,length=0,fast_inp...]
Compiling architecture struct of entity floating_point_v7_1_15.carry_chain [\carry_chain(c_xdevicefamily="zy...]
Compiling architecture synth of entity floating_point_v7_1_15.flt_sqrt_mant_addsub [\flt_sqrt_mant_addsub(c_xdevicef...]
Compiling architecture synth of entity xbip_pipe_v3_0_6.xbip_pipe_v3_0_6_viv [\xbip_pipe_v3_0_6_viv(c_has_ce=1...]
Compiling architecture rtl of entity floating_point_v7_1_15.delay [\delay(width=20,length=0)\]
Compiling architecture synth of entity xbip_pipe_v3_0_6.xbip_pipe_v3_0_6_viv [\xbip_pipe_v3_0_6_viv(c_has_ce=1...]
Compiling architecture rtl of entity floating_point_v7_1_15.delay [\delay(width=8,length=0,fast_inp...]
Compiling architecture struct of entity floating_point_v7_1_15.carry_chain [\carry_chain(c_xdevicefamily="zy...]
Compiling architecture synth of entity floating_point_v7_1_15.flt_sqrt_mant_addsub [\flt_sqrt_mant_addsub(c_xdevicef...]
Compiling architecture synth of entity xbip_pipe_v3_0_6.xbip_pipe_v3_0_6_viv [\xbip_pipe_v3_0_6_viv(c_has_ce=1...]
Compiling architecture rtl of entity floating_point_v7_1_15.delay [\delay(width=5,length=0)\]
Compiling architecture synth of entity xbip_pipe_v3_0_6.xbip_pipe_v3_0_6_viv [\xbip_pipe_v3_0_6_viv(c_has_ce=1...]
Compiling architecture rtl of entity floating_point_v7_1_15.delay [\delay(width=18,length=0)\]
Compiling architecture synth of entity xbip_pipe_v3_0_6.xbip_pipe_v3_0_6_viv [\xbip_pipe_v3_0_6_viv(c_has_ce=1...]
Compiling architecture rtl of entity floating_point_v7_1_15.delay [\delay(width=9,length=0,fast_inp...]
Compiling architecture struct of entity floating_point_v7_1_15.carry_chain [\carry_chain(c_xdevicefamily="zy...]
Compiling architecture synth of entity floating_point_v7_1_15.flt_sqrt_mant_addsub [\flt_sqrt_mant_addsub(c_xdevicef...]
Compiling architecture synth of entity xbip_pipe_v3_0_6.xbip_pipe_v3_0_6_viv [\xbip_pipe_v3_0_6_viv(c_has_ce=1...]
Compiling architecture rtl of entity floating_point_v7_1_15.delay [\delay(width=6,length=0)\]
Compiling architecture synth of entity xbip_pipe_v3_0_6.xbip_pipe_v3_0_6_viv [\xbip_pipe_v3_0_6_viv(c_has_ce=1...]
Compiling architecture rtl of entity floating_point_v7_1_15.delay [\delay(width=10,length=0,fast_in...]
Compiling architecture struct of entity floating_point_v7_1_15.carry_chain [\carry_chain(c_xdevicefamily="zy...]
Compiling architecture synth of entity floating_point_v7_1_15.flt_sqrt_mant_addsub [\flt_sqrt_mant_addsub(c_xdevicef...]
Compiling architecture synth of entity xbip_pipe_v3_0_6.xbip_pipe_v3_0_6_viv [\xbip_pipe_v3_0_6_viv(c_has_ce=1...]
Compiling architecture rtl of entity floating_point_v7_1_15.delay [\delay(width=7,length=0)\]
Compiling architecture synth of entity xbip_pipe_v3_0_6.xbip_pipe_v3_0_6_viv [\xbip_pipe_v3_0_6_viv(c_has_ce=1...]
Compiling architecture rtl of entity floating_point_v7_1_15.delay [\delay(width=14,length=0)\]
Compiling architecture synth of entity xbip_pipe_v3_0_6.xbip_pipe_v3_0_6_viv [\xbip_pipe_v3_0_6_viv(c_has_ce=1...]
Compiling architecture rtl of entity floating_point_v7_1_15.delay [\delay(width=11,length=0,fast_in...]
Compiling architecture struct of entity floating_point_v7_1_15.carry_chain [\carry_chain(c_xdevicefamily="zy...]
Compiling architecture synth of entity floating_point_v7_1_15.flt_sqrt_mant_addsub [\flt_sqrt_mant_addsub(c_xdevicef...]
Compiling architecture synth of entity xbip_pipe_v3_0_6.xbip_pipe_v3_0_6_viv [\xbip_pipe_v3_0_6_viv(c_has_ce=1...]
Compiling architecture rtl of entity floating_point_v7_1_15.delay [\delay(width=8,length=0)\]
Compiling architecture synth of entity xbip_pipe_v3_0_6.xbip_pipe_v3_0_6_viv [\xbip_pipe_v3_0_6_viv(c_has_ce=1...]
Compiling architecture rtl of entity floating_point_v7_1_15.delay [\delay(width=12,length=0)\]
Compiling architecture synth of entity xbip_pipe_v3_0_6.xbip_pipe_v3_0_6_viv [\xbip_pipe_v3_0_6_viv(c_has_ce=1...]
Compiling architecture rtl of entity floating_point_v7_1_15.delay [\delay(width=12,length=0,fast_in...]
Compiling architecture struct of entity floating_point_v7_1_15.carry_chain [\carry_chain(c_xdevicefamily="zy...]
Compiling architecture synth of entity floating_point_v7_1_15.flt_sqrt_mant_addsub [\flt_sqrt_mant_addsub(c_xdevicef...]
Compiling architecture synth of entity xbip_pipe_v3_0_6.xbip_pipe_v3_0_6_viv [\xbip_pipe_v3_0_6_viv(c_has_ce=1...]
Compiling architecture rtl of entity floating_point_v7_1_15.delay [\delay(width=9,length=0)\]
Compiling architecture synth of entity xbip_pipe_v3_0_6.xbip_pipe_v3_0_6_viv [\xbip_pipe_v3_0_6_viv(c_has_ce=1...]
Compiling architecture rtl of entity floating_point_v7_1_15.delay [\delay(width=10,length=0)\]
Compiling architecture synth of entity xbip_pipe_v3_0_6.xbip_pipe_v3_0_6_viv [\xbip_pipe_v3_0_6_viv(c_has_ce=1...]
Compiling architecture rtl of entity floating_point_v7_1_15.delay [\delay(width=13,length=0,fast_in...]
Compiling architecture struct of entity floating_point_v7_1_15.carry_chain [\carry_chain(c_xdevicefamily="zy...]
Compiling architecture synth of entity floating_point_v7_1_15.flt_sqrt_mant_addsub [\flt_sqrt_mant_addsub(c_xdevicef...]
Compiling architecture synth of entity xbip_pipe_v3_0_6.xbip_pipe_v3_0_6_viv [\xbip_pipe_v3_0_6_viv(c_has_ce=1...]
Compiling architecture rtl of entity floating_point_v7_1_15.delay [\delay(width=14,length=0,fast_in...]
Compiling architecture struct of entity floating_point_v7_1_15.carry_chain [\carry_chain(c_xdevicefamily="zy...]
Compiling architecture synth of entity floating_point_v7_1_15.flt_sqrt_mant_addsub [\flt_sqrt_mant_addsub(c_xdevicef...]
Compiling architecture synth of entity xbip_pipe_v3_0_6.xbip_pipe_v3_0_6_viv [\xbip_pipe_v3_0_6_viv(c_has_ce=1...]
Compiling architecture rtl of entity floating_point_v7_1_15.delay [\delay(width=15,length=0,fast_in...]
Compiling architecture struct of entity floating_point_v7_1_15.carry_chain [\carry_chain(c_xdevicefamily="zy...]
Compiling architecture synth of entity floating_point_v7_1_15.flt_sqrt_mant_addsub [\flt_sqrt_mant_addsub(c_xdevicef...]
Compiling architecture synth of entity xbip_pipe_v3_0_6.xbip_pipe_v3_0_6_viv [\xbip_pipe_v3_0_6_viv(c_has_ce=1...]
Compiling architecture rtl of entity floating_point_v7_1_15.delay [\delay(width=16,length=0,fast_in...]
Compiling architecture struct of entity floating_point_v7_1_15.carry_chain [\carry_chain(c_xdevicefamily="zy...]
Compiling architecture synth of entity floating_point_v7_1_15.flt_sqrt_mant_addsub [\flt_sqrt_mant_addsub(c_xdevicef...]
Compiling architecture synth of entity xbip_pipe_v3_0_6.xbip_pipe_v3_0_6_viv [\xbip_pipe_v3_0_6_viv(c_has_ce=1...]
Compiling architecture rtl of entity floating_point_v7_1_15.delay [\delay(width=13,length=0)\]
Compiling architecture synth of entity xbip_pipe_v3_0_6.xbip_pipe_v3_0_6_viv [\xbip_pipe_v3_0_6_viv(c_latency=...]
Compiling architecture rtl of entity floating_point_v7_1_15.delay [\delay(width=2)\]
Compiling architecture synth of entity xbip_pipe_v3_0_6.xbip_pipe_v3_0_6_viv [\xbip_pipe_v3_0_6_viv(c_latency=...]
Compiling architecture rtl of entity floating_point_v7_1_15.delay [\delay(width=17,fast_input=true)...]
Compiling architecture struct of entity floating_point_v7_1_15.carry_chain [\carry_chain(c_xdevicefamily="zy...]
Compiling architecture synth of entity floating_point_v7_1_15.flt_sqrt_mant_addsub [\flt_sqrt_mant_addsub(c_xdevicef...]
Compiling architecture synth of entity xbip_pipe_v3_0_6.xbip_pipe_v3_0_6_viv [\xbip_pipe_v3_0_6_viv(c_latency=...]
Compiling architecture rtl of entity floating_point_v7_1_15.delay [\delay(width=14)\]
Compiling architecture synth of entity xbip_pipe_v3_0_6.xbip_pipe_v3_0_6_viv [\xbip_pipe_v3_0_6_viv(c_latency=...]
Compiling architecture rtl of entity floating_point_v7_1_15.delay [delay_default]
Compiling architecture synth of entity xbip_pipe_v3_0_6.xbip_pipe_v3_0_6_viv [\xbip_pipe_v3_0_6_viv(c_has_ce=1...]
Compiling architecture rtl of entity floating_point_v7_1_15.delay [\delay(width=18,length=0,fast_in...]
Compiling architecture struct of entity floating_point_v7_1_15.carry_chain [\carry_chain(c_xdevicefamily="zy...]
Compiling architecture synth of entity floating_point_v7_1_15.flt_sqrt_mant_addsub [\flt_sqrt_mant_addsub(c_xdevicef...]
Compiling architecture synth of entity xbip_pipe_v3_0_6.xbip_pipe_v3_0_6_viv [\xbip_pipe_v3_0_6_viv(c_has_ce=1...]
Compiling architecture rtl of entity floating_point_v7_1_15.delay [\delay(width=15,length=0)\]
Compiling architecture synth of entity xbip_pipe_v3_0_6.xbip_pipe_v3_0_6_viv [\xbip_pipe_v3_0_6_viv(c_has_ce=1...]
Compiling architecture rtl of entity floating_point_v7_1_15.delay [\delay(width=19,length=0,fast_in...]
Compiling architecture struct of entity floating_point_v7_1_15.carry_chain [\carry_chain(c_xdevicefamily="zy...]
Compiling architecture synth of entity floating_point_v7_1_15.flt_sqrt_mant_addsub [\flt_sqrt_mant_addsub(c_xdevicef...]
Compiling architecture synth of entity xbip_pipe_v3_0_6.xbip_pipe_v3_0_6_viv [\xbip_pipe_v3_0_6_viv(c_has_ce=1...]
Compiling architecture rtl of entity floating_point_v7_1_15.delay [\delay(width=20,length=0,fast_in...]
Compiling architecture struct of entity floating_point_v7_1_15.carry_chain [\carry_chain(c_xdevicefamily="zy...]
Compiling architecture synth of entity floating_point_v7_1_15.flt_sqrt_mant_addsub [\flt_sqrt_mant_addsub(c_xdevicef...]
Compiling architecture synth of entity xbip_pipe_v3_0_6.xbip_pipe_v3_0_6_viv [\xbip_pipe_v3_0_6_viv(c_has_ce=1...]
Compiling architecture rtl of entity floating_point_v7_1_15.delay [\delay(width=17,length=0)\]
Compiling architecture synth of entity xbip_pipe_v3_0_6.xbip_pipe_v3_0_6_viv [\xbip_pipe_v3_0_6_viv(c_has_ce=1...]
Compiling architecture rtl of entity floating_point_v7_1_15.delay [\delay(width=21,length=0,fast_in...]
Compiling architecture struct of entity floating_point_v7_1_15.carry_chain [\carry_chain(c_xdevicefamily="zy...]
Compiling architecture synth of entity floating_point_v7_1_15.flt_sqrt_mant_addsub [\flt_sqrt_mant_addsub(c_xdevicef...]
Compiling architecture synth of entity xbip_pipe_v3_0_6.xbip_pipe_v3_0_6_viv [\xbip_pipe_v3_0_6_viv(c_has_ce=1...]
Compiling architecture rtl of entity floating_point_v7_1_15.delay [\delay(width=22,length=0,fast_in...]
Compiling architecture struct of entity floating_point_v7_1_15.carry_chain [\carry_chain(c_xdevicefamily="zy...]
Compiling architecture synth of entity floating_point_v7_1_15.flt_sqrt_mant_addsub [\flt_sqrt_mant_addsub(c_xdevicef...]
Compiling architecture synth of entity xbip_pipe_v3_0_6.xbip_pipe_v3_0_6_viv [\xbip_pipe_v3_0_6_viv(c_has_ce=1...]
Compiling architecture rtl of entity floating_point_v7_1_15.delay [\delay(width=19,length=0)\]
Compiling architecture synth of entity xbip_pipe_v3_0_6.xbip_pipe_v3_0_6_viv [\xbip_pipe_v3_0_6_viv(c_has_ce=1...]
Compiling architecture rtl of entity floating_point_v7_1_15.delay [\delay(width=23,length=0,fast_in...]
Compiling architecture struct of entity floating_point_v7_1_15.carry_chain [\carry_chain(c_xdevicefamily="zy...]
Compiling architecture synth of entity floating_point_v7_1_15.flt_sqrt_mant_addsub [\flt_sqrt_mant_addsub(c_xdevicef...]
Compiling architecture synth of entity xbip_pipe_v3_0_6.xbip_pipe_v3_0_6_viv [\xbip_pipe_v3_0_6_viv(c_has_ce=1...]
Compiling architecture rtl of entity floating_point_v7_1_15.delay [\delay(width=24,length=0,fast_in...]
Compiling architecture struct of entity floating_point_v7_1_15.carry_chain [\carry_chain(c_xdevicefamily="zy...]
Compiling architecture synth of entity floating_point_v7_1_15.flt_sqrt_mant_addsub [\flt_sqrt_mant_addsub(c_xdevicef...]
Compiling architecture synth of entity xbip_pipe_v3_0_6.xbip_pipe_v3_0_6_viv [\xbip_pipe_v3_0_6_viv(c_has_ce=1...]
Compiling architecture rtl of entity floating_point_v7_1_15.delay [\delay(width=21,length=0)\]
Compiling architecture synth of entity xbip_pipe_v3_0_6.xbip_pipe_v3_0_6_viv [\xbip_pipe_v3_0_6_viv(c_has_ce=1...]
Compiling architecture rtl of entity floating_point_v7_1_15.delay [\delay(width=25,length=0,fast_in...]
Compiling architecture struct of entity floating_point_v7_1_15.carry_chain [\carry_chain(c_xdevicefamily="zy...]
Compiling architecture synth of entity floating_point_v7_1_15.flt_sqrt_mant_addsub [\flt_sqrt_mant_addsub(c_xdevicef...]
Compiling architecture synth of entity xbip_pipe_v3_0_6.xbip_pipe_v3_0_6_viv [\xbip_pipe_v3_0_6_viv(c_has_ce=1...]
Compiling architecture rtl of entity floating_point_v7_1_15.delay [\delay(width=26,length=0,fast_in...]
Compiling architecture struct of entity floating_point_v7_1_15.carry_chain [\carry_chain(c_xdevicefamily="zy...]
Compiling architecture synth of entity floating_point_v7_1_15.flt_sqrt_mant_addsub [\flt_sqrt_mant_addsub(c_xdevicef...]
Compiling architecture synth of entity xbip_pipe_v3_0_6.xbip_pipe_v3_0_6_viv [\xbip_pipe_v3_0_6_viv(c_has_ce=1...]
Compiling architecture rtl of entity floating_point_v7_1_15.delay [\delay(width=23,length=0)\]
Compiling architecture synth of entity xbip_pipe_v3_0_6.xbip_pipe_v3_0_6_viv [\xbip_pipe_v3_0_6_viv(c_has_ce=1...]
Compiling architecture rtl of entity floating_point_v7_1_15.delay [\delay(width=27,length=0,fast_in...]
Compiling architecture struct of entity floating_point_v7_1_15.carry_chain [\carry_chain(c_xdevicefamily="zy...]
Compiling architecture synth of entity floating_point_v7_1_15.flt_sqrt_mant_addsub [\flt_sqrt_mant_addsub(c_xdevicef...]
Compiling architecture synth of entity xbip_pipe_v3_0_6.xbip_pipe_v3_0_6_viv [\xbip_pipe_v3_0_6_viv(c_has_ce=1...]
Compiling architecture rtl of entity floating_point_v7_1_15.delay [\delay(width=28,length=0,fast_in...]
Compiling architecture struct of entity floating_point_v7_1_15.carry_chain [\carry_chain(c_xdevicefamily="zy...]
Compiling architecture synth of entity floating_point_v7_1_15.flt_sqrt_mant_addsub [\flt_sqrt_mant_addsub(c_xdevicef...]
Compiling architecture synth of entity xbip_pipe_v3_0_6.xbip_pipe_v3_0_6_viv [\xbip_pipe_v3_0_6_viv(c_has_ce=1...]
Compiling architecture rtl of entity floating_point_v7_1_15.delay [\delay(width=29,length=0,fast_in...]
Compiling architecture struct of entity floating_point_v7_1_15.carry_chain [\carry_chain(c_xdevicefamily="zy...]
Compiling architecture synth of entity floating_point_v7_1_15.flt_sqrt_mant_addsub [\flt_sqrt_mant_addsub(c_xdevicef...]
Compiling architecture synth of entity xbip_pipe_v3_0_6.xbip_pipe_v3_0_6_viv [\xbip_pipe_v3_0_6_viv(c_latency=...]
Compiling architecture rtl of entity floating_point_v7_1_15.delay [\delay(width=26)\]
Compiling architecture synth of entity floating_point_v7_1_15.flt_sqrt_mant [\flt_sqrt_mant(c_xdevicefamily="...]
Compiling architecture synth of entity xbip_pipe_v3_0_6.xbip_pipe_v3_0_6_viv [\xbip_pipe_v3_0_6_viv(c_latency=...]
Compiling architecture rtl of entity floating_point_v7_1_15.delay [\delay(width=8,length=2,fast_inp...]
Compiling architecture rtl of entity floating_point_v7_1_15.delay [\delay(length=0,fast_input=true)...]
Compiling architecture rtl of entity floating_point_v7_1_15.special_detect [\special_detect(c_xdevicefamily=...]
Compiling architecture synth of entity xbip_pipe_v3_0_6.xbip_pipe_v3_0_6_viv [\xbip_pipe_v3_0_6_viv(c_latency=...]
Compiling architecture rtl of entity floating_point_v7_1_15.delay [\delay(width=2,length=2,fast_inp...]
Compiling architecture synth of entity xbip_pipe_v3_0_6.xbip_pipe_v3_0_6_viv [\xbip_pipe_v3_0_6_viv(c_latency=...]
Compiling architecture rtl of entity floating_point_v7_1_15.delay [\delay(length=2,fast_input=true)...]
Compiling architecture rtl of entity floating_point_v7_1_15.flt_sqrt_exp [\flt_sqrt_exp(c_xdevicefamily="n...]
Compiling architecture struct of entity floating_point_v7_1_15.carry_chain [\carry_chain(c_xdevicefamily="zy...]
Compiling architecture synth of entity xbip_pipe_v3_0_6.xbip_pipe_v3_0_6_viv [\xbip_pipe_v3_0_6_viv(c_has_ce=1...]
Compiling architecture rtl of entity floating_point_v7_1_15.delay [\delay(width=2,length=0,fast_inp...]
Compiling architecture struct of entity floating_point_v7_1_15.carry_chain [\carry_chain(c_xdevicefamily="zy...]
Compiling architecture rtl of entity floating_point_v7_1_15.flt_round_bit [\flt_round_bit(c_xdevicefamily="...]
Compiling architecture rtl of entity floating_point_v7_1_15.renorm_and_round_logic [\renorm_and_round_logic(c_xdevic...]
Compiling architecture synth of entity floating_point_v7_1_15.flt_dec_op [\flt_dec_op(c_xdevicefamily="zyn...]
Compiling architecture virtex of entity floating_point_v7_1_15.flt_sqrt [\flt_sqrt(c_xdevicefamily="zynqu...]
Compiling architecture synth of entity xbip_pipe_v3_0_6.xbip_pipe_v3_0_6_viv [\xbip_pipe_v3_0_6_viv(c_latency=...]
Compiling architecture synth of entity xbip_pipe_v3_0_6.xbip_pipe_v3_0_6_viv [\xbip_pipe_v3_0_6_viv(c_has_ce=1...]
Compiling architecture rtl of entity floating_point_v7_1_15.delay [\delay(width=32,length=0)\]
Compiling architecture xilinx of entity floating_point_v7_1_15.floating_point_v7_1_15_viv [\floating_point_v7_1_15_viv(c_xd...]
Compiling architecture xilinx of entity floating_point_v7_1_15.floating_point_v7_1_15 [\floating_point_v7_1_15(c_xdevic...]
Compiling module xil_defaultlib.omp_reconstruction_fsqrt_32ns_32...
Compiling module xil_defaultlib.omp_reconstruction_fsqrt_32ns_32...
Compiling module xil_defaultlib.omp_reconstruction_mux_48_6_32_1...
Compiling module xil_defaultlib.omp_reconstruction_gram_schmidt
Compiling architecture struct of entity floating_point_v7_1_15.carry_chain [\carry_chain(c_xdevicefamily="zy...]
Compiling architecture synth of entity floating_point_v7_1_15.compare_eq_im [\compare_eq_im(c_xdevicefamily="...]
Compiling architecture struct of entity floating_point_v7_1_15.carry_chain [\carry_chain(c_xdevicefamily="zy...]
Compiling architecture dsp48e1_v of entity unisim.DSP48E1 [\DSP48E1(acascreg=0,adreg=0,alum...]
Compiling architecture synth of entity xbip_pipe_v3_0_6.xbip_pipe_v3_0_6_viv [\xbip_pipe_v3_0_6_viv(c_has_ce=1...]
Compiling architecture rtl of entity floating_point_v7_1_15.delay [\delay(width=48,length=0)\]
Compiling architecture rtl of entity floating_point_v7_1_15.dsp48e1_wrapper [\dsp48e1_wrapper(c_part="xczu19e...]
Compiling architecture synth of entity xbip_pipe_v3_0_6.xbip_pipe_v3_0_6_viv [\xbip_pipe_v3_0_6_viv(c_has_ce=1...]
Compiling architecture rtl of entity floating_point_v7_1_15.delay [\delay(width=27,length=0)\]
Compiling architecture synth of entity floating_point_v7_1_15.align_add_dsp48e1_sgl [\align_add_dsp48e1_sgl(c_xdevice...]
Compiling architecture lut5_v of entity unisim.LUT5 [\LUT5(init="00000000000000001111...]
Compiling architecture lut5_v of entity unisim.LUT5 [\LUT5(init="00000000000000000000...]
Compiling architecture rtl of entity floating_point_v7_1_15.lead_zero_encode_shift [\lead_zero_encode_shift(ab_fw=24...]
Compiling architecture lut6_v of entity unisim.LUT6 [\LUT6(init="11111110010101001011...]
Compiling architecture lut5_v of entity unisim.LUT5 [\LUT5(init="00010001010111110000...]
Compiling architecture lut5_v of entity unisim.LUT5 [\LUT5(init="11101110101000001111...]
Compiling architecture dsp48e1_v of entity unisim.DSP48E1 [\DSP48E1(acascreg=0,adreg=0,alum...]
Compiling architecture rtl of entity floating_point_v7_1_15.dsp48e1_wrapper [\dsp48e1_wrapper(a_width=24,c_wi...]
Compiling architecture rtl of entity floating_point_v7_1_15.norm_and_round_dsp48e1_sgl [\norm_and_round_dsp48e1_sgl(c_mu...]
Compiling architecture lut5_v of entity unisim.LUT5 [\LUT5(init="10011001100110011001...]
Compiling architecture lut5_v of entity unisim.LUT5 [\LUT5(init="11111111000000001111...]
Compiling architecture struct of entity floating_point_v7_1_15.carry_chain [\carry_chain(c_xdevicefamily="zy...]
Compiling architecture synth of entity xbip_pipe_v3_0_6.xbip_pipe_v3_0_6_viv [\xbip_pipe_v3_0_6_viv(c_has_ce=1...]
Compiling architecture rtl of entity floating_point_v7_1_15.delay [\delay(width=4,length=0,fast_inp...]
Compiling architecture synth of entity floating_point_v7_1_15.compare_eq_im [\compare_eq_im(c_xdevicefamily="...]
Compiling architecture rtl of entity floating_point_v7_1_15.special_detect [\special_detect(c_xdevicefamily=...]
Compiling architecture synth of entity floating_point_v7_1_15.compare [\compare(c_xdevicefamily="zynqup...]
Compiling architecture rtl of entity floating_point_v7_1_15.flt_add_exp_sp [\flt_add_exp_sp(c_xdevicefamily=...]
Compiling architecture synth of entity floating_point_v7_1_15.flt_dec_op [\flt_dec_op(c_xdevicefamily="zyn...]
Compiling architecture rtl of entity floating_point_v7_1_15.flt_add_dsp [\flt_add_dsp(c_xdevicefamily="zy...]
Compiling architecture rtl of entity floating_point_v7_1_15.flt_add [\flt_add(c_xdevicefamily="zynqup...]
Compiling architecture xilinx of entity floating_point_v7_1_15.floating_point_v7_1_15_viv [\floating_point_v7_1_15_viv(c_xd...]
Compiling architecture xilinx of entity floating_point_v7_1_15.floating_point_v7_1_15 [\floating_point_v7_1_15(c_xdevic...]
Compiling module xil_defaultlib.omp_reconstruction_fadd_32ns_32n...
Compiling module xil_defaultlib.omp_reconstruction_fadd_32ns_32n...
Compiling architecture dsp48e1_v of entity unisim.DSP48E1 [\DSP48E1(acascreg=0,adreg=0,alum...]
Compiling architecture rtl of entity floating_point_v7_1_15.dsp48e1_wrapper [\dsp48e1_wrapper(a_width=24,b_wi...]
Compiling architecture dsp48e1_v of entity unisim.DSP48E1 [\DSP48E1(acascreg=0,adreg=0,alum...]
Compiling architecture rtl of entity floating_point_v7_1_15.dsp48e1_wrapper [\dsp48e1_wrapper(a_width=24,b_wi...]
Compiling architecture struct of entity floating_point_v7_1_15.fix_mult_dsp48e1_sgl [\fix_mult_dsp48e1_sgl(registers=...]
Compiling architecture rtl of entity floating_point_v7_1_15.fix_mult [\fix_mult(c_xdevicefamily="zynqu...]
Compiling architecture struct of entity floating_point_v7_1_15.carry_chain [\carry_chain(c_xdevicefamily="zy...]
Compiling architecture synth of entity xbip_pipe_v3_0_6.xbip_pipe_v3_0_6_viv [\xbip_pipe_v3_0_6_viv(c_has_ce=1...]
Compiling architecture rtl of entity floating_point_v7_1_15.delay [\delay(width=3,length=0,fast_inp...]
Compiling architecture rtl of entity floating_point_v7_1_15.flt_mult_exp [\flt_mult_exp(c_xdevicefamily="z...]
Compiling architecture dsp48e1_v of entity unisim.DSP48E1 [\DSP48E1(acascreg=0,adreg=0,alum...]
Compiling architecture synth of entity xbip_pipe_v3_0_6.xbip_pipe_v3_0_6_viv [\xbip_pipe_v3_0_6_viv(c_has_ce=1...]
Compiling architecture rtl of entity floating_point_v7_1_15.delay [\delay(width=30,length=0)\]
Compiling architecture rtl of entity floating_point_v7_1_15.dsp48e1_wrapper [\dsp48e1_wrapper(a_width=30,b_wi...]
Compiling architecture struct of entity floating_point_v7_1_15.flt_round_dsp_opt_full [\flt_round_dsp_opt_full(c_xdevic...]
Compiling architecture rtl of entity floating_point_v7_1_15.flt_mult_round [\flt_mult_round(c_xdevicefamily=...]
Compiling architecture synth of entity floating_point_v7_1_15.flt_dec_op_lat [\flt_dec_op_lat(c_xdevicefamily=...]
Compiling architecture rtl of entity floating_point_v7_1_15.flt_mult [\flt_mult(c_xdevicefamily="zynqu...]
Compiling architecture xilinx of entity floating_point_v7_1_15.floating_point_v7_1_15_viv [\floating_point_v7_1_15_viv(c_xd...]
Compiling architecture xilinx of entity floating_point_v7_1_15.floating_point_v7_1_15 [\floating_point_v7_1_15(c_xdevic...]
Compiling module xil_defaultlib.omp_reconstruction_fmul_32ns_32n...
Compiling module xil_defaultlib.omp_reconstruction_fmul_32ns_32n...
Compiling module xil_defaultlib.omp_reconstruction_dot_product_M
Compiling module xil_defaultlib.omp_reconstruction_omp_reconstru...
Compiling module xil_defaultlib.omp_reconstruction_fadd_32ns_32n...
Compiling module xil_defaultlib.omp_reconstruction_fadd_32ns_32n...
Compiling module xil_defaultlib.omp_reconstruction_fmul_32ns_32n...
Compiling module xil_defaultlib.omp_reconstruction_fmul_32ns_32n...
Compiling module xil_defaultlib.omp_reconstruction_dot_product_M...
Compiling module xil_defaultlib.omp_reconstruction_omp_reconstru...
Compiling module xil_defaultlib.omp_reconstruction_acd_inversion...
Compiling module xil_defaultlib.omp_reconstruction_acd_inversion...
Compiling module xil_defaultlib.omp_reconstruction_acd_inversion...
Compiling module xil_defaultlib.omp_reconstruction_mux_8_3_32_1_...
Compiling module xil_defaultlib.omp_reconstruction_acd_inversion...
Compiling module xil_defaultlib.omp_reconstruction_acd_inversion...
Compiling module xil_defaultlib.omp_reconstruction_acd_inversion...
Compiling module xil_defaultlib.omp_reconstruction_acd_inversion
Compiling module xil_defaultlib.omp_reconstruction_omp_reconstru...
Compiling module xil_defaultlib.omp_reconstruction_omp_reconstru...
Compiling module xil_defaultlib.omp_reconstruction_control_s_axi
Compiling module xil_defaultlib.omp_reconstruction_gmem0_m_axi_s...
Compiling module xil_defaultlib.omp_reconstruction_gmem0_m_axi_f...
Compiling module xil_defaultlib.omp_reconstruction_gmem0_m_axi_m...
Compiling module xil_defaultlib.omp_reconstruction_gmem0_m_axi_f...
Compiling module xil_defaultlib.omp_reconstruction_gmem0_m_axi_s...
Compiling module xil_defaultlib.omp_reconstruction_gmem0_m_axi_f...
Compiling module xil_defaultlib.omp_reconstruction_gmem0_m_axi_s...
Compiling module xil_defaultlib.omp_reconstruction_gmem0_m_axi_f...
Compiling module xil_defaultlib.omp_reconstruction_gmem0_m_axi_s...
Compiling module xil_defaultlib.omp_reconstruction_gmem0_m_axi_m...
Compiling module xil_defaultlib.omp_reconstruction_gmem0_m_axi_f...
Compiling module xil_defaultlib.omp_reconstruction_gmem0_m_axi_l...
Compiling module xil_defaultlib.omp_reconstruction_gmem0_m_axi_r...
Compiling module xil_defaultlib.omp_reconstruction_gmem0_m_axi_b...
Compiling module xil_defaultlib.omp_reconstruction_gmem0_m_axi_s...
Compiling module xil_defaultlib.omp_reconstruction_gmem0_m_axi_f...
Compiling module xil_defaultlib.omp_reconstruction_gmem0_m_axi_r...
Compiling module xil_defaultlib.omp_reconstruction_gmem0_m_axi_s...
Compiling module xil_defaultlib.omp_reconstruction_gmem0_m_axi_f...
Compiling module xil_defaultlib.omp_reconstruction_gmem0_m_axi_s...
Compiling module xil_defaultlib.omp_reconstruction_gmem0_m_axi_f...
Compiling module xil_defaultlib.omp_reconstruction_gmem0_m_axi_t...
Compiling module xil_defaultlib.omp_reconstruction_gmem0_m_axi_r...
Compiling module xil_defaultlib.omp_reconstruction_gmem0_m_axi_w...
Compiling module xil_defaultlib.omp_reconstruction_gmem0_m_axi_r...
Compiling module xil_defaultlib.omp_reconstruction_gmem0_m_axi_r...
Compiling module xil_defaultlib.omp_reconstruction_gmem0_m_axi(C...
Compiling module xil_defaultlib.omp_reconstruction_gmem1_m_axi_s...
Compiling module xil_defaultlib.omp_reconstruction_gmem1_m_axi_f...
Compiling module xil_defaultlib.omp_reconstruction_gmem1_m_axi_m...
Compiling module xil_defaultlib.omp_reconstruction_gmem1_m_axi_f...
Compiling module xil_defaultlib.omp_reconstruction_gmem1_m_axi_s...
Compiling module xil_defaultlib.omp_reconstruction_gmem1_m_axi_f...
Compiling module xil_defaultlib.omp_reconstruction_gmem1_m_axi_s...
Compiling module xil_defaultlib.omp_reconstruction_gmem1_m_axi_f...
Compiling module xil_defaultlib.omp_reconstruction_gmem1_m_axi_s...
Compiling module xil_defaultlib.omp_reconstruction_gmem1_m_axi_m...
Compiling module xil_defaultlib.omp_reconstruction_gmem1_m_axi_f...
Compiling module xil_defaultlib.omp_reconstruction_gmem1_m_axi_l...
Compiling module xil_defaultlib.omp_reconstruction_gmem1_m_axi_r...
Compiling module xil_defaultlib.omp_reconstruction_gmem1_m_axi_b...
Compiling module xil_defaultlib.omp_reconstruction_gmem1_m_axi_s...
Compiling module xil_defaultlib.omp_reconstruction_gmem1_m_axi_f...
Compiling module xil_defaultlib.omp_reconstruction_gmem1_m_axi_r...
Compiling module xil_defaultlib.omp_reconstruction_gmem1_m_axi_s...
Compiling module xil_defaultlib.omp_reconstruction_gmem1_m_axi_f...
Compiling module xil_defaultlib.omp_reconstruction_gmem1_m_axi_s...
Compiling module xil_defaultlib.omp_reconstruction_gmem1_m_axi_f...
Compiling module xil_defaultlib.omp_reconstruction_gmem1_m_axi_t...
Compiling module xil_defaultlib.omp_reconstruction_gmem1_m_axi_r...
Compiling module xil_defaultlib.omp_reconstruction_gmem1_m_axi_w...
Compiling module xil_defaultlib.omp_reconstruction_gmem1_m_axi_r...
Compiling module xil_defaultlib.omp_reconstruction_gmem1_m_axi_r...
Compiling module xil_defaultlib.omp_reconstruction_gmem1_m_axi(C...
Compiling module xil_defaultlib.omp_reconstruction_gmem2_m_axi_s...
Compiling module xil_defaultlib.omp_reconstruction_gmem2_m_axi_f...
Compiling module xil_defaultlib.omp_reconstruction_gmem2_m_axi_m...
Compiling module xil_defaultlib.omp_reconstruction_gmem2_m_axi_f...
Compiling module xil_defaultlib.omp_reconstruction_gmem2_m_axi_s...
Compiling module xil_defaultlib.omp_reconstruction_gmem2_m_axi_f...
Compiling module xil_defaultlib.omp_reconstruction_gmem2_m_axi_s...
Compiling module xil_defaultlib.omp_reconstruction_gmem2_m_axi_f...
Compiling module xil_defaultlib.omp_reconstruction_gmem2_m_axi_s...
Compiling module xil_defaultlib.omp_reconstruction_gmem2_m_axi_m...
Compiling module xil_defaultlib.omp_reconstruction_gmem2_m_axi_f...
Compiling module xil_defaultlib.omp_reconstruction_gmem2_m_axi_l...
Compiling module xil_defaultlib.omp_reconstruction_gmem2_m_axi_r...
Compiling module xil_defaultlib.omp_reconstruction_gmem2_m_axi_b...
Compiling module xil_defaultlib.omp_reconstruction_gmem2_m_axi_s...
Compiling module xil_defaultlib.omp_reconstruction_gmem2_m_axi_f...
Compiling module xil_defaultlib.omp_reconstruction_gmem2_m_axi_r...
Compiling module xil_defaultlib.omp_reconstruction_gmem2_m_axi_s...
Compiling module xil_defaultlib.omp_reconstruction_gmem2_m_axi_f...
Compiling module xil_defaultlib.omp_reconstruction_gmem2_m_axi_s...
Compiling module xil_defaultlib.omp_reconstruction_gmem2_m_axi_f...
Compiling module xil_defaultlib.omp_reconstruction_gmem2_m_axi_t...
Compiling module xil_defaultlib.omp_reconstruction_gmem2_m_axi_r...
Compiling module xil_defaultlib.omp_reconstruction_gmem2_m_axi_w...
Compiling module xil_defaultlib.omp_reconstruction_gmem2_m_axi_r...
Compiling module xil_defaultlib.omp_reconstruction_gmem2_m_axi_r...
Compiling module xil_defaultlib.omp_reconstruction_gmem2_m_axi(C...
Compiling architecture rtl of entity floating_point_v7_1_15.flt_add [\flt_add(c_xdevicefamily="zynqup...]
Compiling architecture xilinx of entity floating_point_v7_1_15.floating_point_v7_1_15_viv [\floating_point_v7_1_15_viv(c_xd...]
Compiling architecture xilinx of entity floating_point_v7_1_15.floating_point_v7_1_15 [\floating_point_v7_1_15(c_xdevic...]
Compiling module xil_defaultlib.omp_reconstruction_faddfsub_32ns...
Compiling module xil_defaultlib.omp_reconstruction_faddfsub_32ns...
Compiling architecture synth of entity floating_point_v7_1_15.flt_div_mant_addsub [\flt_div_mant_addsub(c_xdevicefa...]
Compiling architecture synth of entity xbip_pipe_v3_0_6.xbip_pipe_v3_0_6_viv [\xbip_pipe_v3_0_6_viv(c_latency=...]
Compiling architecture rtl of entity floating_point_v7_1_15.delay [\delay(width=23)\]
Compiling architecture synth of entity xbip_pipe_v3_0_6.xbip_pipe_v3_0_6_viv [\xbip_pipe_v3_0_6_viv(c_latency=...]
Compiling architecture rtl of entity floating_point_v7_1_15.delay [\delay(width=25,fast_input=true)...]
Compiling architecture struct of entity floating_point_v7_1_15.carry_chain [\carry_chain(c_xdevicefamily="zy...]
Compiling architecture synth of entity floating_point_v7_1_15.flt_div_mant_addsub [\flt_div_mant_addsub(c_xdevicefa...]
Compiling architecture virtex of entity floating_point_v7_1_15.flt_div_mant [\flt_div_mant(c_xdevicefamily="z...]
Compiling architecture rtl of entity floating_point_v7_1_15.delay [\delay(length=3,fast_input=true)...]
Compiling architecture synth of entity xbip_pipe_v3_0_6.xbip_pipe_v3_0_6_viv [\xbip_pipe_v3_0_6_viv(c_latency=...]
Compiling architecture rtl of entity floating_point_v7_1_15.delay [\delay(width=8,length=3)\]
Compiling architecture synth of entity xbip_pipe_v3_0_6.xbip_pipe_v3_0_6_viv [\xbip_pipe_v3_0_6_viv(c_latency=...]
Compiling architecture rtl of entity floating_point_v7_1_15.delay [\delay(width=3,length=3,fast_inp...]
Compiling architecture synth of entity xbip_pipe_v3_0_6.xbip_pipe_v3_0_6_viv [\xbip_pipe_v3_0_6_viv(c_latency=...]
Compiling architecture rtl of entity floating_point_v7_1_15.delay [\delay(width=4,length=3,fast_inp...]
Compiling architecture rtl of entity floating_point_v7_1_15.flt_div_exp [\flt_div_exp(c_xdevicefamily="no...]
Compiling architecture struct of entity floating_point_v7_1_15.carry_chain [\carry_chain(c_xdevicefamily="zy...]
Compiling architecture rtl of entity floating_point_v7_1_15.flt_round_bit [\flt_round_bit(c_xdevicefamily="...]
Compiling architecture rtl of entity floating_point_v7_1_15.renorm_and_round_logic [\renorm_and_round_logic(c_xdevic...]
Compiling architecture synth of entity floating_point_v7_1_15.flt_dec_op_lat [\flt_dec_op_lat(c_xdevicefamily=...]
Compiling architecture virtex of entity floating_point_v7_1_15.flt_div [\flt_div(c_xdevicefamily="zynqup...]
Compiling architecture synth of entity xbip_pipe_v3_0_6.xbip_pipe_v3_0_6_viv [\xbip_pipe_v3_0_6_viv(c_latency=...]
Compiling architecture xilinx of entity floating_point_v7_1_15.floating_point_v7_1_15_viv [\floating_point_v7_1_15_viv(c_xd...]
Compiling architecture xilinx of entity floating_point_v7_1_15.floating_point_v7_1_15 [\floating_point_v7_1_15(c_xdevic...]
Compiling module xil_defaultlib.omp_reconstruction_fdiv_32ns_32n...
Compiling module xil_defaultlib.omp_reconstruction_fdiv_32ns_32n...
Compiling module xil_defaultlib.omp_reconstruction
Compiling module xil_defaultlib.AESL_axi_master_gmem0
Compiling module xil_defaultlib.AESL_axi_master_gmem1
Compiling module xil_defaultlib.AESL_axi_master_gmem2
Compiling module xil_defaultlib.AESL_axi_slave_control
Compiling module xil_defaultlib.nodf_module_intf
Compiling module xil_defaultlib.seq_loop_intf(FSM_WIDTH=182)
Compiling module xil_defaultlib.seq_loop_intf(FSM_WIDTH=220)
Compiling module xil_defaultlib.seq_loop_intf(FSM_WIDTH=134)
Compiling module xil_defaultlib.upc_loop_intf(FSM_WIDTH=1)
Compiling module xil_defaultlib.dataflow_monitor_1
Compiling module xil_defaultlib.apatb_omp_reconstruction_top
Compiling module work.glbl
Built simulation snapshot omp_reconstruction
