

================================================================
== Vitis HLS Report for 'acd_inversion_Pipeline_calc_T'
================================================================
* Date:           Sun Nov 23 17:36:24 2025

* Version:        2023.1 (Build 3854077 on May  4 2023)
* Project:        OMP_HLS
* Solution:       solution1 (Vivado IP Flow Target)
* Product family: zynquplus
* Target device:  xczu19eg-ffvc1760-2-e


================================================================
== Performance Estimates
================================================================
+ Timing: 
    * Summary: 
    +--------+----------+----------+------------+
    |  Clock |  Target  | Estimated| Uncertainty|
    +--------+----------+----------+------------+
    |ap_clk  |  22.00 ns|  9.140 ns|     5.94 ns|
    +--------+----------+----------+------------+

+ Latency: 
    * Summary: 
    +---------+---------+----------+----------+-----+-----+---------+
    |  Latency (cycles) |  Latency (absolute) |  Interval | Pipeline|
    |   min   |   max   |    min   |    max   | min | max |   Type  |
    +---------+---------+----------+----------+-----+-----+---------+
    |       10|       10|  0.220 us|  0.220 us|   10|   10|       no|
    +---------+---------+----------+----------+-----+-----+---------+

    + Detail: 
        * Instance: 
        N/A

        * Loop: 
        +----------+---------+---------+----------+-----------+-----------+------+----------+
        |          |  Latency (cycles) | Iteration|  Initiation Interval  | Trip |          |
        | Loop Name|   min   |   max   |  Latency |  achieved |   target  | Count| Pipelined|
        +----------+---------+---------+----------+-----------+-----------+------+----------+
        |- calc_T  |        8|        8|         2|          1|          1|     8|       yes|
        +----------+---------+---------+----------+-----------+-----------+------+----------+



================================================================
== Utilization Estimates
================================================================
* Summary: 
+-----------------+---------+------+---------+--------+-----+
|       Name      | BRAM_18K|  DSP |    FF   |   LUT  | URAM|
+-----------------+---------+------+---------+--------+-----+
|DSP              |        -|     -|        -|       -|    -|
|Expression       |        -|     -|        0|      26|    -|
|FIFO             |        -|     -|        -|       -|    -|
|Instance         |        -|     -|        0|     387|    -|
|Memory           |        -|     -|        -|       -|    -|
|Multiplexer      |        -|     -|        -|      36|    -|
|Register         |        -|     -|     2058|       -|    -|
+-----------------+---------+------+---------+--------+-----+
|Total            |        0|     0|     2058|     449|    0|
+-----------------+---------+------+---------+--------+-----+
|Available        |     1968|  1968|  1045440|  522720|  128|
+-----------------+---------+------+---------+--------+-----+
|Utilization (%)  |        0|     0|       ~0|      ~0|    0|
+-----------------+---------+------+---------+--------+-----+

+ Detail: 
    * Instance: 
    +----------------------+----------------+---------+----+---+----+-----+
    |       Instance       |     Module     | BRAM_18K| DSP| FF| LUT| URAM|
    +----------------------+----------------+---------+----+---+----+-----+
    |mux_8_3_32_1_1_U1142  |mux_8_3_32_1_1  |        0|   0|  0|  43|    0|
    |mux_8_3_32_1_1_U1143  |mux_8_3_32_1_1  |        0|   0|  0|  43|    0|
    |mux_8_3_32_1_1_U1144  |mux_8_3_32_1_1  |        0|   0|  0|  43|    0|
    |mux_8_3_32_1_1_U1145  |mux_8_3_32_1_1  |        0|   0|  0|  43|    0|
    |mux_8_3_32_1_1_U1146  |mux_8_3_32_1_1  |        0|   0|  0|  43|    0|
    |mux_8_3_32_1_1_U1147  |mux_8_3_32_1_1  |        0|   0|  0|  43|    0|
    |mux_8_3_32_1_1_U1148  |mux_8_3_32_1_1  |        0|   0|  0|  43|    0|
    |mux_8_3_32_1_1_U1149  |mux_8_3_32_1_1  |        0|   0|  0|  43|    0|
    |mux_8_3_32_1_1_U1150  |mux_8_3_32_1_1  |        0|   0|  0|  43|    0|
    +----------------------+----------------+---------+----+---+----+-----+
    |Total                 |                |        0|   0|  0| 387|    0|
    +----------------------+----------------+---------+----+---+----+-----+

    * DSP: 
    N/A

    * Memory: 
    N/A

    * FIFO: 
    N/A

    * Expression: 
    +-----------------------+----------+----+---+----+------------+------------+
    |     Variable Name     | Operation| DSP| FF| LUT| Bitwidth P0| Bitwidth P1|
    +-----------------------+----------+----+---+----+------------+------------+
    |add_ln162_fu_1500_p2   |         +|   0|  0|  12|           4|           1|
    |icmp_ln162_fu_1494_p2  |      icmp|   0|  0|  12|           4|           5|
    |ap_enable_pp0          |       xor|   0|  0|   2|           1|           2|
    +-----------------------+----------+----+---+----+------------+------------+
    |Total                  |          |   0|  0|  26|           9|           8|
    +-----------------------+----------+----+---+----+------------+------------+

    * Multiplexer: 
    +-------------------------+----+-----------+-----+-----------+
    |           Name          | LUT| Input Size| Bits| Total Bits|
    +-------------------------+----+-----------+-----+-----------+
    |ap_done_int              |   9|          2|    1|          2|
    |ap_enable_reg_pp0_iter1  |   9|          2|    1|          2|
    |ap_sig_allocacmp_i_10    |   9|          2|    4|          8|
    |i_fu_314                 |   9|          2|    4|          8|
    +-------------------------+----+-----------+-----+-----------+
    |Total                    |  36|          8|   10|         20|
    +-------------------------+----+-----------+-----+-----------+

    * Register: 
    +-------------------------+----+----+-----+-----------+
    |           Name          | FF | LUT| Bits| Const Bits|
    +-------------------------+----+----+-----+-----------+
    |ap_CS_fsm                |   1|   0|    1|          0|
    |ap_done_reg              |   1|   0|    1|          0|
    |ap_enable_reg_pp0_iter1  |   1|   0|    1|          0|
    |empty_239_fu_322         |  32|   0|   32|          0|
    |empty_240_fu_326         |  32|   0|   32|          0|
    |empty_241_fu_330         |  32|   0|   32|          0|
    |empty_242_fu_334         |  32|   0|   32|          0|
    |empty_243_fu_338         |  32|   0|   32|          0|
    |empty_244_fu_342         |  32|   0|   32|          0|
    |empty_245_fu_346         |  32|   0|   32|          0|
    |empty_246_fu_350         |  32|   0|   32|          0|
    |empty_247_fu_354         |  32|   0|   32|          0|
    |empty_248_fu_358         |  32|   0|   32|          0|
    |empty_249_fu_362         |  32|   0|   32|          0|
    |empty_250_fu_366         |  32|   0|   32|          0|
    |empty_251_fu_370         |  32|   0|   32|          0|
    |empty_252_fu_374         |  32|   0|   32|          0|
    |empty_253_fu_378         |  32|   0|   32|          0|
    |empty_254_fu_382         |  32|   0|   32|          0|
    |empty_255_fu_386         |  32|   0|   32|          0|
    |empty_256_fu_390         |  32|   0|   32|          0|
    |empty_257_fu_394         |  32|   0|   32|          0|
    |empty_258_fu_398         |  32|   0|   32|          0|
    |empty_259_fu_402         |  32|   0|   32|          0|
    |empty_260_fu_406         |  32|   0|   32|          0|
    |empty_261_fu_410         |  32|   0|   32|          0|
    |empty_262_fu_414         |  32|   0|   32|          0|
    |empty_263_fu_418         |  32|   0|   32|          0|
    |empty_264_fu_422         |  32|   0|   32|          0|
    |empty_265_fu_426         |  32|   0|   32|          0|
    |empty_266_fu_430         |  32|   0|   32|          0|
    |empty_267_fu_434         |  32|   0|   32|          0|
    |empty_268_fu_438         |  32|   0|   32|          0|
    |empty_269_fu_442         |  32|   0|   32|          0|
    |empty_270_fu_446         |  32|   0|   32|          0|
    |empty_271_fu_450         |  32|   0|   32|          0|
    |empty_272_fu_454         |  32|   0|   32|          0|
    |empty_273_fu_458         |  32|   0|   32|          0|
    |empty_274_fu_462         |  32|   0|   32|          0|
    |empty_275_fu_466         |  32|   0|   32|          0|
    |empty_276_fu_470         |  32|   0|   32|          0|
    |empty_277_fu_474         |  32|   0|   32|          0|
    |empty_278_fu_478         |  32|   0|   32|          0|
    |empty_279_fu_482         |  32|   0|   32|          0|
    |empty_280_fu_486         |  32|   0|   32|          0|
    |empty_281_fu_490         |  32|   0|   32|          0|
    |empty_282_fu_494         |  32|   0|   32|          0|
    |empty_283_fu_498         |  32|   0|   32|          0|
    |empty_284_fu_502         |  32|   0|   32|          0|
    |empty_285_fu_506         |  32|   0|   32|          0|
    |empty_286_fu_510         |  32|   0|   32|          0|
    |empty_287_fu_514         |  32|   0|   32|          0|
    |empty_288_fu_518         |  32|   0|   32|          0|
    |empty_289_fu_522         |  32|   0|   32|          0|
    |empty_290_fu_526         |  32|   0|   32|          0|
    |empty_291_fu_530         |  32|   0|   32|          0|
    |empty_292_fu_534         |  32|   0|   32|          0|
    |empty_293_fu_538         |  32|   0|   32|          0|
    |empty_294_fu_542         |  32|   0|   32|          0|
    |empty_295_fu_546         |  32|   0|   32|          0|
    |empty_296_fu_550         |  32|   0|   32|          0|
    |empty_297_fu_554         |  32|   0|   32|          0|
    |empty_298_fu_558         |  32|   0|   32|          0|
    |empty_299_fu_562         |  32|   0|   32|          0|
    |empty_300_fu_566         |  32|   0|   32|          0|
    |empty_301_fu_570         |  32|   0|   32|          0|
    |empty_fu_318             |  32|   0|   32|          0|
    |i_fu_314                 |   4|   0|    4|          0|
    |trunc_ln162_reg_2699     |   3|   0|    3|          0|
    +-------------------------+----+----+-----+-----------+
    |Total                    |2058|   0| 2058|          0|
    +-------------------------+----+----+-----+-----------+



================================================================
== Interface
================================================================
* Summary: 
+------------------------+-----+-----+------------+-------------------------------+--------------+
|        RTL Ports       | Dir | Bits|  Protocol  |         Source Object         |    C Type    |
+------------------------+-----+-----+------------+-------------------------------+--------------+
|ap_clk                  |   in|    1|  ap_ctrl_hs|  acd_inversion_Pipeline_calc_T|  return value|
|ap_rst                  |   in|    1|  ap_ctrl_hs|  acd_inversion_Pipeline_calc_T|  return value|
|ap_start                |   in|    1|  ap_ctrl_hs|  acd_inversion_Pipeline_calc_T|  return value|
|ap_done                 |  out|    1|  ap_ctrl_hs|  acd_inversion_Pipeline_calc_T|  return value|
|ap_idle                 |  out|    1|  ap_ctrl_hs|  acd_inversion_Pipeline_calc_T|  return value|
|ap_ready                |  out|    1|  ap_ctrl_hs|  acd_inversion_Pipeline_calc_T|  return value|
|grp_fu_3283_p_din0      |  out|   32|  ap_ctrl_hs|  acd_inversion_Pipeline_calc_T|  return value|
|grp_fu_3283_p_din1      |  out|   32|  ap_ctrl_hs|  acd_inversion_Pipeline_calc_T|  return value|
|grp_fu_3283_p_dout0     |   in|   32|  ap_ctrl_hs|  acd_inversion_Pipeline_calc_T|  return value|
|grp_fu_3283_p_ce        |  out|    1|  ap_ctrl_hs|  acd_inversion_Pipeline_calc_T|  return value|
|grp_fu_3287_p_din0      |  out|   32|  ap_ctrl_hs|  acd_inversion_Pipeline_calc_T|  return value|
|grp_fu_3287_p_din1      |  out|   32|  ap_ctrl_hs|  acd_inversion_Pipeline_calc_T|  return value|
|grp_fu_3287_p_dout0     |   in|   32|  ap_ctrl_hs|  acd_inversion_Pipeline_calc_T|  return value|
|grp_fu_3287_p_ce        |  out|    1|  ap_ctrl_hs|  acd_inversion_Pipeline_calc_T|  return value|
|grp_fu_8251_p_din0      |  out|   32|  ap_ctrl_hs|  acd_inversion_Pipeline_calc_T|  return value|
|grp_fu_8251_p_din1      |  out|   32|  ap_ctrl_hs|  acd_inversion_Pipeline_calc_T|  return value|
|grp_fu_8251_p_dout0     |   in|   32|  ap_ctrl_hs|  acd_inversion_Pipeline_calc_T|  return value|
|grp_fu_8251_p_ce        |  out|    1|  ap_ctrl_hs|  acd_inversion_Pipeline_calc_T|  return value|
|grp_fu_8255_p_din0      |  out|   32|  ap_ctrl_hs|  acd_inversion_Pipeline_calc_T|  return value|
|grp_fu_8255_p_din1      |  out|   32|  ap_ctrl_hs|  acd_inversion_Pipeline_calc_T|  return value|
|grp_fu_8255_p_dout0     |   in|   32|  ap_ctrl_hs|  acd_inversion_Pipeline_calc_T|  return value|
|grp_fu_8255_p_ce        |  out|    1|  ap_ctrl_hs|  acd_inversion_Pipeline_calc_T|  return value|
|grp_fu_8259_p_din0      |  out|   32|  ap_ctrl_hs|  acd_inversion_Pipeline_calc_T|  return value|
|grp_fu_8259_p_din1      |  out|   32|  ap_ctrl_hs|  acd_inversion_Pipeline_calc_T|  return value|
|grp_fu_8259_p_dout0     |   in|   32|  ap_ctrl_hs|  acd_inversion_Pipeline_calc_T|  return value|
|grp_fu_8259_p_ce        |  out|    1|  ap_ctrl_hs|  acd_inversion_Pipeline_calc_T|  return value|
|grp_fu_8263_p_din0      |  out|   32|  ap_ctrl_hs|  acd_inversion_Pipeline_calc_T|  return value|
|grp_fu_8263_p_din1      |  out|   32|  ap_ctrl_hs|  acd_inversion_Pipeline_calc_T|  return value|
|grp_fu_8263_p_dout0     |   in|   32|  ap_ctrl_hs|  acd_inversion_Pipeline_calc_T|  return value|
|grp_fu_8263_p_ce        |  out|    1|  ap_ctrl_hs|  acd_inversion_Pipeline_calc_T|  return value|
|grp_fu_8267_p_din0      |  out|   32|  ap_ctrl_hs|  acd_inversion_Pipeline_calc_T|  return value|
|grp_fu_8267_p_din1      |  out|   32|  ap_ctrl_hs|  acd_inversion_Pipeline_calc_T|  return value|
|grp_fu_8267_p_dout0     |   in|   32|  ap_ctrl_hs|  acd_inversion_Pipeline_calc_T|  return value|
|grp_fu_8267_p_ce        |  out|    1|  ap_ctrl_hs|  acd_inversion_Pipeline_calc_T|  return value|
|grp_fu_8271_p_din0      |  out|   32|  ap_ctrl_hs|  acd_inversion_Pipeline_calc_T|  return value|
|grp_fu_8271_p_din1      |  out|   32|  ap_ctrl_hs|  acd_inversion_Pipeline_calc_T|  return value|
|grp_fu_8271_p_dout0     |   in|   32|  ap_ctrl_hs|  acd_inversion_Pipeline_calc_T|  return value|
|grp_fu_8271_p_ce        |  out|    1|  ap_ctrl_hs|  acd_inversion_Pipeline_calc_T|  return value|
|D_inv_reload            |   in|   32|     ap_none|                   D_inv_reload|        scalar|
|D_inv_1_reload          |   in|   32|     ap_none|                 D_inv_1_reload|        scalar|
|D_inv_2_reload          |   in|   32|     ap_none|                 D_inv_2_reload|        scalar|
|D_inv_3_reload          |   in|   32|     ap_none|                 D_inv_3_reload|        scalar|
|D_inv_4_reload          |   in|   32|     ap_none|                 D_inv_4_reload|        scalar|
|D_inv_5_reload          |   in|   32|     ap_none|                 D_inv_5_reload|        scalar|
|D_inv_6_reload          |   in|   32|     ap_none|                 D_inv_6_reload|        scalar|
|D_inv_7_reload          |   in|   32|     ap_none|                 D_inv_7_reload|        scalar|
|mux_case_09029_reload   |   in|   32|     ap_none|          mux_case_09029_reload|        scalar|
|L_inv_load              |   in|   32|     ap_none|                     L_inv_load|        scalar|
|L_inv_1_load            |   in|   32|     ap_none|                   L_inv_1_load|        scalar|
|L_inv_2_load            |   in|   32|     ap_none|                   L_inv_2_load|        scalar|
|L_inv_3_load            |   in|   32|     ap_none|                   L_inv_3_load|        scalar|
|L_inv_4_load            |   in|   32|     ap_none|                   L_inv_4_load|        scalar|
|L_inv_5_load            |   in|   32|     ap_none|                   L_inv_5_load|        scalar|
|L_inv_6_load            |   in|   32|     ap_none|                   L_inv_6_load|        scalar|
|mux_case_010632_reload  |   in|   32|     ap_none|         mux_case_010632_reload|        scalar|
|L_inv_load_1            |   in|   32|     ap_none|                   L_inv_load_1|        scalar|
|L_inv_1_load_1          |   in|   32|     ap_none|                 L_inv_1_load_1|        scalar|
|L_inv_2_load_1          |   in|   32|     ap_none|                 L_inv_2_load_1|        scalar|
|L_inv_3_load_1          |   in|   32|     ap_none|                 L_inv_3_load_1|        scalar|
|L_inv_4_load_1          |   in|   32|     ap_none|                 L_inv_4_load_1|        scalar|
|L_inv_5_load_1          |   in|   32|     ap_none|                 L_inv_5_load_1|        scalar|
|L_inv_6_load_1          |   in|   32|     ap_none|                 L_inv_6_load_1|        scalar|
|mux_case_012235_reload  |   in|   32|     ap_none|         mux_case_012235_reload|        scalar|
|L_inv_load_2            |   in|   32|     ap_none|                   L_inv_load_2|        scalar|
|L_inv_1_load_2          |   in|   32|     ap_none|                 L_inv_1_load_2|        scalar|
|L_inv_2_load_2          |   in|   32|     ap_none|                 L_inv_2_load_2|        scalar|
|L_inv_3_load_2          |   in|   32|     ap_none|                 L_inv_3_load_2|        scalar|
|L_inv_4_load_2          |   in|   32|     ap_none|                 L_inv_4_load_2|        scalar|
|L_inv_5_load_2          |   in|   32|     ap_none|                 L_inv_5_load_2|        scalar|
|L_inv_6_load_2          |   in|   32|     ap_none|                 L_inv_6_load_2|        scalar|
|mux_case_013838_reload  |   in|   32|     ap_none|         mux_case_013838_reload|        scalar|
|L_inv_load_3            |   in|   32|     ap_none|                   L_inv_load_3|        scalar|
|L_inv_1_load_3          |   in|   32|     ap_none|                 L_inv_1_load_3|        scalar|
|L_inv_2_load_3          |   in|   32|     ap_none|                 L_inv_2_load_3|        scalar|
|L_inv_3_load_3          |   in|   32|     ap_none|                 L_inv_3_load_3|        scalar|
|L_inv_4_load_3          |   in|   32|     ap_none|                 L_inv_4_load_3|        scalar|
|L_inv_5_load_3          |   in|   32|     ap_none|                 L_inv_5_load_3|        scalar|
|L_inv_6_load_3          |   in|   32|     ap_none|                 L_inv_6_load_3|        scalar|
|mux_case_015441_reload  |   in|   32|     ap_none|         mux_case_015441_reload|        scalar|
|L_inv_load_4            |   in|   32|     ap_none|                   L_inv_load_4|        scalar|
|L_inv_1_load_4          |   in|   32|     ap_none|                 L_inv_1_load_4|        scalar|
|L_inv_2_load_4          |   in|   32|     ap_none|                 L_inv_2_load_4|        scalar|
|L_inv_3_load_4          |   in|   32|     ap_none|                 L_inv_3_load_4|        scalar|
|L_inv_4_load_4          |   in|   32|     ap_none|                 L_inv_4_load_4|        scalar|
|L_inv_5_load_4          |   in|   32|     ap_none|                 L_inv_5_load_4|        scalar|
|L_inv_6_load_4          |   in|   32|     ap_none|                 L_inv_6_load_4|        scalar|
|mux_case_017044_reload  |   in|   32|     ap_none|         mux_case_017044_reload|        scalar|
|L_inv_load_5            |   in|   32|     ap_none|                   L_inv_load_5|        scalar|
|L_inv_1_load_5          |   in|   32|     ap_none|                 L_inv_1_load_5|        scalar|
|L_inv_2_load_5          |   in|   32|     ap_none|                 L_inv_2_load_5|        scalar|
|L_inv_3_load_5          |   in|   32|     ap_none|                 L_inv_3_load_5|        scalar|
|L_inv_4_load_5          |   in|   32|     ap_none|                 L_inv_4_load_5|        scalar|
|L_inv_5_load_5          |   in|   32|     ap_none|                 L_inv_5_load_5|        scalar|
|L_inv_6_load_5          |   in|   32|     ap_none|                 L_inv_6_load_5|        scalar|
|mux_case_018647_reload  |   in|   32|     ap_none|         mux_case_018647_reload|        scalar|
|L_inv_load_6            |   in|   32|     ap_none|                   L_inv_load_6|        scalar|
|L_inv_1_load_6          |   in|   32|     ap_none|                 L_inv_1_load_6|        scalar|
|L_inv_2_load_6          |   in|   32|     ap_none|                 L_inv_2_load_6|        scalar|
|L_inv_3_load_6          |   in|   32|     ap_none|                 L_inv_3_load_6|        scalar|
|L_inv_4_load_6          |   in|   32|     ap_none|                 L_inv_4_load_6|        scalar|
|L_inv_5_load_6          |   in|   32|     ap_none|                 L_inv_5_load_6|        scalar|
|L_inv_6_load_6          |   in|   32|     ap_none|                 L_inv_6_load_6|        scalar|
|mux_case_020250_reload  |   in|   32|     ap_none|         mux_case_020250_reload|        scalar|
|L_inv_load_7            |   in|   32|     ap_none|                   L_inv_load_7|        scalar|
|L_inv_1_load_7          |   in|   32|     ap_none|                 L_inv_1_load_7|        scalar|
|L_inv_2_load_7          |   in|   32|     ap_none|                 L_inv_2_load_7|        scalar|
|L_inv_3_load_7          |   in|   32|     ap_none|                 L_inv_3_load_7|        scalar|
|L_inv_4_load_7          |   in|   32|     ap_none|                 L_inv_4_load_7|        scalar|
|L_inv_5_load_7          |   in|   32|     ap_none|                 L_inv_5_load_7|        scalar|
|L_inv_6_load_7          |   in|   32|     ap_none|                 L_inv_6_load_7|        scalar|
|p_out                   |  out|   32|      ap_vld|                          p_out|       pointer|
|p_out_ap_vld            |  out|    1|      ap_vld|                          p_out|       pointer|
|p_out1                  |  out|   32|      ap_vld|                         p_out1|       pointer|
|p_out1_ap_vld           |  out|    1|      ap_vld|                         p_out1|       pointer|
|p_out2                  |  out|   32|      ap_vld|                         p_out2|       pointer|
|p_out2_ap_vld           |  out|    1|      ap_vld|                         p_out2|       pointer|
|p_out3                  |  out|   32|      ap_vld|                         p_out3|       pointer|
|p_out3_ap_vld           |  out|    1|      ap_vld|                         p_out3|       pointer|
|p_out4                  |  out|   32|      ap_vld|                         p_out4|       pointer|
|p_out4_ap_vld           |  out|    1|      ap_vld|                         p_out4|       pointer|
|p_out5                  |  out|   32|      ap_vld|                         p_out5|       pointer|
|p_out5_ap_vld           |  out|    1|      ap_vld|                         p_out5|       pointer|
|p_out6                  |  out|   32|      ap_vld|                         p_out6|       pointer|
|p_out6_ap_vld           |  out|    1|      ap_vld|                         p_out6|       pointer|
|p_out7                  |  out|   32|      ap_vld|                         p_out7|       pointer|
|p_out7_ap_vld           |  out|    1|      ap_vld|                         p_out7|       pointer|
|p_out8                  |  out|   32|      ap_vld|                         p_out8|       pointer|
|p_out8_ap_vld           |  out|    1|      ap_vld|                         p_out8|       pointer|
|p_out9                  |  out|   32|      ap_vld|                         p_out9|       pointer|
|p_out9_ap_vld           |  out|    1|      ap_vld|                         p_out9|       pointer|
|p_out10                 |  out|   32|      ap_vld|                        p_out10|       pointer|
|p_out10_ap_vld          |  out|    1|      ap_vld|                        p_out10|       pointer|
|p_out11                 |  out|   32|      ap_vld|                        p_out11|       pointer|
|p_out11_ap_vld          |  out|    1|      ap_vld|                        p_out11|       pointer|
|p_out12                 |  out|   32|      ap_vld|                        p_out12|       pointer|
|p_out12_ap_vld          |  out|    1|      ap_vld|                        p_out12|       pointer|
|p_out13                 |  out|   32|      ap_vld|                        p_out13|       pointer|
|p_out13_ap_vld          |  out|    1|      ap_vld|                        p_out13|       pointer|
|p_out14                 |  out|   32|      ap_vld|                        p_out14|       pointer|
|p_out14_ap_vld          |  out|    1|      ap_vld|                        p_out14|       pointer|
|p_out15                 |  out|   32|      ap_vld|                        p_out15|       pointer|
|p_out15_ap_vld          |  out|    1|      ap_vld|                        p_out15|       pointer|
|p_out16                 |  out|   32|      ap_vld|                        p_out16|       pointer|
|p_out16_ap_vld          |  out|    1|      ap_vld|                        p_out16|       pointer|
|p_out17                 |  out|   32|      ap_vld|                        p_out17|       pointer|
|p_out17_ap_vld          |  out|    1|      ap_vld|                        p_out17|       pointer|
|p_out18                 |  out|   32|      ap_vld|                        p_out18|       pointer|
|p_out18_ap_vld          |  out|    1|      ap_vld|                        p_out18|       pointer|
|p_out19                 |  out|   32|      ap_vld|                        p_out19|       pointer|
|p_out19_ap_vld          |  out|    1|      ap_vld|                        p_out19|       pointer|
|p_out20                 |  out|   32|      ap_vld|                        p_out20|       pointer|
|p_out20_ap_vld          |  out|    1|      ap_vld|                        p_out20|       pointer|
|p_out21                 |  out|   32|      ap_vld|                        p_out21|       pointer|
|p_out21_ap_vld          |  out|    1|      ap_vld|                        p_out21|       pointer|
|p_out22                 |  out|   32|      ap_vld|                        p_out22|       pointer|
|p_out22_ap_vld          |  out|    1|      ap_vld|                        p_out22|       pointer|
|p_out23                 |  out|   32|      ap_vld|                        p_out23|       pointer|
|p_out23_ap_vld          |  out|    1|      ap_vld|                        p_out23|       pointer|
|p_out24                 |  out|   32|      ap_vld|                        p_out24|       pointer|
|p_out24_ap_vld          |  out|    1|      ap_vld|                        p_out24|       pointer|
|p_out25                 |  out|   32|      ap_vld|                        p_out25|       pointer|
|p_out25_ap_vld          |  out|    1|      ap_vld|                        p_out25|       pointer|
|p_out26                 |  out|   32|      ap_vld|                        p_out26|       pointer|
|p_out26_ap_vld          |  out|    1|      ap_vld|                        p_out26|       pointer|
|p_out27                 |  out|   32|      ap_vld|                        p_out27|       pointer|
|p_out27_ap_vld          |  out|    1|      ap_vld|                        p_out27|       pointer|
|p_out28                 |  out|   32|      ap_vld|                        p_out28|       pointer|
|p_out28_ap_vld          |  out|    1|      ap_vld|                        p_out28|       pointer|
|p_out29                 |  out|   32|      ap_vld|                        p_out29|       pointer|
|p_out29_ap_vld          |  out|    1|      ap_vld|                        p_out29|       pointer|
|p_out30                 |  out|   32|      ap_vld|                        p_out30|       pointer|
|p_out30_ap_vld          |  out|    1|      ap_vld|                        p_out30|       pointer|
|p_out31                 |  out|   32|      ap_vld|                        p_out31|       pointer|
|p_out31_ap_vld          |  out|    1|      ap_vld|                        p_out31|       pointer|
|p_out32                 |  out|   32|      ap_vld|                        p_out32|       pointer|
|p_out32_ap_vld          |  out|    1|      ap_vld|                        p_out32|       pointer|
|p_out33                 |  out|   32|      ap_vld|                        p_out33|       pointer|
|p_out33_ap_vld          |  out|    1|      ap_vld|                        p_out33|       pointer|
|p_out34                 |  out|   32|      ap_vld|                        p_out34|       pointer|
|p_out34_ap_vld          |  out|    1|      ap_vld|                        p_out34|       pointer|
|p_out35                 |  out|   32|      ap_vld|                        p_out35|       pointer|
|p_out35_ap_vld          |  out|    1|      ap_vld|                        p_out35|       pointer|
|p_out36                 |  out|   32|      ap_vld|                        p_out36|       pointer|
|p_out36_ap_vld          |  out|    1|      ap_vld|                        p_out36|       pointer|
|p_out37                 |  out|   32|      ap_vld|                        p_out37|       pointer|
|p_out37_ap_vld          |  out|    1|      ap_vld|                        p_out37|       pointer|
|p_out38                 |  out|   32|      ap_vld|                        p_out38|       pointer|
|p_out38_ap_vld          |  out|    1|      ap_vld|                        p_out38|       pointer|
|p_out39                 |  out|   32|      ap_vld|                        p_out39|       pointer|
|p_out39_ap_vld          |  out|    1|      ap_vld|                        p_out39|       pointer|
|p_out40                 |  out|   32|      ap_vld|                        p_out40|       pointer|
|p_out40_ap_vld          |  out|    1|      ap_vld|                        p_out40|       pointer|
|p_out41                 |  out|   32|      ap_vld|                        p_out41|       pointer|
|p_out41_ap_vld          |  out|    1|      ap_vld|                        p_out41|       pointer|
|p_out42                 |  out|   32|      ap_vld|                        p_out42|       pointer|
|p_out42_ap_vld          |  out|    1|      ap_vld|                        p_out42|       pointer|
|p_out43                 |  out|   32|      ap_vld|                        p_out43|       pointer|
|p_out43_ap_vld          |  out|    1|      ap_vld|                        p_out43|       pointer|
|p_out44                 |  out|   32|      ap_vld|                        p_out44|       pointer|
|p_out44_ap_vld          |  out|    1|      ap_vld|                        p_out44|       pointer|
|p_out45                 |  out|   32|      ap_vld|                        p_out45|       pointer|
|p_out45_ap_vld          |  out|    1|      ap_vld|                        p_out45|       pointer|
|p_out46                 |  out|   32|      ap_vld|                        p_out46|       pointer|
|p_out46_ap_vld          |  out|    1|      ap_vld|                        p_out46|       pointer|
|p_out47                 |  out|   32|      ap_vld|                        p_out47|       pointer|
|p_out47_ap_vld          |  out|    1|      ap_vld|                        p_out47|       pointer|
|p_out48                 |  out|   32|      ap_vld|                        p_out48|       pointer|
|p_out48_ap_vld          |  out|    1|      ap_vld|                        p_out48|       pointer|
|p_out49                 |  out|   32|      ap_vld|                        p_out49|       pointer|
|p_out49_ap_vld          |  out|    1|      ap_vld|                        p_out49|       pointer|
|p_out50                 |  out|   32|      ap_vld|                        p_out50|       pointer|
|p_out50_ap_vld          |  out|    1|      ap_vld|                        p_out50|       pointer|
|p_out51                 |  out|   32|      ap_vld|                        p_out51|       pointer|
|p_out51_ap_vld          |  out|    1|      ap_vld|                        p_out51|       pointer|
|p_out52                 |  out|   32|      ap_vld|                        p_out52|       pointer|
|p_out52_ap_vld          |  out|    1|      ap_vld|                        p_out52|       pointer|
|p_out53                 |  out|   32|      ap_vld|                        p_out53|       pointer|
|p_out53_ap_vld          |  out|    1|      ap_vld|                        p_out53|       pointer|
|p_out54                 |  out|   32|      ap_vld|                        p_out54|       pointer|
|p_out54_ap_vld          |  out|    1|      ap_vld|                        p_out54|       pointer|
|p_out55                 |  out|   32|      ap_vld|                        p_out55|       pointer|
|p_out55_ap_vld          |  out|    1|      ap_vld|                        p_out55|       pointer|
|p_out56                 |  out|   32|      ap_vld|                        p_out56|       pointer|
|p_out56_ap_vld          |  out|    1|      ap_vld|                        p_out56|       pointer|
|p_out57                 |  out|   32|      ap_vld|                        p_out57|       pointer|
|p_out57_ap_vld          |  out|    1|      ap_vld|                        p_out57|       pointer|
|p_out58                 |  out|   32|      ap_vld|                        p_out58|       pointer|
|p_out58_ap_vld          |  out|    1|      ap_vld|                        p_out58|       pointer|
|p_out59                 |  out|   32|      ap_vld|                        p_out59|       pointer|
|p_out59_ap_vld          |  out|    1|      ap_vld|                        p_out59|       pointer|
|p_out60                 |  out|   32|      ap_vld|                        p_out60|       pointer|
|p_out60_ap_vld          |  out|    1|      ap_vld|                        p_out60|       pointer|
|p_out61                 |  out|   32|      ap_vld|                        p_out61|       pointer|
|p_out61_ap_vld          |  out|    1|      ap_vld|                        p_out61|       pointer|
|p_out62                 |  out|   32|      ap_vld|                        p_out62|       pointer|
|p_out62_ap_vld          |  out|    1|      ap_vld|                        p_out62|       pointer|
|p_out63                 |  out|   32|      ap_vld|                        p_out63|       pointer|
|p_out63_ap_vld          |  out|    1|      ap_vld|                        p_out63|       pointer|
+------------------------+-----+-----+------------+-------------------------------+--------------+

