

================================================================
== Vitis HLS Report for 'atom_selection'
================================================================
* Date:           Sun Nov 23 17:36:18 2025

* Version:        2023.1 (Build 3854077 on May  4 2023)
* Project:        OMP_HLS
* Solution:       solution1 (Vivado IP Flow Target)
* Product family: zynquplus
* Target device:  xczu19eg-ffvc1760-2-e


================================================================
== Performance Estimates
================================================================
+ Timing: 
    * Summary: 
    +--------+----------+-----------+------------+
    |  Clock |  Target  | Estimated | Uncertainty|
    +--------+----------+-----------+------------+
    |ap_clk  |  22.00 ns|  12.753 ns|     5.94 ns|
    +--------+----------+-----------+------------+

+ Latency: 
    * Summary: 
    +---------+---------+----------+----------+-----+-----+---------+
    |  Latency (cycles) |  Latency (absolute) |  Interval | Pipeline|
    |   min   |   max   |    min   |    max   | min | max |   Type  |
    +---------+---------+----------+----------+-----+-----+---------+
    |      232|      232|  5.104 us|  5.104 us|  232|  232|       no|
    +---------+---------+----------+----------+-----+-----+---------+

    + Detail: 
        * Instance: 
        +-----------------------------------------------+-----------------------------------+---------+---------+----------+----------+-----+-----+---------+
        |                                               |                                   |  Latency (cycles) |  Latency (absolute) |  Interval | Pipeline|
        |                    Instance                   |               Module              |   min   |   max   |    min   |    max   | min | max |   Type  |
        +-----------------------------------------------+-----------------------------------+---------+---------+----------+----------+-----+-----+---------+
        |grp_atom_selection_Pipeline_atom_loop_fu_1118  |atom_selection_Pipeline_atom_loop  |      229|      229|  5.038 us|  5.038 us|  229|  229|       no|
        +-----------------------------------------------+-----------------------------------+---------+---------+----------+----------+-----+-----+---------+

        * Loop: 
        N/A



================================================================
== Utilization Estimates
================================================================
* Summary: 
+-----------------+---------+------+---------+--------+-----+
|       Name      | BRAM_18K|  DSP |    FF   |   LUT  | URAM|
+-----------------+---------+------+---------+--------+-----+
|DSP              |        -|     -|        -|       -|    -|
|Expression       |        -|     -|        -|       -|    -|
|FIFO             |        -|     -|        -|       -|    -|
|Instance         |        -|     -|      441|     313|    -|
|Memory           |        -|     -|        -|       -|    -|
|Multiplexer      |        -|     -|        -|    1825|    -|
|Register         |        -|     -|     1573|       -|    -|
+-----------------+---------+------+---------+--------+-----+
|Total            |        0|     0|     2014|    2138|    0|
+-----------------+---------+------+---------+--------+-----+
|Available        |     1968|  1968|  1045440|  522720|  128|
+-----------------+---------+------+---------+--------+-----+
|Utilization (%)  |        0|     0|       ~0|      ~0|    0|
+-----------------+---------+------+---------+--------+-----+

+ Detail: 
    * Instance: 
    +-----------------------------------------------+-----------------------------------+---------+----+-----+-----+-----+
    |                    Instance                   |               Module              | BRAM_18K| DSP|  FF | LUT | URAM|
    +-----------------------------------------------+-----------------------------------+---------+----+-----+-----+-----+
    |grp_atom_selection_Pipeline_atom_loop_fu_1118  |atom_selection_Pipeline_atom_loop  |        0|   0|  441|  313|    0|
    +-----------------------------------------------+-----------------------------------+---------+----+-----+-----+-----+
    |Total                                          |                                   |        0|   0|  441|  313|    0|
    +-----------------------------------------------+-----------------------------------+---------+----+-----+-----+-----+

    * DSP: 
    N/A

    * Memory: 
    N/A

    * FIFO: 
    N/A

    * Expression: 
    N/A

    * Multiplexer: 
    +---------------------------------+----+-----------+-----+-----------+
    |               Name              | LUT| Input Size| Bits| Total Bits|
    +---------------------------------+----+-----------+-----+-----------+
    |A_0_address0                     |  14|          3|    7|         21|
    |A_0_ce0                          |  14|          3|    1|          3|
    |A_10_address0                    |  14|          3|    7|         21|
    |A_10_ce0                         |  14|          3|    1|          3|
    |A_11_address0                    |  14|          3|    7|         21|
    |A_11_ce0                         |  14|          3|    1|          3|
    |A_12_address0                    |  14|          3|    7|         21|
    |A_12_ce0                         |  14|          3|    1|          3|
    |A_13_address0                    |  14|          3|    7|         21|
    |A_13_ce0                         |  14|          3|    1|          3|
    |A_14_address0                    |  14|          3|    7|         21|
    |A_14_ce0                         |  14|          3|    1|          3|
    |A_15_address0                    |  14|          3|    7|         21|
    |A_15_ce0                         |  14|          3|    1|          3|
    |A_16_address0                    |  14|          3|    7|         21|
    |A_16_ce0                         |  14|          3|    1|          3|
    |A_17_address0                    |  14|          3|    7|         21|
    |A_17_ce0                         |  14|          3|    1|          3|
    |A_18_address0                    |  14|          3|    7|         21|
    |A_18_ce0                         |  14|          3|    1|          3|
    |A_19_address0                    |  14|          3|    7|         21|
    |A_19_ce0                         |  14|          3|    1|          3|
    |A_1_address0                     |  14|          3|    7|         21|
    |A_1_ce0                          |  14|          3|    1|          3|
    |A_20_address0                    |  14|          3|    7|         21|
    |A_20_ce0                         |  14|          3|    1|          3|
    |A_21_address0                    |  14|          3|    7|         21|
    |A_21_ce0                         |  14|          3|    1|          3|
    |A_22_address0                    |  14|          3|    7|         21|
    |A_22_ce0                         |  14|          3|    1|          3|
    |A_23_address0                    |  14|          3|    7|         21|
    |A_23_ce0                         |  14|          3|    1|          3|
    |A_24_address0                    |  14|          3|    7|         21|
    |A_24_ce0                         |  14|          3|    1|          3|
    |A_25_address0                    |  14|          3|    7|         21|
    |A_25_ce0                         |  14|          3|    1|          3|
    |A_26_address0                    |  14|          3|    7|         21|
    |A_26_ce0                         |  14|          3|    1|          3|
    |A_27_address0                    |  14|          3|    7|         21|
    |A_27_ce0                         |  14|          3|    1|          3|
    |A_28_address0                    |  14|          3|    7|         21|
    |A_28_ce0                         |  14|          3|    1|          3|
    |A_29_address0                    |  14|          3|    7|         21|
    |A_29_ce0                         |  14|          3|    1|          3|
    |A_2_address0                     |  14|          3|    7|         21|
    |A_2_ce0                          |  14|          3|    1|          3|
    |A_30_address0                    |  14|          3|    7|         21|
    |A_30_ce0                         |  14|          3|    1|          3|
    |A_31_address0                    |  14|          3|    7|         21|
    |A_31_ce0                         |  14|          3|    1|          3|
    |A_32_address0                    |  14|          3|    7|         21|
    |A_32_ce0                         |  14|          3|    1|          3|
    |A_33_address0                    |  14|          3|    7|         21|
    |A_33_ce0                         |  14|          3|    1|          3|
    |A_34_address0                    |  14|          3|    7|         21|
    |A_34_ce0                         |  14|          3|    1|          3|
    |A_35_address0                    |  14|          3|    7|         21|
    |A_35_ce0                         |  14|          3|    1|          3|
    |A_36_address0                    |  14|          3|    7|         21|
    |A_36_ce0                         |  14|          3|    1|          3|
    |A_37_address0                    |  14|          3|    7|         21|
    |A_37_ce0                         |  14|          3|    1|          3|
    |A_38_address0                    |  14|          3|    7|         21|
    |A_38_ce0                         |  14|          3|    1|          3|
    |A_39_address0                    |  14|          3|    7|         21|
    |A_39_ce0                         |  14|          3|    1|          3|
    |A_3_address0                     |  14|          3|    7|         21|
    |A_3_ce0                          |  14|          3|    1|          3|
    |A_40_address0                    |  14|          3|    7|         21|
    |A_40_ce0                         |  14|          3|    1|          3|
    |A_41_address0                    |  14|          3|    7|         21|
    |A_41_ce0                         |  14|          3|    1|          3|
    |A_42_address0                    |  14|          3|    7|         21|
    |A_42_ce0                         |  14|          3|    1|          3|
    |A_43_address0                    |  14|          3|    7|         21|
    |A_43_ce0                         |  14|          3|    1|          3|
    |A_44_address0                    |  14|          3|    7|         21|
    |A_44_ce0                         |  14|          3|    1|          3|
    |A_45_address0                    |  14|          3|    7|         21|
    |A_45_ce0                         |  14|          3|    1|          3|
    |A_46_address0                    |  14|          3|    7|         21|
    |A_46_ce0                         |  14|          3|    1|          3|
    |A_47_address0                    |  14|          3|    7|         21|
    |A_47_ce0                         |  14|          3|    1|          3|
    |A_4_address0                     |  14|          3|    7|         21|
    |A_4_ce0                          |  14|          3|    1|          3|
    |A_5_address0                     |  14|          3|    7|         21|
    |A_5_ce0                          |  14|          3|    1|          3|
    |A_6_address0                     |  14|          3|    7|         21|
    |A_6_ce0                          |  14|          3|    1|          3|
    |A_7_address0                     |  14|          3|    7|         21|
    |A_7_ce0                          |  14|          3|    1|          3|
    |A_8_address0                     |  14|          3|    7|         21|
    |A_8_ce0                          |  14|          3|    1|          3|
    |A_9_address0                     |  14|          3|    7|         21|
    |A_9_ce0                          |  14|          3|    1|          3|
    |ap_NS_fsm                        |  26|          5|    1|          5|
    |ap_return_0                      |   9|          2|   32|         64|
    |ap_return_1                      |   9|          2|   32|         64|
    |ap_return_10                     |   9|          2|   32|         64|
    |ap_return_11                     |   9|          2|   32|         64|
    |ap_return_12                     |   9|          2|   32|         64|
    |ap_return_13                     |   9|          2|   32|         64|
    |ap_return_14                     |   9|          2|   32|         64|
    |ap_return_15                     |   9|          2|   32|         64|
    |ap_return_16                     |   9|          2|   32|         64|
    |ap_return_17                     |   9|          2|   32|         64|
    |ap_return_18                     |   9|          2|   32|         64|
    |ap_return_19                     |   9|          2|   32|         64|
    |ap_return_2                      |   9|          2|   32|         64|
    |ap_return_20                     |   9|          2|   32|         64|
    |ap_return_21                     |   9|          2|   32|         64|
    |ap_return_22                     |   9|          2|   32|         64|
    |ap_return_23                     |   9|          2|   32|         64|
    |ap_return_24                     |   9|          2|   32|         64|
    |ap_return_25                     |   9|          2|   32|         64|
    |ap_return_26                     |   9|          2|   32|         64|
    |ap_return_27                     |   9|          2|   32|         64|
    |ap_return_28                     |   9|          2|   32|         64|
    |ap_return_29                     |   9|          2|   32|         64|
    |ap_return_3                      |   9|          2|   32|         64|
    |ap_return_30                     |   9|          2|   32|         64|
    |ap_return_31                     |   9|          2|   32|         64|
    |ap_return_32                     |   9|          2|   32|         64|
    |ap_return_33                     |   9|          2|   32|         64|
    |ap_return_34                     |   9|          2|   32|         64|
    |ap_return_35                     |   9|          2|   32|         64|
    |ap_return_36                     |   9|          2|   32|         64|
    |ap_return_37                     |   9|          2|   32|         64|
    |ap_return_38                     |   9|          2|   32|         64|
    |ap_return_39                     |   9|          2|   32|         64|
    |ap_return_4                      |   9|          2|   32|         64|
    |ap_return_40                     |   9|          2|   32|         64|
    |ap_return_41                     |   9|          2|   32|         64|
    |ap_return_42                     |   9|          2|   32|         64|
    |ap_return_43                     |   9|          2|   32|         64|
    |ap_return_44                     |   9|          2|   32|         64|
    |ap_return_45                     |   9|          2|   32|         64|
    |ap_return_46                     |   9|          2|   32|         64|
    |ap_return_47                     |   9|          2|   32|         64|
    |ap_return_48                     |   9|          2|   32|         64|
    |ap_return_5                      |   9|          2|   32|         64|
    |ap_return_6                      |   9|          2|   32|         64|
    |ap_return_7                      |   9|          2|   32|         64|
    |ap_return_8                      |   9|          2|   32|         64|
    |ap_return_9                      |   9|          2|   32|         64|
    |grp_dot_product_M_fu_2152_ap_ce  |  14|          3|    1|          3|
    +---------------------------------+----+-----------+-----+-----------+
    |Total                            |1825|        394| 1954|       4296|
    +---------------------------------+----+-----------+-----+-----------+

    * Register: 
    +------------------------------------------------------------+----+----+-----+-----------+
    |                            Name                            | FF | LUT| Bits| Const Bits|
    +------------------------------------------------------------+----+----+-----+-----------+
    |ap_CS_fsm                                                   |   4|   0|    4|          0|
    |ap_return_0_preg                                            |  32|   0|   32|          0|
    |ap_return_10_preg                                           |  32|   0|   32|          0|
    |ap_return_11_preg                                           |  32|   0|   32|          0|
    |ap_return_12_preg                                           |  32|   0|   32|          0|
    |ap_return_13_preg                                           |  32|   0|   32|          0|
    |ap_return_14_preg                                           |  32|   0|   32|          0|
    |ap_return_15_preg                                           |  32|   0|   32|          0|
    |ap_return_16_preg                                           |  32|   0|   32|          0|
    |ap_return_17_preg                                           |  32|   0|   32|          0|
    |ap_return_18_preg                                           |  32|   0|   32|          0|
    |ap_return_19_preg                                           |  32|   0|   32|          0|
    |ap_return_1_preg                                            |  32|   0|   32|          0|
    |ap_return_20_preg                                           |  32|   0|   32|          0|
    |ap_return_21_preg                                           |  32|   0|   32|          0|
    |ap_return_22_preg                                           |  32|   0|   32|          0|
    |ap_return_23_preg                                           |  32|   0|   32|          0|
    |ap_return_24_preg                                           |  32|   0|   32|          0|
    |ap_return_25_preg                                           |  32|   0|   32|          0|
    |ap_return_26_preg                                           |  32|   0|   32|          0|
    |ap_return_27_preg                                           |  32|   0|   32|          0|
    |ap_return_28_preg                                           |  32|   0|   32|          0|
    |ap_return_29_preg                                           |  32|   0|   32|          0|
    |ap_return_2_preg                                            |  32|   0|   32|          0|
    |ap_return_30_preg                                           |  32|   0|   32|          0|
    |ap_return_31_preg                                           |  32|   0|   32|          0|
    |ap_return_32_preg                                           |  32|   0|   32|          0|
    |ap_return_33_preg                                           |  32|   0|   32|          0|
    |ap_return_34_preg                                           |  32|   0|   32|          0|
    |ap_return_35_preg                                           |  32|   0|   32|          0|
    |ap_return_36_preg                                           |  32|   0|   32|          0|
    |ap_return_37_preg                                           |  32|   0|   32|          0|
    |ap_return_38_preg                                           |  32|   0|   32|          0|
    |ap_return_39_preg                                           |  32|   0|   32|          0|
    |ap_return_3_preg                                            |  32|   0|   32|          0|
    |ap_return_40_preg                                           |  32|   0|   32|          0|
    |ap_return_41_preg                                           |  32|   0|   32|          0|
    |ap_return_42_preg                                           |  32|   0|   32|          0|
    |ap_return_43_preg                                           |  32|   0|   32|          0|
    |ap_return_44_preg                                           |  32|   0|   32|          0|
    |ap_return_45_preg                                           |  32|   0|   32|          0|
    |ap_return_46_preg                                           |  32|   0|   32|          0|
    |ap_return_47_preg                                           |  32|   0|   32|          0|
    |ap_return_48_preg                                           |  32|   0|   32|          0|
    |ap_return_4_preg                                            |  32|   0|   32|          0|
    |ap_return_5_preg                                            |  32|   0|   32|          0|
    |ap_return_6_preg                                            |  32|   0|   32|          0|
    |ap_return_7_preg                                            |  32|   0|   32|          0|
    |ap_return_8_preg                                            |  32|   0|   32|          0|
    |ap_return_9_preg                                            |  32|   0|   32|          0|
    |grp_atom_selection_Pipeline_atom_loop_fu_1118_ap_start_reg  |   1|   0|    1|          0|
    +------------------------------------------------------------+----+----+-----+-----------+
    |Total                                                       |1573|   0| 1573|          0|
    +------------------------------------------------------------+----+----+-----+-----------+



================================================================
== Interface
================================================================
* Summary: 
+-----------------------------------+-----+-----+------------+----------------+--------------+
|             RTL Ports             | Dir | Bits|  Protocol  |  Source Object |    C Type    |
+-----------------------------------+-----+-----+------------+----------------+--------------+
|ap_clk                             |   in|    1|  ap_ctrl_hs|  atom_selection|  return value|
|ap_rst                             |   in|    1|  ap_ctrl_hs|  atom_selection|  return value|
|ap_start                           |   in|    1|  ap_ctrl_hs|  atom_selection|  return value|
|ap_done                            |  out|    1|  ap_ctrl_hs|  atom_selection|  return value|
|ap_idle                            |  out|    1|  ap_ctrl_hs|  atom_selection|  return value|
|ap_ready                           |  out|    1|  ap_ctrl_hs|  atom_selection|  return value|
|ap_return_0                        |  out|   32|  ap_ctrl_hs|  atom_selection|  return value|
|ap_return_1                        |  out|   32|  ap_ctrl_hs|  atom_selection|  return value|
|ap_return_2                        |  out|   32|  ap_ctrl_hs|  atom_selection|  return value|
|ap_return_3                        |  out|   32|  ap_ctrl_hs|  atom_selection|  return value|
|ap_return_4                        |  out|   32|  ap_ctrl_hs|  atom_selection|  return value|
|ap_return_5                        |  out|   32|  ap_ctrl_hs|  atom_selection|  return value|
|ap_return_6                        |  out|   32|  ap_ctrl_hs|  atom_selection|  return value|
|ap_return_7                        |  out|   32|  ap_ctrl_hs|  atom_selection|  return value|
|ap_return_8                        |  out|   32|  ap_ctrl_hs|  atom_selection|  return value|
|ap_return_9                        |  out|   32|  ap_ctrl_hs|  atom_selection|  return value|
|ap_return_10                       |  out|   32|  ap_ctrl_hs|  atom_selection|  return value|
|ap_return_11                       |  out|   32|  ap_ctrl_hs|  atom_selection|  return value|
|ap_return_12                       |  out|   32|  ap_ctrl_hs|  atom_selection|  return value|
|ap_return_13                       |  out|   32|  ap_ctrl_hs|  atom_selection|  return value|
|ap_return_14                       |  out|   32|  ap_ctrl_hs|  atom_selection|  return value|
|ap_return_15                       |  out|   32|  ap_ctrl_hs|  atom_selection|  return value|
|ap_return_16                       |  out|   32|  ap_ctrl_hs|  atom_selection|  return value|
|ap_return_17                       |  out|   32|  ap_ctrl_hs|  atom_selection|  return value|
|ap_return_18                       |  out|   32|  ap_ctrl_hs|  atom_selection|  return value|
|ap_return_19                       |  out|   32|  ap_ctrl_hs|  atom_selection|  return value|
|ap_return_20                       |  out|   32|  ap_ctrl_hs|  atom_selection|  return value|
|ap_return_21                       |  out|   32|  ap_ctrl_hs|  atom_selection|  return value|
|ap_return_22                       |  out|   32|  ap_ctrl_hs|  atom_selection|  return value|
|ap_return_23                       |  out|   32|  ap_ctrl_hs|  atom_selection|  return value|
|ap_return_24                       |  out|   32|  ap_ctrl_hs|  atom_selection|  return value|
|ap_return_25                       |  out|   32|  ap_ctrl_hs|  atom_selection|  return value|
|ap_return_26                       |  out|   32|  ap_ctrl_hs|  atom_selection|  return value|
|ap_return_27                       |  out|   32|  ap_ctrl_hs|  atom_selection|  return value|
|ap_return_28                       |  out|   32|  ap_ctrl_hs|  atom_selection|  return value|
|ap_return_29                       |  out|   32|  ap_ctrl_hs|  atom_selection|  return value|
|ap_return_30                       |  out|   32|  ap_ctrl_hs|  atom_selection|  return value|
|ap_return_31                       |  out|   32|  ap_ctrl_hs|  atom_selection|  return value|
|ap_return_32                       |  out|   32|  ap_ctrl_hs|  atom_selection|  return value|
|ap_return_33                       |  out|   32|  ap_ctrl_hs|  atom_selection|  return value|
|ap_return_34                       |  out|   32|  ap_ctrl_hs|  atom_selection|  return value|
|ap_return_35                       |  out|   32|  ap_ctrl_hs|  atom_selection|  return value|
|ap_return_36                       |  out|   32|  ap_ctrl_hs|  atom_selection|  return value|
|ap_return_37                       |  out|   32|  ap_ctrl_hs|  atom_selection|  return value|
|ap_return_38                       |  out|   32|  ap_ctrl_hs|  atom_selection|  return value|
|ap_return_39                       |  out|   32|  ap_ctrl_hs|  atom_selection|  return value|
|ap_return_40                       |  out|   32|  ap_ctrl_hs|  atom_selection|  return value|
|ap_return_41                       |  out|   32|  ap_ctrl_hs|  atom_selection|  return value|
|ap_return_42                       |  out|   32|  ap_ctrl_hs|  atom_selection|  return value|
|ap_return_43                       |  out|   32|  ap_ctrl_hs|  atom_selection|  return value|
|ap_return_44                       |  out|   32|  ap_ctrl_hs|  atom_selection|  return value|
|ap_return_45                       |  out|   32|  ap_ctrl_hs|  atom_selection|  return value|
|ap_return_46                       |  out|   32|  ap_ctrl_hs|  atom_selection|  return value|
|ap_return_47                       |  out|   32|  ap_ctrl_hs|  atom_selection|  return value|
|ap_return_48                       |  out|   32|  ap_ctrl_hs|  atom_selection|  return value|
|grp_dot_product_M_fu_3927_p_din1   |  out|   32|  ap_ctrl_hs|  atom_selection|  return value|
|grp_dot_product_M_fu_3927_p_din2   |  out|   32|  ap_ctrl_hs|  atom_selection|  return value|
|grp_dot_product_M_fu_3927_p_din3   |  out|   32|  ap_ctrl_hs|  atom_selection|  return value|
|grp_dot_product_M_fu_3927_p_din4   |  out|   32|  ap_ctrl_hs|  atom_selection|  return value|
|grp_dot_product_M_fu_3927_p_din5   |  out|   32|  ap_ctrl_hs|  atom_selection|  return value|
|grp_dot_product_M_fu_3927_p_din6   |  out|   32|  ap_ctrl_hs|  atom_selection|  return value|
|grp_dot_product_M_fu_3927_p_din7   |  out|   32|  ap_ctrl_hs|  atom_selection|  return value|
|grp_dot_product_M_fu_3927_p_din8   |  out|   32|  ap_ctrl_hs|  atom_selection|  return value|
|grp_dot_product_M_fu_3927_p_din9   |  out|   32|  ap_ctrl_hs|  atom_selection|  return value|
|grp_dot_product_M_fu_3927_p_din10  |  out|   32|  ap_ctrl_hs|  atom_selection|  return value|
|grp_dot_product_M_fu_3927_p_din11  |  out|   32|  ap_ctrl_hs|  atom_selection|  return value|
|grp_dot_product_M_fu_3927_p_din12  |  out|   32|  ap_ctrl_hs|  atom_selection|  return value|
|grp_dot_product_M_fu_3927_p_din13  |  out|   32|  ap_ctrl_hs|  atom_selection|  return value|
|grp_dot_product_M_fu_3927_p_din14  |  out|   32|  ap_ctrl_hs|  atom_selection|  return value|
|grp_dot_product_M_fu_3927_p_din15  |  out|   32|  ap_ctrl_hs|  atom_selection|  return value|
|grp_dot_product_M_fu_3927_p_din16  |  out|   32|  ap_ctrl_hs|  atom_selection|  return value|
|grp_dot_product_M_fu_3927_p_din17  |  out|   32|  ap_ctrl_hs|  atom_selection|  return value|
|grp_dot_product_M_fu_3927_p_din18  |  out|   32|  ap_ctrl_hs|  atom_selection|  return value|
|grp_dot_product_M_fu_3927_p_din19  |  out|   32|  ap_ctrl_hs|  atom_selection|  return value|
|grp_dot_product_M_fu_3927_p_din20  |  out|   32|  ap_ctrl_hs|  atom_selection|  return value|
|grp_dot_product_M_fu_3927_p_din21  |  out|   32|  ap_ctrl_hs|  atom_selection|  return value|
|grp_dot_product_M_fu_3927_p_din22  |  out|   32|  ap_ctrl_hs|  atom_selection|  return value|
|grp_dot_product_M_fu_3927_p_din23  |  out|   32|  ap_ctrl_hs|  atom_selection|  return value|
|grp_dot_product_M_fu_3927_p_din24  |  out|   32|  ap_ctrl_hs|  atom_selection|  return value|
|grp_dot_product_M_fu_3927_p_din25  |  out|   32|  ap_ctrl_hs|  atom_selection|  return value|
|grp_dot_product_M_fu_3927_p_din26  |  out|   32|  ap_ctrl_hs|  atom_selection|  return value|
|grp_dot_product_M_fu_3927_p_din27  |  out|   32|  ap_ctrl_hs|  atom_selection|  return value|
|grp_dot_product_M_fu_3927_p_din28  |  out|   32|  ap_ctrl_hs|  atom_selection|  return value|
|grp_dot_product_M_fu_3927_p_din29  |  out|   32|  ap_ctrl_hs|  atom_selection|  return value|
|grp_dot_product_M_fu_3927_p_din30  |  out|   32|  ap_ctrl_hs|  atom_selection|  return value|
|grp_dot_product_M_fu_3927_p_din31  |  out|   32|  ap_ctrl_hs|  atom_selection|  return value|
|grp_dot_product_M_fu_3927_p_din32  |  out|   32|  ap_ctrl_hs|  atom_selection|  return value|
|grp_dot_product_M_fu_3927_p_din33  |  out|   32|  ap_ctrl_hs|  atom_selection|  return value|
|grp_dot_product_M_fu_3927_p_din34  |  out|   32|  ap_ctrl_hs|  atom_selection|  return value|
|grp_dot_product_M_fu_3927_p_din35  |  out|   32|  ap_ctrl_hs|  atom_selection|  return value|
|grp_dot_product_M_fu_3927_p_din36  |  out|   32|  ap_ctrl_hs|  atom_selection|  return value|
|grp_dot_product_M_fu_3927_p_din37  |  out|   32|  ap_ctrl_hs|  atom_selection|  return value|
|grp_dot_product_M_fu_3927_p_din38  |  out|   32|  ap_ctrl_hs|  atom_selection|  return value|
|grp_dot_product_M_fu_3927_p_din39  |  out|   32|  ap_ctrl_hs|  atom_selection|  return value|
|grp_dot_product_M_fu_3927_p_din40  |  out|   32|  ap_ctrl_hs|  atom_selection|  return value|
|grp_dot_product_M_fu_3927_p_din41  |  out|   32|  ap_ctrl_hs|  atom_selection|  return value|
|grp_dot_product_M_fu_3927_p_din42  |  out|   32|  ap_ctrl_hs|  atom_selection|  return value|
|grp_dot_product_M_fu_3927_p_din43  |  out|   32|  ap_ctrl_hs|  atom_selection|  return value|
|grp_dot_product_M_fu_3927_p_din44  |  out|   32|  ap_ctrl_hs|  atom_selection|  return value|
|grp_dot_product_M_fu_3927_p_din45  |  out|   32|  ap_ctrl_hs|  atom_selection|  return value|
|grp_dot_product_M_fu_3927_p_din46  |  out|   32|  ap_ctrl_hs|  atom_selection|  return value|
|grp_dot_product_M_fu_3927_p_din47  |  out|   32|  ap_ctrl_hs|  atom_selection|  return value|
|grp_dot_product_M_fu_3927_p_din48  |  out|   32|  ap_ctrl_hs|  atom_selection|  return value|
|grp_dot_product_M_fu_3927_p_din49  |  out|   32|  ap_ctrl_hs|  atom_selection|  return value|
|grp_dot_product_M_fu_3927_p_din50  |  out|   32|  ap_ctrl_hs|  atom_selection|  return value|
|grp_dot_product_M_fu_3927_p_din51  |  out|   32|  ap_ctrl_hs|  atom_selection|  return value|
|grp_dot_product_M_fu_3927_p_din52  |  out|   32|  ap_ctrl_hs|  atom_selection|  return value|
|grp_dot_product_M_fu_3927_p_din53  |  out|   32|  ap_ctrl_hs|  atom_selection|  return value|
|grp_dot_product_M_fu_3927_p_din54  |  out|   32|  ap_ctrl_hs|  atom_selection|  return value|
|grp_dot_product_M_fu_3927_p_din55  |  out|   32|  ap_ctrl_hs|  atom_selection|  return value|
|grp_dot_product_M_fu_3927_p_din56  |  out|   32|  ap_ctrl_hs|  atom_selection|  return value|
|grp_dot_product_M_fu_3927_p_din57  |  out|   32|  ap_ctrl_hs|  atom_selection|  return value|
|grp_dot_product_M_fu_3927_p_din58  |  out|   32|  ap_ctrl_hs|  atom_selection|  return value|
|grp_dot_product_M_fu_3927_p_din59  |  out|   32|  ap_ctrl_hs|  atom_selection|  return value|
|grp_dot_product_M_fu_3927_p_din60  |  out|   32|  ap_ctrl_hs|  atom_selection|  return value|
|grp_dot_product_M_fu_3927_p_din61  |  out|   32|  ap_ctrl_hs|  atom_selection|  return value|
|grp_dot_product_M_fu_3927_p_din62  |  out|   32|  ap_ctrl_hs|  atom_selection|  return value|
|grp_dot_product_M_fu_3927_p_din63  |  out|   32|  ap_ctrl_hs|  atom_selection|  return value|
|grp_dot_product_M_fu_3927_p_din64  |  out|   32|  ap_ctrl_hs|  atom_selection|  return value|
|grp_dot_product_M_fu_3927_p_din65  |  out|   32|  ap_ctrl_hs|  atom_selection|  return value|
|grp_dot_product_M_fu_3927_p_din66  |  out|   32|  ap_ctrl_hs|  atom_selection|  return value|
|grp_dot_product_M_fu_3927_p_din67  |  out|   32|  ap_ctrl_hs|  atom_selection|  return value|
|grp_dot_product_M_fu_3927_p_din68  |  out|   32|  ap_ctrl_hs|  atom_selection|  return value|
|grp_dot_product_M_fu_3927_p_din69  |  out|   32|  ap_ctrl_hs|  atom_selection|  return value|
|grp_dot_product_M_fu_3927_p_din70  |  out|   32|  ap_ctrl_hs|  atom_selection|  return value|
|grp_dot_product_M_fu_3927_p_din71  |  out|   32|  ap_ctrl_hs|  atom_selection|  return value|
|grp_dot_product_M_fu_3927_p_din72  |  out|   32|  ap_ctrl_hs|  atom_selection|  return value|
|grp_dot_product_M_fu_3927_p_din73  |  out|   32|  ap_ctrl_hs|  atom_selection|  return value|
|grp_dot_product_M_fu_3927_p_din74  |  out|   32|  ap_ctrl_hs|  atom_selection|  return value|
|grp_dot_product_M_fu_3927_p_din75  |  out|   32|  ap_ctrl_hs|  atom_selection|  return value|
|grp_dot_product_M_fu_3927_p_din76  |  out|   32|  ap_ctrl_hs|  atom_selection|  return value|
|grp_dot_product_M_fu_3927_p_din77  |  out|   32|  ap_ctrl_hs|  atom_selection|  return value|
|grp_dot_product_M_fu_3927_p_din78  |  out|   32|  ap_ctrl_hs|  atom_selection|  return value|
|grp_dot_product_M_fu_3927_p_din79  |  out|   32|  ap_ctrl_hs|  atom_selection|  return value|
|grp_dot_product_M_fu_3927_p_din80  |  out|   32|  ap_ctrl_hs|  atom_selection|  return value|
|grp_dot_product_M_fu_3927_p_din81  |  out|   32|  ap_ctrl_hs|  atom_selection|  return value|
|grp_dot_product_M_fu_3927_p_din82  |  out|   32|  ap_ctrl_hs|  atom_selection|  return value|
|grp_dot_product_M_fu_3927_p_din83  |  out|   32|  ap_ctrl_hs|  atom_selection|  return value|
|grp_dot_product_M_fu_3927_p_din84  |  out|   32|  ap_ctrl_hs|  atom_selection|  return value|
|grp_dot_product_M_fu_3927_p_din85  |  out|   32|  ap_ctrl_hs|  atom_selection|  return value|
|grp_dot_product_M_fu_3927_p_din86  |  out|   32|  ap_ctrl_hs|  atom_selection|  return value|
|grp_dot_product_M_fu_3927_p_din87  |  out|   32|  ap_ctrl_hs|  atom_selection|  return value|
|grp_dot_product_M_fu_3927_p_din88  |  out|   32|  ap_ctrl_hs|  atom_selection|  return value|
|grp_dot_product_M_fu_3927_p_din89  |  out|   32|  ap_ctrl_hs|  atom_selection|  return value|
|grp_dot_product_M_fu_3927_p_din90  |  out|   32|  ap_ctrl_hs|  atom_selection|  return value|
|grp_dot_product_M_fu_3927_p_din91  |  out|   32|  ap_ctrl_hs|  atom_selection|  return value|
|grp_dot_product_M_fu_3927_p_din92  |  out|   32|  ap_ctrl_hs|  atom_selection|  return value|
|grp_dot_product_M_fu_3927_p_din93  |  out|   32|  ap_ctrl_hs|  atom_selection|  return value|
|grp_dot_product_M_fu_3927_p_din94  |  out|   32|  ap_ctrl_hs|  atom_selection|  return value|
|grp_dot_product_M_fu_3927_p_din95  |  out|   32|  ap_ctrl_hs|  atom_selection|  return value|
|grp_dot_product_M_fu_3927_p_din96  |  out|   32|  ap_ctrl_hs|  atom_selection|  return value|
|grp_dot_product_M_fu_3927_p_dout0  |   in|   32|  ap_ctrl_hs|  atom_selection|  return value|
|grp_dot_product_M_fu_3927_p_ce     |  out|    1|  ap_ctrl_hs|  atom_selection|  return value|
|r_0_val1                           |   in|   32|     ap_none|        r_0_val1|        scalar|
|r_1_val2                           |   in|   32|     ap_none|        r_1_val2|        scalar|
|r_2_val3                           |   in|   32|     ap_none|        r_2_val3|        scalar|
|r_3_val4                           |   in|   32|     ap_none|        r_3_val4|        scalar|
|r_4_val5                           |   in|   32|     ap_none|        r_4_val5|        scalar|
|r_5_val6                           |   in|   32|     ap_none|        r_5_val6|        scalar|
|r_6_val7                           |   in|   32|     ap_none|        r_6_val7|        scalar|
|r_7_val8                           |   in|   32|     ap_none|        r_7_val8|        scalar|
|r_8_val9                           |   in|   32|     ap_none|        r_8_val9|        scalar|
|r_9_val10                          |   in|   32|     ap_none|       r_9_val10|        scalar|
|r_10_val11                         |   in|   32|     ap_none|      r_10_val11|        scalar|
|r_11_val12                         |   in|   32|     ap_none|      r_11_val12|        scalar|
|r_12_val13                         |   in|   32|     ap_none|      r_12_val13|        scalar|
|r_13_val14                         |   in|   32|     ap_none|      r_13_val14|        scalar|
|r_14_val15                         |   in|   32|     ap_none|      r_14_val15|        scalar|
|r_15_val16                         |   in|   32|     ap_none|      r_15_val16|        scalar|
|r_16_val17                         |   in|   32|     ap_none|      r_16_val17|        scalar|
|r_17_val18                         |   in|   32|     ap_none|      r_17_val18|        scalar|
|r_18_val19                         |   in|   32|     ap_none|      r_18_val19|        scalar|
|r_19_val20                         |   in|   32|     ap_none|      r_19_val20|        scalar|
|r_20_val21                         |   in|   32|     ap_none|      r_20_val21|        scalar|
|r_21_val22                         |   in|   32|     ap_none|      r_21_val22|        scalar|
|r_22_val23                         |   in|   32|     ap_none|      r_22_val23|        scalar|
|r_23_val24                         |   in|   32|     ap_none|      r_23_val24|        scalar|
|r_24_val25                         |   in|   32|     ap_none|      r_24_val25|        scalar|
|r_25_val26                         |   in|   32|     ap_none|      r_25_val26|        scalar|
|r_26_val27                         |   in|   32|     ap_none|      r_26_val27|        scalar|
|r_27_val28                         |   in|   32|     ap_none|      r_27_val28|        scalar|
|r_28_val29                         |   in|   32|     ap_none|      r_28_val29|        scalar|
|r_29_val30                         |   in|   32|     ap_none|      r_29_val30|        scalar|
|r_30_val31                         |   in|   32|     ap_none|      r_30_val31|        scalar|
|r_31_val32                         |   in|   32|     ap_none|      r_31_val32|        scalar|
|r_32_val33                         |   in|   32|     ap_none|      r_32_val33|        scalar|
|r_33_val34                         |   in|   32|     ap_none|      r_33_val34|        scalar|
|r_34_val35                         |   in|   32|     ap_none|      r_34_val35|        scalar|
|r_35_val36                         |   in|   32|     ap_none|      r_35_val36|        scalar|
|r_36_val37                         |   in|   32|     ap_none|      r_36_val37|        scalar|
|r_37_val38                         |   in|   32|     ap_none|      r_37_val38|        scalar|
|r_38_val39                         |   in|   32|     ap_none|      r_38_val39|        scalar|
|r_39_val40                         |   in|   32|     ap_none|      r_39_val40|        scalar|
|r_40_val41                         |   in|   32|     ap_none|      r_40_val41|        scalar|
|r_41_val42                         |   in|   32|     ap_none|      r_41_val42|        scalar|
|r_42_val43                         |   in|   32|     ap_none|      r_42_val43|        scalar|
|r_43_val44                         |   in|   32|     ap_none|      r_43_val44|        scalar|
|r_44_val45                         |   in|   32|     ap_none|      r_44_val45|        scalar|
|r_45_val46                         |   in|   32|     ap_none|      r_45_val46|        scalar|
|r_46_val47                         |   in|   32|     ap_none|      r_46_val47|        scalar|
|r_47_val48                         |   in|   32|     ap_none|      r_47_val48|        scalar|
|A_0_address0                       |  out|    7|   ap_memory|             A_0|         array|
|A_0_ce0                            |  out|    1|   ap_memory|             A_0|         array|
|A_0_q0                             |   in|   32|   ap_memory|             A_0|         array|
|A_1_address0                       |  out|    7|   ap_memory|             A_1|         array|
|A_1_ce0                            |  out|    1|   ap_memory|             A_1|         array|
|A_1_q0                             |   in|   32|   ap_memory|             A_1|         array|
|A_2_address0                       |  out|    7|   ap_memory|             A_2|         array|
|A_2_ce0                            |  out|    1|   ap_memory|             A_2|         array|
|A_2_q0                             |   in|   32|   ap_memory|             A_2|         array|
|A_3_address0                       |  out|    7|   ap_memory|             A_3|         array|
|A_3_ce0                            |  out|    1|   ap_memory|             A_3|         array|
|A_3_q0                             |   in|   32|   ap_memory|             A_3|         array|
|A_4_address0                       |  out|    7|   ap_memory|             A_4|         array|
|A_4_ce0                            |  out|    1|   ap_memory|             A_4|         array|
|A_4_q0                             |   in|   32|   ap_memory|             A_4|         array|
|A_5_address0                       |  out|    7|   ap_memory|             A_5|         array|
|A_5_ce0                            |  out|    1|   ap_memory|             A_5|         array|
|A_5_q0                             |   in|   32|   ap_memory|             A_5|         array|
|A_6_address0                       |  out|    7|   ap_memory|             A_6|         array|
|A_6_ce0                            |  out|    1|   ap_memory|             A_6|         array|
|A_6_q0                             |   in|   32|   ap_memory|             A_6|         array|
|A_7_address0                       |  out|    7|   ap_memory|             A_7|         array|
|A_7_ce0                            |  out|    1|   ap_memory|             A_7|         array|
|A_7_q0                             |   in|   32|   ap_memory|             A_7|         array|
|A_8_address0                       |  out|    7|   ap_memory|             A_8|         array|
|A_8_ce0                            |  out|    1|   ap_memory|             A_8|         array|
|A_8_q0                             |   in|   32|   ap_memory|             A_8|         array|
|A_9_address0                       |  out|    7|   ap_memory|             A_9|         array|
|A_9_ce0                            |  out|    1|   ap_memory|             A_9|         array|
|A_9_q0                             |   in|   32|   ap_memory|             A_9|         array|
|A_10_address0                      |  out|    7|   ap_memory|            A_10|         array|
|A_10_ce0                           |  out|    1|   ap_memory|            A_10|         array|
|A_10_q0                            |   in|   32|   ap_memory|            A_10|         array|
|A_11_address0                      |  out|    7|   ap_memory|            A_11|         array|
|A_11_ce0                           |  out|    1|   ap_memory|            A_11|         array|
|A_11_q0                            |   in|   32|   ap_memory|            A_11|         array|
|A_12_address0                      |  out|    7|   ap_memory|            A_12|         array|
|A_12_ce0                           |  out|    1|   ap_memory|            A_12|         array|
|A_12_q0                            |   in|   32|   ap_memory|            A_12|         array|
|A_13_address0                      |  out|    7|   ap_memory|            A_13|         array|
|A_13_ce0                           |  out|    1|   ap_memory|            A_13|         array|
|A_13_q0                            |   in|   32|   ap_memory|            A_13|         array|
|A_14_address0                      |  out|    7|   ap_memory|            A_14|         array|
|A_14_ce0                           |  out|    1|   ap_memory|            A_14|         array|
|A_14_q0                            |   in|   32|   ap_memory|            A_14|         array|
|A_15_address0                      |  out|    7|   ap_memory|            A_15|         array|
|A_15_ce0                           |  out|    1|   ap_memory|            A_15|         array|
|A_15_q0                            |   in|   32|   ap_memory|            A_15|         array|
|A_16_address0                      |  out|    7|   ap_memory|            A_16|         array|
|A_16_ce0                           |  out|    1|   ap_memory|            A_16|         array|
|A_16_q0                            |   in|   32|   ap_memory|            A_16|         array|
|A_17_address0                      |  out|    7|   ap_memory|            A_17|         array|
|A_17_ce0                           |  out|    1|   ap_memory|            A_17|         array|
|A_17_q0                            |   in|   32|   ap_memory|            A_17|         array|
|A_18_address0                      |  out|    7|   ap_memory|            A_18|         array|
|A_18_ce0                           |  out|    1|   ap_memory|            A_18|         array|
|A_18_q0                            |   in|   32|   ap_memory|            A_18|         array|
|A_19_address0                      |  out|    7|   ap_memory|            A_19|         array|
|A_19_ce0                           |  out|    1|   ap_memory|            A_19|         array|
|A_19_q0                            |   in|   32|   ap_memory|            A_19|         array|
|A_20_address0                      |  out|    7|   ap_memory|            A_20|         array|
|A_20_ce0                           |  out|    1|   ap_memory|            A_20|         array|
|A_20_q0                            |   in|   32|   ap_memory|            A_20|         array|
|A_21_address0                      |  out|    7|   ap_memory|            A_21|         array|
|A_21_ce0                           |  out|    1|   ap_memory|            A_21|         array|
|A_21_q0                            |   in|   32|   ap_memory|            A_21|         array|
|A_22_address0                      |  out|    7|   ap_memory|            A_22|         array|
|A_22_ce0                           |  out|    1|   ap_memory|            A_22|         array|
|A_22_q0                            |   in|   32|   ap_memory|            A_22|         array|
|A_23_address0                      |  out|    7|   ap_memory|            A_23|         array|
|A_23_ce0                           |  out|    1|   ap_memory|            A_23|         array|
|A_23_q0                            |   in|   32|   ap_memory|            A_23|         array|
|A_24_address0                      |  out|    7|   ap_memory|            A_24|         array|
|A_24_ce0                           |  out|    1|   ap_memory|            A_24|         array|
|A_24_q0                            |   in|   32|   ap_memory|            A_24|         array|
|A_25_address0                      |  out|    7|   ap_memory|            A_25|         array|
|A_25_ce0                           |  out|    1|   ap_memory|            A_25|         array|
|A_25_q0                            |   in|   32|   ap_memory|            A_25|         array|
|A_26_address0                      |  out|    7|   ap_memory|            A_26|         array|
|A_26_ce0                           |  out|    1|   ap_memory|            A_26|         array|
|A_26_q0                            |   in|   32|   ap_memory|            A_26|         array|
|A_27_address0                      |  out|    7|   ap_memory|            A_27|         array|
|A_27_ce0                           |  out|    1|   ap_memory|            A_27|         array|
|A_27_q0                            |   in|   32|   ap_memory|            A_27|         array|
|A_28_address0                      |  out|    7|   ap_memory|            A_28|         array|
|A_28_ce0                           |  out|    1|   ap_memory|            A_28|         array|
|A_28_q0                            |   in|   32|   ap_memory|            A_28|         array|
|A_29_address0                      |  out|    7|   ap_memory|            A_29|         array|
|A_29_ce0                           |  out|    1|   ap_memory|            A_29|         array|
|A_29_q0                            |   in|   32|   ap_memory|            A_29|         array|
|A_30_address0                      |  out|    7|   ap_memory|            A_30|         array|
|A_30_ce0                           |  out|    1|   ap_memory|            A_30|         array|
|A_30_q0                            |   in|   32|   ap_memory|            A_30|         array|
|A_31_address0                      |  out|    7|   ap_memory|            A_31|         array|
|A_31_ce0                           |  out|    1|   ap_memory|            A_31|         array|
|A_31_q0                            |   in|   32|   ap_memory|            A_31|         array|
|A_32_address0                      |  out|    7|   ap_memory|            A_32|         array|
|A_32_ce0                           |  out|    1|   ap_memory|            A_32|         array|
|A_32_q0                            |   in|   32|   ap_memory|            A_32|         array|
|A_33_address0                      |  out|    7|   ap_memory|            A_33|         array|
|A_33_ce0                           |  out|    1|   ap_memory|            A_33|         array|
|A_33_q0                            |   in|   32|   ap_memory|            A_33|         array|
|A_34_address0                      |  out|    7|   ap_memory|            A_34|         array|
|A_34_ce0                           |  out|    1|   ap_memory|            A_34|         array|
|A_34_q0                            |   in|   32|   ap_memory|            A_34|         array|
|A_35_address0                      |  out|    7|   ap_memory|            A_35|         array|
|A_35_ce0                           |  out|    1|   ap_memory|            A_35|         array|
|A_35_q0                            |   in|   32|   ap_memory|            A_35|         array|
|A_36_address0                      |  out|    7|   ap_memory|            A_36|         array|
|A_36_ce0                           |  out|    1|   ap_memory|            A_36|         array|
|A_36_q0                            |   in|   32|   ap_memory|            A_36|         array|
|A_37_address0                      |  out|    7|   ap_memory|            A_37|         array|
|A_37_ce0                           |  out|    1|   ap_memory|            A_37|         array|
|A_37_q0                            |   in|   32|   ap_memory|            A_37|         array|
|A_38_address0                      |  out|    7|   ap_memory|            A_38|         array|
|A_38_ce0                           |  out|    1|   ap_memory|            A_38|         array|
|A_38_q0                            |   in|   32|   ap_memory|            A_38|         array|
|A_39_address0                      |  out|    7|   ap_memory|            A_39|         array|
|A_39_ce0                           |  out|    1|   ap_memory|            A_39|         array|
|A_39_q0                            |   in|   32|   ap_memory|            A_39|         array|
|A_40_address0                      |  out|    7|   ap_memory|            A_40|         array|
|A_40_ce0                           |  out|    1|   ap_memory|            A_40|         array|
|A_40_q0                            |   in|   32|   ap_memory|            A_40|         array|
|A_41_address0                      |  out|    7|   ap_memory|            A_41|         array|
|A_41_ce0                           |  out|    1|   ap_memory|            A_41|         array|
|A_41_q0                            |   in|   32|   ap_memory|            A_41|         array|
|A_42_address0                      |  out|    7|   ap_memory|            A_42|         array|
|A_42_ce0                           |  out|    1|   ap_memory|            A_42|         array|
|A_42_q0                            |   in|   32|   ap_memory|            A_42|         array|
|A_43_address0                      |  out|    7|   ap_memory|            A_43|         array|
|A_43_ce0                           |  out|    1|   ap_memory|            A_43|         array|
|A_43_q0                            |   in|   32|   ap_memory|            A_43|         array|
|A_44_address0                      |  out|    7|   ap_memory|            A_44|         array|
|A_44_ce0                           |  out|    1|   ap_memory|            A_44|         array|
|A_44_q0                            |   in|   32|   ap_memory|            A_44|         array|
|A_45_address0                      |  out|    7|   ap_memory|            A_45|         array|
|A_45_ce0                           |  out|    1|   ap_memory|            A_45|         array|
|A_45_q0                            |   in|   32|   ap_memory|            A_45|         array|
|A_46_address0                      |  out|    7|   ap_memory|            A_46|         array|
|A_46_ce0                           |  out|    1|   ap_memory|            A_46|         array|
|A_46_q0                            |   in|   32|   ap_memory|            A_46|         array|
|A_47_address0                      |  out|    7|   ap_memory|            A_47|         array|
|A_47_ce0                           |  out|    1|   ap_memory|            A_47|         array|
|A_47_q0                            |   in|   32|   ap_memory|            A_47|         array|
+-----------------------------------+-----+-----+------------+----------------+--------------+

