

================================================================
== Vitis HLS Report for 'atom_selection_Pipeline_atom_loop'
================================================================
* Date:           Sun Nov 23 17:36:18 2025

* Version:        2023.1 (Build 3854077 on May  4 2023)
* Project:        OMP_HLS
* Solution:       solution1 (Vivado IP Flow Target)
* Product family: zynquplus
* Target device:  xczu19eg-ffvc1760-2-e


================================================================
== Performance Estimates
================================================================
+ Timing: 
    * Summary: 
    +--------+----------+-----------+------------+
    |  Clock |  Target  | Estimated | Uncertainty|
    +--------+----------+-----------+------------+
    |ap_clk  |  22.00 ns|  12.753 ns|     5.94 ns|
    +--------+----------+-----------+------------+

+ Latency: 
    * Summary: 
    +---------+---------+----------+----------+-----+-----+---------+
    |  Latency (cycles) |  Latency (absolute) |  Interval | Pipeline|
    |   min   |   max   |    min   |    max   | min | max |   Type  |
    +---------+---------+----------+----------+-----+-----+---------+
    |      229|      229|  5.038 us|  5.038 us|  229|  229|       no|
    +---------+---------+----------+----------+-----+-----+---------+

    + Detail: 
        * Instance: 
        +---------------------------+---------------+---------+---------+----------+----------+-----+-----+---------+
        |                           |               |  Latency (cycles) |  Latency (absolute) |  Interval | Pipeline|
        |          Instance         |     Module    |   min   |   max   |    min   |    max   | min | max |   Type  |
        +---------------------------+---------------+---------+---------+----------+----------+-----+-----+---------+
        |grp_dot_product_M_fu_1171  |dot_product_M  |       97|       97|  2.134 us|  2.134 us|    1|    1|      yes|
        +---------------------------+---------------+---------+---------+----------+----------+-----+-----+---------+

        * Loop: 
        +-------------+---------+---------+----------+-----------+-----------+------+----------+
        |             |  Latency (cycles) | Iteration|  Initiation Interval  | Trip |          |
        |  Loop Name  |   min   |   max   |  Latency |  achieved |   target  | Count| Pipelined|
        +-------------+---------+---------+----------+-----------+-----------+------+----------+
        |- atom_loop  |      227|      227|       101|          1|          1|   128|       yes|
        +-------------+---------+---------+----------+-----------+-----------+------+----------+



================================================================
== Utilization Estimates
================================================================
* Summary: 
+-----------------+---------+------+---------+--------+-----+
|       Name      | BRAM_18K|  DSP |    FF   |   LUT  | URAM|
+-----------------+---------+------+---------+--------+-----+
|DSP              |        -|     -|        -|       -|    -|
|Expression       |        -|     -|        0|     195|    -|
|FIFO             |        -|     -|        -|       -|    -|
|Instance         |        -|     -|        -|       -|    -|
|Memory           |        -|     -|        -|       -|    -|
|Multiplexer      |        -|     -|        -|      54|    -|
|Register         |        -|     -|      441|      64|    -|
+-----------------+---------+------+---------+--------+-----+
|Total            |        0|     0|      441|     313|    0|
+-----------------+---------+------+---------+--------+-----+
|Available        |     1968|  1968|  1045440|  522720|  128|
+-----------------+---------+------+---------+--------+-----+
|Utilization (%)  |        0|     0|       ~0|      ~0|    0|
+-----------------+---------+------+---------+--------+-----+

+ Detail: 
    * Instance: 
    +----------------------------------+-----------------------------+---------+----+---+----+-----+
    |             Instance             |            Module           | BRAM_18K| DSP| FF| LUT| URAM|
    +----------------------------------+-----------------------------+---------+----+---+----+-----+
    |fcmp_32ns_32ns_1_1_no_dsp_1_U248  |fcmp_32ns_32ns_1_1_no_dsp_1  |        0|   0|  0|   0|    0|
    +----------------------------------+-----------------------------+---------+----+---+----+-----+
    |Total                             |                             |        0|   0|  0|   0|    0|
    +----------------------------------+-----------------------------+---------+----+---+----+-----+

    * DSP: 
    N/A

    * Memory: 
    N/A

    * FIFO: 
    N/A

    * Expression: 
    +------------------------+----------+----+---+----+------------+------------+
    |      Variable Name     | Operation| DSP| FF| LUT| Bitwidth P0| Bitwidth P1|
    +------------------------+----------+----+---+----+------------+------------+
    |add_ln28_fu_1347_p2     |         +|   0|  0|  15|           8|           1|
    |and_ln42_1_fu_1515_p2   |       and|   0|  0|   2|           1|           1|
    |and_ln42_fu_1509_p2     |       and|   0|  0|   2|           1|           1|
    |icmp_ln28_fu_1341_p2    |      icmp|   0|  0|  16|           8|           9|
    |icmp_ln42_1_fu_1479_p2  |      icmp|   0|  0|  30|          23|           1|
    |icmp_ln42_2_fu_1491_p2  |      icmp|   0|  0|  15|           8|           2|
    |icmp_ln42_3_fu_1497_p2  |      icmp|   0|  0|  30|          23|           1|
    |icmp_ln42_fu_1473_p2    |      icmp|   0|  0|  15|           8|           2|
    |or_ln42_1_fu_1503_p2    |        or|   0|  0|   2|           1|           1|
    |or_ln42_fu_1485_p2      |        or|   0|  0|   2|           1|           1|
    |idx_4_fu_1524_p3        |    select|   0|  0|  32|           1|          32|
    |max_val_2_fu_1532_p3    |    select|   0|  0|  32|           1|          32|
    |ap_enable_pp0           |       xor|   0|  0|   2|           1|           2|
    +------------------------+----------+----+---+----+------------+------------+
    |Total                   |          |   0|  0| 195|          85|          86|
    +------------------------+----------+----+---+----+------------+------------+

    * Multiplexer: 
    +-------------------------+----+-----------+-----+-----------+
    |           Name          | LUT| Input Size| Bits| Total Bits|
    +-------------------------+----+-----------+-----+-----------+
    |ap_done_int              |   9|          2|    1|          2|
    |ap_enable_reg_pp0_iter1  |   9|          2|    1|          2|
    |ap_sig_allocacmp_j       |   9|          2|    8|         16|
    |idx_1_fu_248             |   9|          2|    8|         16|
    |idx_fu_240               |   9|          2|   32|         64|
    |max_val_fu_244           |   9|          2|   32|         64|
    +-------------------------+----+-----------+-----+-----------+
    |Total                    |  54|         12|   82|        164|
    +-------------------------+----+-----------+-----+-----------+

    * Register: 
    +-----------------------------------+----+----+-----+-----------+
    |                Name               | FF | LUT| Bits| Const Bits|
    +-----------------------------------+----+----+-----+-----------+
    |ap_CS_fsm                          |   1|   0|    1|          0|
    |ap_done_reg                        |   1|   0|    1|          0|
    |ap_enable_reg_pp0_iter1            |   1|   0|    1|          0|
    |ap_enable_reg_pp0_iter10           |   1|   0|    1|          0|
    |ap_enable_reg_pp0_iter100          |   1|   0|    1|          0|
    |ap_enable_reg_pp0_iter11           |   1|   0|    1|          0|
    |ap_enable_reg_pp0_iter12           |   1|   0|    1|          0|
    |ap_enable_reg_pp0_iter13           |   1|   0|    1|          0|
    |ap_enable_reg_pp0_iter14           |   1|   0|    1|          0|
    |ap_enable_reg_pp0_iter15           |   1|   0|    1|          0|
    |ap_enable_reg_pp0_iter16           |   1|   0|    1|          0|
    |ap_enable_reg_pp0_iter17           |   1|   0|    1|          0|
    |ap_enable_reg_pp0_iter18           |   1|   0|    1|          0|
    |ap_enable_reg_pp0_iter19           |   1|   0|    1|          0|
    |ap_enable_reg_pp0_iter2            |   1|   0|    1|          0|
    |ap_enable_reg_pp0_iter20           |   1|   0|    1|          0|
    |ap_enable_reg_pp0_iter21           |   1|   0|    1|          0|
    |ap_enable_reg_pp0_iter22           |   1|   0|    1|          0|
    |ap_enable_reg_pp0_iter23           |   1|   0|    1|          0|
    |ap_enable_reg_pp0_iter24           |   1|   0|    1|          0|
    |ap_enable_reg_pp0_iter25           |   1|   0|    1|          0|
    |ap_enable_reg_pp0_iter26           |   1|   0|    1|          0|
    |ap_enable_reg_pp0_iter27           |   1|   0|    1|          0|
    |ap_enable_reg_pp0_iter28           |   1|   0|    1|          0|
    |ap_enable_reg_pp0_iter29           |   1|   0|    1|          0|
    |ap_enable_reg_pp0_iter3            |   1|   0|    1|          0|
    |ap_enable_reg_pp0_iter30           |   1|   0|    1|          0|
    |ap_enable_reg_pp0_iter31           |   1|   0|    1|          0|
    |ap_enable_reg_pp0_iter32           |   1|   0|    1|          0|
    |ap_enable_reg_pp0_iter33           |   1|   0|    1|          0|
    |ap_enable_reg_pp0_iter34           |   1|   0|    1|          0|
    |ap_enable_reg_pp0_iter35           |   1|   0|    1|          0|
    |ap_enable_reg_pp0_iter36           |   1|   0|    1|          0|
    |ap_enable_reg_pp0_iter37           |   1|   0|    1|          0|
    |ap_enable_reg_pp0_iter38           |   1|   0|    1|          0|
    |ap_enable_reg_pp0_iter39           |   1|   0|    1|          0|
    |ap_enable_reg_pp0_iter4            |   1|   0|    1|          0|
    |ap_enable_reg_pp0_iter40           |   1|   0|    1|          0|
    |ap_enable_reg_pp0_iter41           |   1|   0|    1|          0|
    |ap_enable_reg_pp0_iter42           |   1|   0|    1|          0|
    |ap_enable_reg_pp0_iter43           |   1|   0|    1|          0|
    |ap_enable_reg_pp0_iter44           |   1|   0|    1|          0|
    |ap_enable_reg_pp0_iter45           |   1|   0|    1|          0|
    |ap_enable_reg_pp0_iter46           |   1|   0|    1|          0|
    |ap_enable_reg_pp0_iter47           |   1|   0|    1|          0|
    |ap_enable_reg_pp0_iter48           |   1|   0|    1|          0|
    |ap_enable_reg_pp0_iter49           |   1|   0|    1|          0|
    |ap_enable_reg_pp0_iter5            |   1|   0|    1|          0|
    |ap_enable_reg_pp0_iter50           |   1|   0|    1|          0|
    |ap_enable_reg_pp0_iter51           |   1|   0|    1|          0|
    |ap_enable_reg_pp0_iter52           |   1|   0|    1|          0|
    |ap_enable_reg_pp0_iter53           |   1|   0|    1|          0|
    |ap_enable_reg_pp0_iter54           |   1|   0|    1|          0|
    |ap_enable_reg_pp0_iter55           |   1|   0|    1|          0|
    |ap_enable_reg_pp0_iter56           |   1|   0|    1|          0|
    |ap_enable_reg_pp0_iter57           |   1|   0|    1|          0|
    |ap_enable_reg_pp0_iter58           |   1|   0|    1|          0|
    |ap_enable_reg_pp0_iter59           |   1|   0|    1|          0|
    |ap_enable_reg_pp0_iter6            |   1|   0|    1|          0|
    |ap_enable_reg_pp0_iter60           |   1|   0|    1|          0|
    |ap_enable_reg_pp0_iter61           |   1|   0|    1|          0|
    |ap_enable_reg_pp0_iter62           |   1|   0|    1|          0|
    |ap_enable_reg_pp0_iter63           |   1|   0|    1|          0|
    |ap_enable_reg_pp0_iter64           |   1|   0|    1|          0|
    |ap_enable_reg_pp0_iter65           |   1|   0|    1|          0|
    |ap_enable_reg_pp0_iter66           |   1|   0|    1|          0|
    |ap_enable_reg_pp0_iter67           |   1|   0|    1|          0|
    |ap_enable_reg_pp0_iter68           |   1|   0|    1|          0|
    |ap_enable_reg_pp0_iter69           |   1|   0|    1|          0|
    |ap_enable_reg_pp0_iter7            |   1|   0|    1|          0|
    |ap_enable_reg_pp0_iter70           |   1|   0|    1|          0|
    |ap_enable_reg_pp0_iter71           |   1|   0|    1|          0|
    |ap_enable_reg_pp0_iter72           |   1|   0|    1|          0|
    |ap_enable_reg_pp0_iter73           |   1|   0|    1|          0|
    |ap_enable_reg_pp0_iter74           |   1|   0|    1|          0|
    |ap_enable_reg_pp0_iter75           |   1|   0|    1|          0|
    |ap_enable_reg_pp0_iter76           |   1|   0|    1|          0|
    |ap_enable_reg_pp0_iter77           |   1|   0|    1|          0|
    |ap_enable_reg_pp0_iter78           |   1|   0|    1|          0|
    |ap_enable_reg_pp0_iter79           |   1|   0|    1|          0|
    |ap_enable_reg_pp0_iter8            |   1|   0|    1|          0|
    |ap_enable_reg_pp0_iter80           |   1|   0|    1|          0|
    |ap_enable_reg_pp0_iter81           |   1|   0|    1|          0|
    |ap_enable_reg_pp0_iter82           |   1|   0|    1|          0|
    |ap_enable_reg_pp0_iter83           |   1|   0|    1|          0|
    |ap_enable_reg_pp0_iter84           |   1|   0|    1|          0|
    |ap_enable_reg_pp0_iter85           |   1|   0|    1|          0|
    |ap_enable_reg_pp0_iter86           |   1|   0|    1|          0|
    |ap_enable_reg_pp0_iter87           |   1|   0|    1|          0|
    |ap_enable_reg_pp0_iter88           |   1|   0|    1|          0|
    |ap_enable_reg_pp0_iter89           |   1|   0|    1|          0|
    |ap_enable_reg_pp0_iter9            |   1|   0|    1|          0|
    |ap_enable_reg_pp0_iter90           |   1|   0|    1|          0|
    |ap_enable_reg_pp0_iter91           |   1|   0|    1|          0|
    |ap_enable_reg_pp0_iter92           |   1|   0|    1|          0|
    |ap_enable_reg_pp0_iter93           |   1|   0|    1|          0|
    |ap_enable_reg_pp0_iter94           |   1|   0|    1|          0|
    |ap_enable_reg_pp0_iter95           |   1|   0|    1|          0|
    |ap_enable_reg_pp0_iter96           |   1|   0|    1|          0|
    |ap_enable_reg_pp0_iter97           |   1|   0|    1|          0|
    |ap_enable_reg_pp0_iter98           |   1|   0|    1|          0|
    |ap_enable_reg_pp0_iter99           |   1|   0|    1|          0|
    |ap_loop_exit_ready_pp0_iter10_reg  |   1|   0|    1|          0|
    |ap_loop_exit_ready_pp0_iter11_reg  |   1|   0|    1|          0|
    |ap_loop_exit_ready_pp0_iter12_reg  |   1|   0|    1|          0|
    |ap_loop_exit_ready_pp0_iter13_reg  |   1|   0|    1|          0|
    |ap_loop_exit_ready_pp0_iter14_reg  |   1|   0|    1|          0|
    |ap_loop_exit_ready_pp0_iter15_reg  |   1|   0|    1|          0|
    |ap_loop_exit_ready_pp0_iter16_reg  |   1|   0|    1|          0|
    |ap_loop_exit_ready_pp0_iter17_reg  |   1|   0|    1|          0|
    |ap_loop_exit_ready_pp0_iter18_reg  |   1|   0|    1|          0|
    |ap_loop_exit_ready_pp0_iter19_reg  |   1|   0|    1|          0|
    |ap_loop_exit_ready_pp0_iter1_reg   |   1|   0|    1|          0|
    |ap_loop_exit_ready_pp0_iter20_reg  |   1|   0|    1|          0|
    |ap_loop_exit_ready_pp0_iter21_reg  |   1|   0|    1|          0|
    |ap_loop_exit_ready_pp0_iter22_reg  |   1|   0|    1|          0|
    |ap_loop_exit_ready_pp0_iter23_reg  |   1|   0|    1|          0|
    |ap_loop_exit_ready_pp0_iter24_reg  |   1|   0|    1|          0|
    |ap_loop_exit_ready_pp0_iter25_reg  |   1|   0|    1|          0|
    |ap_loop_exit_ready_pp0_iter26_reg  |   1|   0|    1|          0|
    |ap_loop_exit_ready_pp0_iter27_reg  |   1|   0|    1|          0|
    |ap_loop_exit_ready_pp0_iter28_reg  |   1|   0|    1|          0|
    |ap_loop_exit_ready_pp0_iter29_reg  |   1|   0|    1|          0|
    |ap_loop_exit_ready_pp0_iter2_reg   |   1|   0|    1|          0|
    |ap_loop_exit_ready_pp0_iter30_reg  |   1|   0|    1|          0|
    |ap_loop_exit_ready_pp0_iter31_reg  |   1|   0|    1|          0|
    |ap_loop_exit_ready_pp0_iter32_reg  |   1|   0|    1|          0|
    |ap_loop_exit_ready_pp0_iter33_reg  |   1|   0|    1|          0|
    |ap_loop_exit_ready_pp0_iter34_reg  |   1|   0|    1|          0|
    |ap_loop_exit_ready_pp0_iter35_reg  |   1|   0|    1|          0|
    |ap_loop_exit_ready_pp0_iter36_reg  |   1|   0|    1|          0|
    |ap_loop_exit_ready_pp0_iter37_reg  |   1|   0|    1|          0|
    |ap_loop_exit_ready_pp0_iter38_reg  |   1|   0|    1|          0|
    |ap_loop_exit_ready_pp0_iter39_reg  |   1|   0|    1|          0|
    |ap_loop_exit_ready_pp0_iter3_reg   |   1|   0|    1|          0|
    |ap_loop_exit_ready_pp0_iter40_reg  |   1|   0|    1|          0|
    |ap_loop_exit_ready_pp0_iter41_reg  |   1|   0|    1|          0|
    |ap_loop_exit_ready_pp0_iter42_reg  |   1|   0|    1|          0|
    |ap_loop_exit_ready_pp0_iter43_reg  |   1|   0|    1|          0|
    |ap_loop_exit_ready_pp0_iter44_reg  |   1|   0|    1|          0|
    |ap_loop_exit_ready_pp0_iter45_reg  |   1|   0|    1|          0|
    |ap_loop_exit_ready_pp0_iter46_reg  |   1|   0|    1|          0|
    |ap_loop_exit_ready_pp0_iter47_reg  |   1|   0|    1|          0|
    |ap_loop_exit_ready_pp0_iter48_reg  |   1|   0|    1|          0|
    |ap_loop_exit_ready_pp0_iter49_reg  |   1|   0|    1|          0|
    |ap_loop_exit_ready_pp0_iter4_reg   |   1|   0|    1|          0|
    |ap_loop_exit_ready_pp0_iter50_reg  |   1|   0|    1|          0|
    |ap_loop_exit_ready_pp0_iter51_reg  |   1|   0|    1|          0|
    |ap_loop_exit_ready_pp0_iter52_reg  |   1|   0|    1|          0|
    |ap_loop_exit_ready_pp0_iter53_reg  |   1|   0|    1|          0|
    |ap_loop_exit_ready_pp0_iter54_reg  |   1|   0|    1|          0|
    |ap_loop_exit_ready_pp0_iter55_reg  |   1|   0|    1|          0|
    |ap_loop_exit_ready_pp0_iter56_reg  |   1|   0|    1|          0|
    |ap_loop_exit_ready_pp0_iter57_reg  |   1|   0|    1|          0|
    |ap_loop_exit_ready_pp0_iter58_reg  |   1|   0|    1|          0|
    |ap_loop_exit_ready_pp0_iter59_reg  |   1|   0|    1|          0|
    |ap_loop_exit_ready_pp0_iter5_reg   |   1|   0|    1|          0|
    |ap_loop_exit_ready_pp0_iter60_reg  |   1|   0|    1|          0|
    |ap_loop_exit_ready_pp0_iter61_reg  |   1|   0|    1|          0|
    |ap_loop_exit_ready_pp0_iter62_reg  |   1|   0|    1|          0|
    |ap_loop_exit_ready_pp0_iter63_reg  |   1|   0|    1|          0|
    |ap_loop_exit_ready_pp0_iter64_reg  |   1|   0|    1|          0|
    |ap_loop_exit_ready_pp0_iter65_reg  |   1|   0|    1|          0|
    |ap_loop_exit_ready_pp0_iter66_reg  |   1|   0|    1|          0|
    |ap_loop_exit_ready_pp0_iter67_reg  |   1|   0|    1|          0|
    |ap_loop_exit_ready_pp0_iter68_reg  |   1|   0|    1|          0|
    |ap_loop_exit_ready_pp0_iter69_reg  |   1|   0|    1|          0|
    |ap_loop_exit_ready_pp0_iter6_reg   |   1|   0|    1|          0|
    |ap_loop_exit_ready_pp0_iter70_reg  |   1|   0|    1|          0|
    |ap_loop_exit_ready_pp0_iter71_reg  |   1|   0|    1|          0|
    |ap_loop_exit_ready_pp0_iter72_reg  |   1|   0|    1|          0|
    |ap_loop_exit_ready_pp0_iter73_reg  |   1|   0|    1|          0|
    |ap_loop_exit_ready_pp0_iter74_reg  |   1|   0|    1|          0|
    |ap_loop_exit_ready_pp0_iter75_reg  |   1|   0|    1|          0|
    |ap_loop_exit_ready_pp0_iter76_reg  |   1|   0|    1|          0|
    |ap_loop_exit_ready_pp0_iter77_reg  |   1|   0|    1|          0|
    |ap_loop_exit_ready_pp0_iter78_reg  |   1|   0|    1|          0|
    |ap_loop_exit_ready_pp0_iter79_reg  |   1|   0|    1|          0|
    |ap_loop_exit_ready_pp0_iter7_reg   |   1|   0|    1|          0|
    |ap_loop_exit_ready_pp0_iter80_reg  |   1|   0|    1|          0|
    |ap_loop_exit_ready_pp0_iter81_reg  |   1|   0|    1|          0|
    |ap_loop_exit_ready_pp0_iter82_reg  |   1|   0|    1|          0|
    |ap_loop_exit_ready_pp0_iter83_reg  |   1|   0|    1|          0|
    |ap_loop_exit_ready_pp0_iter84_reg  |   1|   0|    1|          0|
    |ap_loop_exit_ready_pp0_iter85_reg  |   1|   0|    1|          0|
    |ap_loop_exit_ready_pp0_iter86_reg  |   1|   0|    1|          0|
    |ap_loop_exit_ready_pp0_iter87_reg  |   1|   0|    1|          0|
    |ap_loop_exit_ready_pp0_iter88_reg  |   1|   0|    1|          0|
    |ap_loop_exit_ready_pp0_iter89_reg  |   1|   0|    1|          0|
    |ap_loop_exit_ready_pp0_iter8_reg   |   1|   0|    1|          0|
    |ap_loop_exit_ready_pp0_iter90_reg  |   1|   0|    1|          0|
    |ap_loop_exit_ready_pp0_iter91_reg  |   1|   0|    1|          0|
    |ap_loop_exit_ready_pp0_iter92_reg  |   1|   0|    1|          0|
    |ap_loop_exit_ready_pp0_iter93_reg  |   1|   0|    1|          0|
    |ap_loop_exit_ready_pp0_iter94_reg  |   1|   0|    1|          0|
    |ap_loop_exit_ready_pp0_iter95_reg  |   1|   0|    1|          0|
    |ap_loop_exit_ready_pp0_iter96_reg  |   1|   0|    1|          0|
    |ap_loop_exit_ready_pp0_iter97_reg  |   1|   0|    1|          0|
    |ap_loop_exit_ready_pp0_iter98_reg  |   1|   0|    1|          0|
    |ap_loop_exit_ready_pp0_iter99_reg  |   1|   0|    1|          0|
    |ap_loop_exit_ready_pp0_iter9_reg   |   1|   0|    1|          0|
    |dot_reg_2305                       |  32|   0|   32|          0|
    |icmp_ln28_reg_1816                 |   1|   0|    1|          0|
    |idx_1_fu_248                       |   8|   0|    8|          0|
    |idx_fu_240                         |  32|   0|   32|          0|
    |max_val_fu_244                     |  32|   0|   32|          0|
    |trunc_ln42_2_reg_2060              |   7|   0|    7|          0|
    |icmp_ln28_reg_1816                 |  64|  32|    1|          0|
    |trunc_ln42_2_reg_2060              |  64|  32|    7|          0|
    +-----------------------------------+----+----+-----+-----------+
    |Total                              | 441|  64|  321|          0|
    +-----------------------------------+----+----+-----+-----------+



================================================================
== Interface
================================================================
* Summary: 
+-----------------------------------+-----+-----+------------+-----------------------------------+--------------+
|             RTL Ports             | Dir | Bits|  Protocol  |           Source Object           |    C Type    |
+-----------------------------------+-----+-----+------------+-----------------------------------+--------------+
|ap_clk                             |   in|    1|  ap_ctrl_hs|  atom_selection_Pipeline_atom_loop|  return value|
|ap_rst                             |   in|    1|  ap_ctrl_hs|  atom_selection_Pipeline_atom_loop|  return value|
|ap_start                           |   in|    1|  ap_ctrl_hs|  atom_selection_Pipeline_atom_loop|  return value|
|ap_done                            |  out|    1|  ap_ctrl_hs|  atom_selection_Pipeline_atom_loop|  return value|
|ap_idle                            |  out|    1|  ap_ctrl_hs|  atom_selection_Pipeline_atom_loop|  return value|
|ap_ready                           |  out|    1|  ap_ctrl_hs|  atom_selection_Pipeline_atom_loop|  return value|
|grp_dot_product_M_fu_2152_p_din1   |  out|   32|  ap_ctrl_hs|  atom_selection_Pipeline_atom_loop|  return value|
|grp_dot_product_M_fu_2152_p_din2   |  out|   32|  ap_ctrl_hs|  atom_selection_Pipeline_atom_loop|  return value|
|grp_dot_product_M_fu_2152_p_din3   |  out|   32|  ap_ctrl_hs|  atom_selection_Pipeline_atom_loop|  return value|
|grp_dot_product_M_fu_2152_p_din4   |  out|   32|  ap_ctrl_hs|  atom_selection_Pipeline_atom_loop|  return value|
|grp_dot_product_M_fu_2152_p_din5   |  out|   32|  ap_ctrl_hs|  atom_selection_Pipeline_atom_loop|  return value|
|grp_dot_product_M_fu_2152_p_din6   |  out|   32|  ap_ctrl_hs|  atom_selection_Pipeline_atom_loop|  return value|
|grp_dot_product_M_fu_2152_p_din7   |  out|   32|  ap_ctrl_hs|  atom_selection_Pipeline_atom_loop|  return value|
|grp_dot_product_M_fu_2152_p_din8   |  out|   32|  ap_ctrl_hs|  atom_selection_Pipeline_atom_loop|  return value|
|grp_dot_product_M_fu_2152_p_din9   |  out|   32|  ap_ctrl_hs|  atom_selection_Pipeline_atom_loop|  return value|
|grp_dot_product_M_fu_2152_p_din10  |  out|   32|  ap_ctrl_hs|  atom_selection_Pipeline_atom_loop|  return value|
|grp_dot_product_M_fu_2152_p_din11  |  out|   32|  ap_ctrl_hs|  atom_selection_Pipeline_atom_loop|  return value|
|grp_dot_product_M_fu_2152_p_din12  |  out|   32|  ap_ctrl_hs|  atom_selection_Pipeline_atom_loop|  return value|
|grp_dot_product_M_fu_2152_p_din13  |  out|   32|  ap_ctrl_hs|  atom_selection_Pipeline_atom_loop|  return value|
|grp_dot_product_M_fu_2152_p_din14  |  out|   32|  ap_ctrl_hs|  atom_selection_Pipeline_atom_loop|  return value|
|grp_dot_product_M_fu_2152_p_din15  |  out|   32|  ap_ctrl_hs|  atom_selection_Pipeline_atom_loop|  return value|
|grp_dot_product_M_fu_2152_p_din16  |  out|   32|  ap_ctrl_hs|  atom_selection_Pipeline_atom_loop|  return value|
|grp_dot_product_M_fu_2152_p_din17  |  out|   32|  ap_ctrl_hs|  atom_selection_Pipeline_atom_loop|  return value|
|grp_dot_product_M_fu_2152_p_din18  |  out|   32|  ap_ctrl_hs|  atom_selection_Pipeline_atom_loop|  return value|
|grp_dot_product_M_fu_2152_p_din19  |  out|   32|  ap_ctrl_hs|  atom_selection_Pipeline_atom_loop|  return value|
|grp_dot_product_M_fu_2152_p_din20  |  out|   32|  ap_ctrl_hs|  atom_selection_Pipeline_atom_loop|  return value|
|grp_dot_product_M_fu_2152_p_din21  |  out|   32|  ap_ctrl_hs|  atom_selection_Pipeline_atom_loop|  return value|
|grp_dot_product_M_fu_2152_p_din22  |  out|   32|  ap_ctrl_hs|  atom_selection_Pipeline_atom_loop|  return value|
|grp_dot_product_M_fu_2152_p_din23  |  out|   32|  ap_ctrl_hs|  atom_selection_Pipeline_atom_loop|  return value|
|grp_dot_product_M_fu_2152_p_din24  |  out|   32|  ap_ctrl_hs|  atom_selection_Pipeline_atom_loop|  return value|
|grp_dot_product_M_fu_2152_p_din25  |  out|   32|  ap_ctrl_hs|  atom_selection_Pipeline_atom_loop|  return value|
|grp_dot_product_M_fu_2152_p_din26  |  out|   32|  ap_ctrl_hs|  atom_selection_Pipeline_atom_loop|  return value|
|grp_dot_product_M_fu_2152_p_din27  |  out|   32|  ap_ctrl_hs|  atom_selection_Pipeline_atom_loop|  return value|
|grp_dot_product_M_fu_2152_p_din28  |  out|   32|  ap_ctrl_hs|  atom_selection_Pipeline_atom_loop|  return value|
|grp_dot_product_M_fu_2152_p_din29  |  out|   32|  ap_ctrl_hs|  atom_selection_Pipeline_atom_loop|  return value|
|grp_dot_product_M_fu_2152_p_din30  |  out|   32|  ap_ctrl_hs|  atom_selection_Pipeline_atom_loop|  return value|
|grp_dot_product_M_fu_2152_p_din31  |  out|   32|  ap_ctrl_hs|  atom_selection_Pipeline_atom_loop|  return value|
|grp_dot_product_M_fu_2152_p_din32  |  out|   32|  ap_ctrl_hs|  atom_selection_Pipeline_atom_loop|  return value|
|grp_dot_product_M_fu_2152_p_din33  |  out|   32|  ap_ctrl_hs|  atom_selection_Pipeline_atom_loop|  return value|
|grp_dot_product_M_fu_2152_p_din34  |  out|   32|  ap_ctrl_hs|  atom_selection_Pipeline_atom_loop|  return value|
|grp_dot_product_M_fu_2152_p_din35  |  out|   32|  ap_ctrl_hs|  atom_selection_Pipeline_atom_loop|  return value|
|grp_dot_product_M_fu_2152_p_din36  |  out|   32|  ap_ctrl_hs|  atom_selection_Pipeline_atom_loop|  return value|
|grp_dot_product_M_fu_2152_p_din37  |  out|   32|  ap_ctrl_hs|  atom_selection_Pipeline_atom_loop|  return value|
|grp_dot_product_M_fu_2152_p_din38  |  out|   32|  ap_ctrl_hs|  atom_selection_Pipeline_atom_loop|  return value|
|grp_dot_product_M_fu_2152_p_din39  |  out|   32|  ap_ctrl_hs|  atom_selection_Pipeline_atom_loop|  return value|
|grp_dot_product_M_fu_2152_p_din40  |  out|   32|  ap_ctrl_hs|  atom_selection_Pipeline_atom_loop|  return value|
|grp_dot_product_M_fu_2152_p_din41  |  out|   32|  ap_ctrl_hs|  atom_selection_Pipeline_atom_loop|  return value|
|grp_dot_product_M_fu_2152_p_din42  |  out|   32|  ap_ctrl_hs|  atom_selection_Pipeline_atom_loop|  return value|
|grp_dot_product_M_fu_2152_p_din43  |  out|   32|  ap_ctrl_hs|  atom_selection_Pipeline_atom_loop|  return value|
|grp_dot_product_M_fu_2152_p_din44  |  out|   32|  ap_ctrl_hs|  atom_selection_Pipeline_atom_loop|  return value|
|grp_dot_product_M_fu_2152_p_din45  |  out|   32|  ap_ctrl_hs|  atom_selection_Pipeline_atom_loop|  return value|
|grp_dot_product_M_fu_2152_p_din46  |  out|   32|  ap_ctrl_hs|  atom_selection_Pipeline_atom_loop|  return value|
|grp_dot_product_M_fu_2152_p_din47  |  out|   32|  ap_ctrl_hs|  atom_selection_Pipeline_atom_loop|  return value|
|grp_dot_product_M_fu_2152_p_din48  |  out|   32|  ap_ctrl_hs|  atom_selection_Pipeline_atom_loop|  return value|
|grp_dot_product_M_fu_2152_p_din49  |  out|   32|  ap_ctrl_hs|  atom_selection_Pipeline_atom_loop|  return value|
|grp_dot_product_M_fu_2152_p_din50  |  out|   32|  ap_ctrl_hs|  atom_selection_Pipeline_atom_loop|  return value|
|grp_dot_product_M_fu_2152_p_din51  |  out|   32|  ap_ctrl_hs|  atom_selection_Pipeline_atom_loop|  return value|
|grp_dot_product_M_fu_2152_p_din52  |  out|   32|  ap_ctrl_hs|  atom_selection_Pipeline_atom_loop|  return value|
|grp_dot_product_M_fu_2152_p_din53  |  out|   32|  ap_ctrl_hs|  atom_selection_Pipeline_atom_loop|  return value|
|grp_dot_product_M_fu_2152_p_din54  |  out|   32|  ap_ctrl_hs|  atom_selection_Pipeline_atom_loop|  return value|
|grp_dot_product_M_fu_2152_p_din55  |  out|   32|  ap_ctrl_hs|  atom_selection_Pipeline_atom_loop|  return value|
|grp_dot_product_M_fu_2152_p_din56  |  out|   32|  ap_ctrl_hs|  atom_selection_Pipeline_atom_loop|  return value|
|grp_dot_product_M_fu_2152_p_din57  |  out|   32|  ap_ctrl_hs|  atom_selection_Pipeline_atom_loop|  return value|
|grp_dot_product_M_fu_2152_p_din58  |  out|   32|  ap_ctrl_hs|  atom_selection_Pipeline_atom_loop|  return value|
|grp_dot_product_M_fu_2152_p_din59  |  out|   32|  ap_ctrl_hs|  atom_selection_Pipeline_atom_loop|  return value|
|grp_dot_product_M_fu_2152_p_din60  |  out|   32|  ap_ctrl_hs|  atom_selection_Pipeline_atom_loop|  return value|
|grp_dot_product_M_fu_2152_p_din61  |  out|   32|  ap_ctrl_hs|  atom_selection_Pipeline_atom_loop|  return value|
|grp_dot_product_M_fu_2152_p_din62  |  out|   32|  ap_ctrl_hs|  atom_selection_Pipeline_atom_loop|  return value|
|grp_dot_product_M_fu_2152_p_din63  |  out|   32|  ap_ctrl_hs|  atom_selection_Pipeline_atom_loop|  return value|
|grp_dot_product_M_fu_2152_p_din64  |  out|   32|  ap_ctrl_hs|  atom_selection_Pipeline_atom_loop|  return value|
|grp_dot_product_M_fu_2152_p_din65  |  out|   32|  ap_ctrl_hs|  atom_selection_Pipeline_atom_loop|  return value|
|grp_dot_product_M_fu_2152_p_din66  |  out|   32|  ap_ctrl_hs|  atom_selection_Pipeline_atom_loop|  return value|
|grp_dot_product_M_fu_2152_p_din67  |  out|   32|  ap_ctrl_hs|  atom_selection_Pipeline_atom_loop|  return value|
|grp_dot_product_M_fu_2152_p_din68  |  out|   32|  ap_ctrl_hs|  atom_selection_Pipeline_atom_loop|  return value|
|grp_dot_product_M_fu_2152_p_din69  |  out|   32|  ap_ctrl_hs|  atom_selection_Pipeline_atom_loop|  return value|
|grp_dot_product_M_fu_2152_p_din70  |  out|   32|  ap_ctrl_hs|  atom_selection_Pipeline_atom_loop|  return value|
|grp_dot_product_M_fu_2152_p_din71  |  out|   32|  ap_ctrl_hs|  atom_selection_Pipeline_atom_loop|  return value|
|grp_dot_product_M_fu_2152_p_din72  |  out|   32|  ap_ctrl_hs|  atom_selection_Pipeline_atom_loop|  return value|
|grp_dot_product_M_fu_2152_p_din73  |  out|   32|  ap_ctrl_hs|  atom_selection_Pipeline_atom_loop|  return value|
|grp_dot_product_M_fu_2152_p_din74  |  out|   32|  ap_ctrl_hs|  atom_selection_Pipeline_atom_loop|  return value|
|grp_dot_product_M_fu_2152_p_din75  |  out|   32|  ap_ctrl_hs|  atom_selection_Pipeline_atom_loop|  return value|
|grp_dot_product_M_fu_2152_p_din76  |  out|   32|  ap_ctrl_hs|  atom_selection_Pipeline_atom_loop|  return value|
|grp_dot_product_M_fu_2152_p_din77  |  out|   32|  ap_ctrl_hs|  atom_selection_Pipeline_atom_loop|  return value|
|grp_dot_product_M_fu_2152_p_din78  |  out|   32|  ap_ctrl_hs|  atom_selection_Pipeline_atom_loop|  return value|
|grp_dot_product_M_fu_2152_p_din79  |  out|   32|  ap_ctrl_hs|  atom_selection_Pipeline_atom_loop|  return value|
|grp_dot_product_M_fu_2152_p_din80  |  out|   32|  ap_ctrl_hs|  atom_selection_Pipeline_atom_loop|  return value|
|grp_dot_product_M_fu_2152_p_din81  |  out|   32|  ap_ctrl_hs|  atom_selection_Pipeline_atom_loop|  return value|
|grp_dot_product_M_fu_2152_p_din82  |  out|   32|  ap_ctrl_hs|  atom_selection_Pipeline_atom_loop|  return value|
|grp_dot_product_M_fu_2152_p_din83  |  out|   32|  ap_ctrl_hs|  atom_selection_Pipeline_atom_loop|  return value|
|grp_dot_product_M_fu_2152_p_din84  |  out|   32|  ap_ctrl_hs|  atom_selection_Pipeline_atom_loop|  return value|
|grp_dot_product_M_fu_2152_p_din85  |  out|   32|  ap_ctrl_hs|  atom_selection_Pipeline_atom_loop|  return value|
|grp_dot_product_M_fu_2152_p_din86  |  out|   32|  ap_ctrl_hs|  atom_selection_Pipeline_atom_loop|  return value|
|grp_dot_product_M_fu_2152_p_din87  |  out|   32|  ap_ctrl_hs|  atom_selection_Pipeline_atom_loop|  return value|
|grp_dot_product_M_fu_2152_p_din88  |  out|   32|  ap_ctrl_hs|  atom_selection_Pipeline_atom_loop|  return value|
|grp_dot_product_M_fu_2152_p_din89  |  out|   32|  ap_ctrl_hs|  atom_selection_Pipeline_atom_loop|  return value|
|grp_dot_product_M_fu_2152_p_din90  |  out|   32|  ap_ctrl_hs|  atom_selection_Pipeline_atom_loop|  return value|
|grp_dot_product_M_fu_2152_p_din91  |  out|   32|  ap_ctrl_hs|  atom_selection_Pipeline_atom_loop|  return value|
|grp_dot_product_M_fu_2152_p_din92  |  out|   32|  ap_ctrl_hs|  atom_selection_Pipeline_atom_loop|  return value|
|grp_dot_product_M_fu_2152_p_din93  |  out|   32|  ap_ctrl_hs|  atom_selection_Pipeline_atom_loop|  return value|
|grp_dot_product_M_fu_2152_p_din94  |  out|   32|  ap_ctrl_hs|  atom_selection_Pipeline_atom_loop|  return value|
|grp_dot_product_M_fu_2152_p_din95  |  out|   32|  ap_ctrl_hs|  atom_selection_Pipeline_atom_loop|  return value|
|grp_dot_product_M_fu_2152_p_din96  |  out|   32|  ap_ctrl_hs|  atom_selection_Pipeline_atom_loop|  return value|
|grp_dot_product_M_fu_2152_p_dout0  |   in|   32|  ap_ctrl_hs|  atom_selection_Pipeline_atom_loop|  return value|
|grp_dot_product_M_fu_2152_p_ce     |  out|    1|  ap_ctrl_hs|  atom_selection_Pipeline_atom_loop|  return value|
|A_0_address0                       |  out|    7|   ap_memory|                                A_0|         array|
|A_0_ce0                            |  out|    1|   ap_memory|                                A_0|         array|
|A_0_q0                             |   in|   32|   ap_memory|                                A_0|         array|
|A_1_address0                       |  out|    7|   ap_memory|                                A_1|         array|
|A_1_ce0                            |  out|    1|   ap_memory|                                A_1|         array|
|A_1_q0                             |   in|   32|   ap_memory|                                A_1|         array|
|A_2_address0                       |  out|    7|   ap_memory|                                A_2|         array|
|A_2_ce0                            |  out|    1|   ap_memory|                                A_2|         array|
|A_2_q0                             |   in|   32|   ap_memory|                                A_2|         array|
|A_3_address0                       |  out|    7|   ap_memory|                                A_3|         array|
|A_3_ce0                            |  out|    1|   ap_memory|                                A_3|         array|
|A_3_q0                             |   in|   32|   ap_memory|                                A_3|         array|
|A_4_address0                       |  out|    7|   ap_memory|                                A_4|         array|
|A_4_ce0                            |  out|    1|   ap_memory|                                A_4|         array|
|A_4_q0                             |   in|   32|   ap_memory|                                A_4|         array|
|A_5_address0                       |  out|    7|   ap_memory|                                A_5|         array|
|A_5_ce0                            |  out|    1|   ap_memory|                                A_5|         array|
|A_5_q0                             |   in|   32|   ap_memory|                                A_5|         array|
|A_6_address0                       |  out|    7|   ap_memory|                                A_6|         array|
|A_6_ce0                            |  out|    1|   ap_memory|                                A_6|         array|
|A_6_q0                             |   in|   32|   ap_memory|                                A_6|         array|
|A_7_address0                       |  out|    7|   ap_memory|                                A_7|         array|
|A_7_ce0                            |  out|    1|   ap_memory|                                A_7|         array|
|A_7_q0                             |   in|   32|   ap_memory|                                A_7|         array|
|A_8_address0                       |  out|    7|   ap_memory|                                A_8|         array|
|A_8_ce0                            |  out|    1|   ap_memory|                                A_8|         array|
|A_8_q0                             |   in|   32|   ap_memory|                                A_8|         array|
|A_9_address0                       |  out|    7|   ap_memory|                                A_9|         array|
|A_9_ce0                            |  out|    1|   ap_memory|                                A_9|         array|
|A_9_q0                             |   in|   32|   ap_memory|                                A_9|         array|
|A_10_address0                      |  out|    7|   ap_memory|                               A_10|         array|
|A_10_ce0                           |  out|    1|   ap_memory|                               A_10|         array|
|A_10_q0                            |   in|   32|   ap_memory|                               A_10|         array|
|A_11_address0                      |  out|    7|   ap_memory|                               A_11|         array|
|A_11_ce0                           |  out|    1|   ap_memory|                               A_11|         array|
|A_11_q0                            |   in|   32|   ap_memory|                               A_11|         array|
|A_12_address0                      |  out|    7|   ap_memory|                               A_12|         array|
|A_12_ce0                           |  out|    1|   ap_memory|                               A_12|         array|
|A_12_q0                            |   in|   32|   ap_memory|                               A_12|         array|
|A_13_address0                      |  out|    7|   ap_memory|                               A_13|         array|
|A_13_ce0                           |  out|    1|   ap_memory|                               A_13|         array|
|A_13_q0                            |   in|   32|   ap_memory|                               A_13|         array|
|A_14_address0                      |  out|    7|   ap_memory|                               A_14|         array|
|A_14_ce0                           |  out|    1|   ap_memory|                               A_14|         array|
|A_14_q0                            |   in|   32|   ap_memory|                               A_14|         array|
|A_15_address0                      |  out|    7|   ap_memory|                               A_15|         array|
|A_15_ce0                           |  out|    1|   ap_memory|                               A_15|         array|
|A_15_q0                            |   in|   32|   ap_memory|                               A_15|         array|
|A_16_address0                      |  out|    7|   ap_memory|                               A_16|         array|
|A_16_ce0                           |  out|    1|   ap_memory|                               A_16|         array|
|A_16_q0                            |   in|   32|   ap_memory|                               A_16|         array|
|A_17_address0                      |  out|    7|   ap_memory|                               A_17|         array|
|A_17_ce0                           |  out|    1|   ap_memory|                               A_17|         array|
|A_17_q0                            |   in|   32|   ap_memory|                               A_17|         array|
|A_18_address0                      |  out|    7|   ap_memory|                               A_18|         array|
|A_18_ce0                           |  out|    1|   ap_memory|                               A_18|         array|
|A_18_q0                            |   in|   32|   ap_memory|                               A_18|         array|
|A_19_address0                      |  out|    7|   ap_memory|                               A_19|         array|
|A_19_ce0                           |  out|    1|   ap_memory|                               A_19|         array|
|A_19_q0                            |   in|   32|   ap_memory|                               A_19|         array|
|A_20_address0                      |  out|    7|   ap_memory|                               A_20|         array|
|A_20_ce0                           |  out|    1|   ap_memory|                               A_20|         array|
|A_20_q0                            |   in|   32|   ap_memory|                               A_20|         array|
|A_21_address0                      |  out|    7|   ap_memory|                               A_21|         array|
|A_21_ce0                           |  out|    1|   ap_memory|                               A_21|         array|
|A_21_q0                            |   in|   32|   ap_memory|                               A_21|         array|
|A_22_address0                      |  out|    7|   ap_memory|                               A_22|         array|
|A_22_ce0                           |  out|    1|   ap_memory|                               A_22|         array|
|A_22_q0                            |   in|   32|   ap_memory|                               A_22|         array|
|A_23_address0                      |  out|    7|   ap_memory|                               A_23|         array|
|A_23_ce0                           |  out|    1|   ap_memory|                               A_23|         array|
|A_23_q0                            |   in|   32|   ap_memory|                               A_23|         array|
|A_24_address0                      |  out|    7|   ap_memory|                               A_24|         array|
|A_24_ce0                           |  out|    1|   ap_memory|                               A_24|         array|
|A_24_q0                            |   in|   32|   ap_memory|                               A_24|         array|
|A_25_address0                      |  out|    7|   ap_memory|                               A_25|         array|
|A_25_ce0                           |  out|    1|   ap_memory|                               A_25|         array|
|A_25_q0                            |   in|   32|   ap_memory|                               A_25|         array|
|A_26_address0                      |  out|    7|   ap_memory|                               A_26|         array|
|A_26_ce0                           |  out|    1|   ap_memory|                               A_26|         array|
|A_26_q0                            |   in|   32|   ap_memory|                               A_26|         array|
|A_27_address0                      |  out|    7|   ap_memory|                               A_27|         array|
|A_27_ce0                           |  out|    1|   ap_memory|                               A_27|         array|
|A_27_q0                            |   in|   32|   ap_memory|                               A_27|         array|
|A_28_address0                      |  out|    7|   ap_memory|                               A_28|         array|
|A_28_ce0                           |  out|    1|   ap_memory|                               A_28|         array|
|A_28_q0                            |   in|   32|   ap_memory|                               A_28|         array|
|A_29_address0                      |  out|    7|   ap_memory|                               A_29|         array|
|A_29_ce0                           |  out|    1|   ap_memory|                               A_29|         array|
|A_29_q0                            |   in|   32|   ap_memory|                               A_29|         array|
|A_30_address0                      |  out|    7|   ap_memory|                               A_30|         array|
|A_30_ce0                           |  out|    1|   ap_memory|                               A_30|         array|
|A_30_q0                            |   in|   32|   ap_memory|                               A_30|         array|
|A_31_address0                      |  out|    7|   ap_memory|                               A_31|         array|
|A_31_ce0                           |  out|    1|   ap_memory|                               A_31|         array|
|A_31_q0                            |   in|   32|   ap_memory|                               A_31|         array|
|A_32_address0                      |  out|    7|   ap_memory|                               A_32|         array|
|A_32_ce0                           |  out|    1|   ap_memory|                               A_32|         array|
|A_32_q0                            |   in|   32|   ap_memory|                               A_32|         array|
|A_33_address0                      |  out|    7|   ap_memory|                               A_33|         array|
|A_33_ce0                           |  out|    1|   ap_memory|                               A_33|         array|
|A_33_q0                            |   in|   32|   ap_memory|                               A_33|         array|
|A_34_address0                      |  out|    7|   ap_memory|                               A_34|         array|
|A_34_ce0                           |  out|    1|   ap_memory|                               A_34|         array|
|A_34_q0                            |   in|   32|   ap_memory|                               A_34|         array|
|A_35_address0                      |  out|    7|   ap_memory|                               A_35|         array|
|A_35_ce0                           |  out|    1|   ap_memory|                               A_35|         array|
|A_35_q0                            |   in|   32|   ap_memory|                               A_35|         array|
|A_36_address0                      |  out|    7|   ap_memory|                               A_36|         array|
|A_36_ce0                           |  out|    1|   ap_memory|                               A_36|         array|
|A_36_q0                            |   in|   32|   ap_memory|                               A_36|         array|
|A_37_address0                      |  out|    7|   ap_memory|                               A_37|         array|
|A_37_ce0                           |  out|    1|   ap_memory|                               A_37|         array|
|A_37_q0                            |   in|   32|   ap_memory|                               A_37|         array|
|A_38_address0                      |  out|    7|   ap_memory|                               A_38|         array|
|A_38_ce0                           |  out|    1|   ap_memory|                               A_38|         array|
|A_38_q0                            |   in|   32|   ap_memory|                               A_38|         array|
|A_39_address0                      |  out|    7|   ap_memory|                               A_39|         array|
|A_39_ce0                           |  out|    1|   ap_memory|                               A_39|         array|
|A_39_q0                            |   in|   32|   ap_memory|                               A_39|         array|
|A_40_address0                      |  out|    7|   ap_memory|                               A_40|         array|
|A_40_ce0                           |  out|    1|   ap_memory|                               A_40|         array|
|A_40_q0                            |   in|   32|   ap_memory|                               A_40|         array|
|A_41_address0                      |  out|    7|   ap_memory|                               A_41|         array|
|A_41_ce0                           |  out|    1|   ap_memory|                               A_41|         array|
|A_41_q0                            |   in|   32|   ap_memory|                               A_41|         array|
|A_42_address0                      |  out|    7|   ap_memory|                               A_42|         array|
|A_42_ce0                           |  out|    1|   ap_memory|                               A_42|         array|
|A_42_q0                            |   in|   32|   ap_memory|                               A_42|         array|
|A_43_address0                      |  out|    7|   ap_memory|                               A_43|         array|
|A_43_ce0                           |  out|    1|   ap_memory|                               A_43|         array|
|A_43_q0                            |   in|   32|   ap_memory|                               A_43|         array|
|A_44_address0                      |  out|    7|   ap_memory|                               A_44|         array|
|A_44_ce0                           |  out|    1|   ap_memory|                               A_44|         array|
|A_44_q0                            |   in|   32|   ap_memory|                               A_44|         array|
|A_45_address0                      |  out|    7|   ap_memory|                               A_45|         array|
|A_45_ce0                           |  out|    1|   ap_memory|                               A_45|         array|
|A_45_q0                            |   in|   32|   ap_memory|                               A_45|         array|
|A_46_address0                      |  out|    7|   ap_memory|                               A_46|         array|
|A_46_ce0                           |  out|    1|   ap_memory|                               A_46|         array|
|A_46_q0                            |   in|   32|   ap_memory|                               A_46|         array|
|A_47_address0                      |  out|    7|   ap_memory|                               A_47|         array|
|A_47_ce0                           |  out|    1|   ap_memory|                               A_47|         array|
|A_47_q0                            |   in|   32|   ap_memory|                               A_47|         array|
|r_0_val1                           |   in|   32|     ap_none|                           r_0_val1|        scalar|
|r_1_val2                           |   in|   32|     ap_none|                           r_1_val2|        scalar|
|r_2_val3                           |   in|   32|     ap_none|                           r_2_val3|        scalar|
|r_3_val4                           |   in|   32|     ap_none|                           r_3_val4|        scalar|
|r_4_val5                           |   in|   32|     ap_none|                           r_4_val5|        scalar|
|r_5_val6                           |   in|   32|     ap_none|                           r_5_val6|        scalar|
|r_6_val7                           |   in|   32|     ap_none|                           r_6_val7|        scalar|
|r_7_val8                           |   in|   32|     ap_none|                           r_7_val8|        scalar|
|r_8_val9                           |   in|   32|     ap_none|                           r_8_val9|        scalar|
|r_9_val10                          |   in|   32|     ap_none|                          r_9_val10|        scalar|
|r_10_val11                         |   in|   32|     ap_none|                         r_10_val11|        scalar|
|r_11_val12                         |   in|   32|     ap_none|                         r_11_val12|        scalar|
|r_12_val13                         |   in|   32|     ap_none|                         r_12_val13|        scalar|
|r_13_val14                         |   in|   32|     ap_none|                         r_13_val14|        scalar|
|r_14_val15                         |   in|   32|     ap_none|                         r_14_val15|        scalar|
|r_15_val16                         |   in|   32|     ap_none|                         r_15_val16|        scalar|
|r_16_val17                         |   in|   32|     ap_none|                         r_16_val17|        scalar|
|r_17_val18                         |   in|   32|     ap_none|                         r_17_val18|        scalar|
|r_18_val19                         |   in|   32|     ap_none|                         r_18_val19|        scalar|
|r_19_val20                         |   in|   32|     ap_none|                         r_19_val20|        scalar|
|r_20_val21                         |   in|   32|     ap_none|                         r_20_val21|        scalar|
|r_21_val22                         |   in|   32|     ap_none|                         r_21_val22|        scalar|
|r_22_val23                         |   in|   32|     ap_none|                         r_22_val23|        scalar|
|r_23_val24                         |   in|   32|     ap_none|                         r_23_val24|        scalar|
|r_24_val25                         |   in|   32|     ap_none|                         r_24_val25|        scalar|
|r_25_val26                         |   in|   32|     ap_none|                         r_25_val26|        scalar|
|r_26_val27                         |   in|   32|     ap_none|                         r_26_val27|        scalar|
|r_27_val28                         |   in|   32|     ap_none|                         r_27_val28|        scalar|
|r_28_val29                         |   in|   32|     ap_none|                         r_28_val29|        scalar|
|r_29_val30                         |   in|   32|     ap_none|                         r_29_val30|        scalar|
|r_30_val31                         |   in|   32|     ap_none|                         r_30_val31|        scalar|
|r_31_val32                         |   in|   32|     ap_none|                         r_31_val32|        scalar|
|r_32_val33                         |   in|   32|     ap_none|                         r_32_val33|        scalar|
|r_33_val34                         |   in|   32|     ap_none|                         r_33_val34|        scalar|
|r_34_val35                         |   in|   32|     ap_none|                         r_34_val35|        scalar|
|r_35_val36                         |   in|   32|     ap_none|                         r_35_val36|        scalar|
|r_36_val37                         |   in|   32|     ap_none|                         r_36_val37|        scalar|
|r_37_val38                         |   in|   32|     ap_none|                         r_37_val38|        scalar|
|r_38_val39                         |   in|   32|     ap_none|                         r_38_val39|        scalar|
|r_39_val40                         |   in|   32|     ap_none|                         r_39_val40|        scalar|
|r_40_val41                         |   in|   32|     ap_none|                         r_40_val41|        scalar|
|r_41_val42                         |   in|   32|     ap_none|                         r_41_val42|        scalar|
|r_42_val43                         |   in|   32|     ap_none|                         r_42_val43|        scalar|
|r_43_val44                         |   in|   32|     ap_none|                         r_43_val44|        scalar|
|r_44_val45                         |   in|   32|     ap_none|                         r_44_val45|        scalar|
|r_45_val46                         |   in|   32|     ap_none|                         r_45_val46|        scalar|
|r_46_val47                         |   in|   32|     ap_none|                         r_46_val47|        scalar|
|r_47_val48                         |   in|   32|     ap_none|                         r_47_val48|        scalar|
|idx_out                            |  out|   32|      ap_vld|                            idx_out|       pointer|
|idx_out_ap_vld                     |  out|    1|      ap_vld|                            idx_out|       pointer|
+-----------------------------------+-----+-----+------------+-----------------------------------+--------------+

