#-----------------------------------------------------------
# Vivado v2023.1 (64-bit)
# SW Build 3865809 on Sun May  7 15:04:56 MDT 2023
# IP Build 3864474 on Sun May  7 20:36:21 MDT 2023
# SharedData Build 3865790 on Sun May 07 13:33:03 MDT 2023
# Start of session at: Sun Nov 23 17:45:58 2025
# Process ID: 25036
# Current directory: /home/pradyumna/Documents/sem7/HLS/project/OMP_HLS/solution1/.autopilot/db/ip_tmp
# Command line: vivado  -notrace -log vivado.log -mode batch -source run_vivado_gen_ip.tcl
# Log file: /home/pradyumna/Documents/sem7/HLS/project/OMP_HLS/solution1/.autopilot/db/ip_tmp/vivado.log
# Journal file: /home/pradyumna/Documents/sem7/HLS/project/OMP_HLS/solution1/.autopilot/db/ip_tmp/vivado.jou
# Running On: pradyumna-IdeaPad-3-15ALC6-Ub, OS: Linux, CPU Frequency: 1796.287 MHz, CPU Physical cores: 12, Host memory: 6048 MB
#-----------------------------------------------------------
source run_vivado_gen_ip.tcl -notrace
create_project: Time (s): cpu = 00:00:06 ; elapsed = 00:00:06 . Memory (MB): peak = 1267.547 ; gain = 25.023 ; free physical = 203 ; free virtual = 1929
INFO: [IP_Flow 19-234] Refreshing IP repositories
INFO: [IP_Flow 19-1704] No user IP repositories specified
INFO: [IP_Flow 19-2313] Loaded Vivado IP repository '/home/pradyumna/xilinx/Vivado/2023.1/data/ip'.
INFO: [IP_Flow 19-1686] Generating 'Synthesis' target for IP 'omp_reconstruction_fdiv_32ns_32ns_32_6_no_dsp_1_ip'...
INFO: [IP_Flow 19-1686] Generating 'Simulation' target for IP 'omp_reconstruction_fdiv_32ns_32ns_32_6_no_dsp_1_ip'...
INFO: [IP_Flow 19-1686] Generating 'Synthesis' target for IP 'omp_reconstruction_fsqrt_32ns_32ns_32_5_no_dsp_1_ip'...
INFO: [IP_Flow 19-1686] Generating 'Simulation' target for IP 'omp_reconstruction_fsqrt_32ns_32ns_32_5_no_dsp_1_ip'...
INFO: [IP_Flow 19-1686] Generating 'Synthesis' target for IP 'omp_reconstruction_fmul_32ns_32ns_32_2_max_dsp_1_ip'...
INFO: [IP_Flow 19-1686] Generating 'Simulation' target for IP 'omp_reconstruction_fmul_32ns_32ns_32_2_max_dsp_1_ip'...
INFO: [IP_Flow 19-1686] Generating 'Synthesis' target for IP 'omp_reconstruction_fmul_32ns_32ns_32_2_max_dsp_0_ip'...
INFO: [IP_Flow 19-1686] Generating 'Simulation' target for IP 'omp_reconstruction_fmul_32ns_32ns_32_2_max_dsp_0_ip'...
INFO: [IP_Flow 19-1686] Generating 'Synthesis' target for IP 'omp_reconstruction_fadd_32ns_32ns_32_2_full_dsp_0_ip'...
INFO: [IP_Flow 19-1686] Generating 'Simulation' target for IP 'omp_reconstruction_fadd_32ns_32ns_32_2_full_dsp_0_ip'...
INFO: [IP_Flow 19-1686] Generating 'Synthesis' target for IP 'omp_reconstruction_fcmp_32ns_32ns_1_1_no_dsp_1_ip'...
INFO: [IP_Flow 19-1686] Generating 'Simulation' target for IP 'omp_reconstruction_fcmp_32ns_32ns_1_1_no_dsp_1_ip'...
INFO: [IP_Flow 19-1686] Generating 'Synthesis' target for IP 'omp_reconstruction_fadd_32ns_32ns_32_2_full_dsp_1_ip'...
INFO: [IP_Flow 19-1686] Generating 'Simulation' target for IP 'omp_reconstruction_fadd_32ns_32ns_32_2_full_dsp_1_ip'...
INFO: [IP_Flow 19-1686] Generating 'Synthesis' target for IP 'omp_reconstruction_faddfsub_32ns_32ns_32_2_full_dsp_1_ip'...
INFO: [IP_Flow 19-1686] Generating 'Simulation' target for IP 'omp_reconstruction_faddfsub_32ns_32ns_32_2_full_dsp_1_ip'...
INFO: [Common 17-206] Exiting Vivado at Sun Nov 23 17:46:14 2025...
